Mensaje I / 00:00:00:000 / Root(00) para top(01)
Mensaje I / 00:00:00:000 / top(01) para ue1(02)
Mensaje D / 00:00:00:000 / ue1(02) / 00:00:00:000 para top(01)
Mensaje D / 00:00:00:000 / top(01) / 00:00:00:000 para Root(00)
Mensaje * / 00:00:00:000 / Root(00) para top(01)
Mensaje * / 00:00:00:000 / top(01) para ue1(02)
Mensaje D / 00:00:00:000 / ue1(02) / 00:00:00:050 para top(01)
Mensaje D / 00:00:00:000 / top(01) / 00:00:00:050 para Root(00)
Mensaje X / 00:00:00:025 / Root(00) / in / 910000.00000 para top(01)
Mensaje X / 00:00:00:025 / top(01) / in / 910000.00000 para ue1(02)
Mensaje D / 00:00:00:025 / ue1(02) / 00:00:00:010 para top(01)
Mensaje D / 00:00:00:025 / top(01) / 00:00:00:010 para Root(00)
Mensaje * / 00:00:00:035 / Root(00) para top(01)
Mensaje * / 00:00:00:035 / top(01) para ue1(02)
Mensaje Y / 00:00:00:035 / ue1(02) / out / 910001.00000 para top(01)
Mensaje D / 00:00:00:035 / ue1(02) / 00:00:00:000 para top(01)
Mensaje Y / 00:00:00:035 / top(01) / out / 910001.00000 para Root(00)
Mensaje D / 00:00:00:035 / top(01) / 00:00:00:000 para Root(00)
Mensaje * / 00:00:00:035 / Root(00) para top(01)
Mensaje * / 00:00:00:035 / top(01) para ue1(02)
Mensaje D / 00:00:00:035 / ue1(02) / 00:00:00:050 para top(01)
Mensaje D / 00:00:00:035 / top(01) / 00:00:00:050 para Root(00)
Mensaje X / 00:00:00:040 / Root(00) / in / 910002.00000 para top(01)
Mensaje X / 00:00:00:040 / top(01) / in / 910002.00000 para ue1(02)
Mensaje D / 00:00:00:040 / ue1(02) / 00:00:00:010 para top(01)
Mensaje D / 00:00:00:040 / top(01) / 00:00:00:010 para Root(00)
Mensaje * / 00:00:00:050 / Root(00) para top(01)
Mensaje * / 00:00:00:050 / top(01) para ue1(02)
Mensaje Y / 00:00:00:050 / ue1(02) / out / 910003.00000 para top(01)
Mensaje D / 00:00:00:050 / ue1(02) / 00:00:00:000 para top(01)
Mensaje Y / 00:00:00:050 / top(01) / out / 910003.00000 para Root(00)
Mensaje D / 00:00:00:050 / top(01) / 00:00:00:000 para Root(00)
Mensaje * / 00:00:00:050 / Root(00) para top(01)
Mensaje * / 00:00:00:050 / top(01) para ue1(02)
Mensaje D / 00:00:00:050 / ue1(02) / 00:00:00:050 para top(01)
Mensaje D / 00:00:00:050 / top(01) / 00:00:00:050 para Root(00)
Mensaje * / 00:00:00:100 / Root(00) para top(01)
Mensaje * / 00:00:00:100 / top(01) para ue1(02)
Mensaje Y / 00:00:00:100 / ue1(02) / out / 120002.00000 para top(01)
Mensaje D / 00:00:00:100 / ue1(02) / 00:00:00:000 para top(01)
Mensaje Y / 00:00:00:100 / top(01) / out / 120002.00000 para Root(00)
Mensaje D / 00:00:00:100 / top(01) / 00:00:00:000 para Root(00)
Mensaje * / 00:00:00:100 / Root(00) para top(01)
Mensaje * / 00:00:00:100 / top(01) para ue1(02)
Mensaje D / 00:00:00:100 / ue1(02) / 00:00:00:050 para top(01)
Mensaje D / 00:00:00:100 / top(01) / 00:00:00:050 para Root(00)
Mensaje * / 00:00:00:150 / Root(00) para top(01)
Mensaje * / 00:00:00:150 / top(01) para ue1(02)
Mensaje Y / 00:00:00:150 / ue1(02) / out / 120004.00000 para top(01)
Mensaje D / 00:00:00:150 / ue1(02) / 00:00:00:000 para top(01)
Mensaje Y / 00:00:00:150 / top(01) / out / 120004.00000 para Root(00)
Mensaje D / 00:00:00:150 / top(01) / 00:00:00:000 para Root(00)
Mensaje * / 00:00:00:150 / Root(00) para top(01)
Mensaje * / 00:00:00:150 / top(01) para ue1(02)
Mensaje D / 00:00:00:150 / ue1(02) / 00:00:00:050 para top(01)
Mensaje D / 00:00:00:150 / top(01) / 00:00:00:050 para Root(00)
Mensaje * / 00:00:00:200 / Root(00) para top(01)
Mensaje * / 00:00:00:200 / top(01) para ue1(02)
Mensaje Y / 00:00:00:200 / ue1(02) / out / 120006.00000 para top(01)
Mensaje D / 00:00:00:200 / ue1(02) / 00:00:00:000 para top(01)
Mensaje Y / 00:00:00:200 / top(01) / out / 120006.00000 para Root(00)
Mensaje D / 00:00:00:200 / top(01) / 00:00:00:000 para Root(00)
Mensaje * / 00:00:00:200 / Root(00) para top(01)
Mensaje * / 00:00:00:200 / top(01) para ue1(02)
Mensaje D / 00:00:00:200 / ue1(02) / 00:00:00:050 para top(01)
Mensaje D / 00:00:00:200 / top(01) / 00:00:00:050 para Root(00)
Mensaje * / 00:00:00:250 / Root(00) para top(01)
Mensaje * / 00:00:00:250 / top(01) para ue1(02)
Mensaje Y / 00:00:00:250 / ue1(02) / out / 120008.00000 para top(01)
Mensaje D / 00:00:00:250 / ue1(02) / 00:00:00:000 para top(01)
Mensaje Y / 00:00:00:250 / top(01) / out / 120008.00000 para Root(00)
Mensaje D / 00:00:00:250 / top(01) / 00:00:00:000 para Root(00)
Mensaje * / 00:00:00:250 / Root(00) para top(01)
Mensaje * / 00:00:00:250 / top(01) para ue1(02)
Mensaje D / 00:00:00:250 / ue1(02) / 00:00:00:050 para top(01)
Mensaje D / 00:00:00:250 / top(01) / 00:00:00:050 para Root(00)
Mensaje * / 00:00:00:300 / Root(00) para top(01)
Mensaje * / 00:00:00:300 / top(01) para ue1(02)
Mensaje Y / 00:00:00:300 / ue1(02) / out / 120010.00000 para top(01)
Mensaje D / 00:00:00:300 / ue1(02) / 00:00:00:000 para top(01)
Mensaje Y / 00:00:00:300 / top(01) / out / 120010.00000 para Root(00)
Mensaje D / 00:00:00:300 / top(01) / 00:00:00:000 para Root(00)
Mensaje * / 00:00:00:300 / Root(00) para top(01)
Mensaje * / 00:00:00:300 / top(01) para ue1(02)
Mensaje D / 00:00:00:300 / ue1(02) / 00:00:00:050 para top(01)
Mensaje D / 00:00:00:300 / top(01) / 00:00:00:050 para Root(00)
Mensaje * / 00:00:00:350 / Root(00) para top(01)
Mensaje * / 00:00:00:350 / top(01) para ue1(02)
Mensaje Y / 00:00:00:350 / ue1(02) / out / 120012.00000 para top(01)
Mensaje D / 00:00:00:350 / ue1(02) / 00:00:00:000 para top(01)
Mensaje Y / 00:00:00:350 / top(01) / out / 120012.00000 para Root(00)
Mensaje D / 00:00:00:350 / top(01) / 00:00:00:000 para Root(00)
Mensaje * / 00:00:00:350 / Root(00) para top(01)
Mensaje * / 00:00:00:350 / top(01) para ue1(02)
Mensaje D / 00:00:00:350 / ue1(02) / 00:00:00:050 para top(01)
Mensaje D / 00:00:00:350 / top(01) / 00:00:00:050 para Root(00)
Mensaje * / 00:00:00:400 / Root(00) para top(01)
Mensaje * / 00:00:00:400 / top(01) para ue1(02)
Mensaje Y / 00:00:00:400 / ue1(02) / out / 120014.00000 para top(01)
Mensaje D / 00:00:00:400 / ue1(02) / 00:00:00:000 para top(01)
Mensaje Y / 00:00:00:400 / top(01) / out / 120014.00000 para Root(00)
Mensaje D / 00:00:00:400 / top(01) / 00:00:00:000 para Root(00)
Mensaje * / 00:00:00:400 / Root(00) para top(01)
Mensaje * / 00:00:00:400 / top(01) para ue1(02)
Mensaje D / 00:00:00:400 / ue1(02) / 00:00:00:050 para top(01)
Mensaje D / 00:00:00:400 / top(01) / 00:00:00:050 para Root(00)
Mensaje * / 00:00:00:450 / Root(00) para top(01)
Mensaje * / 00:00:00:450 / top(01) para ue1(02)
Mensaje Y / 00:00:00:450 / ue1(02) / out / 120016.00000 para top(01)
Mensaje D / 00:00:00:450 / ue1(02) / 00:00:00:000 para top(01)
Mensaje Y / 00:00:00:450 / top(01) / out / 120016.00000 para Root(00)
Mensaje D / 00:00:00:450 / top(01) / 00:00:00:000 para Root(00)
Mensaje * / 00:00:00:450 / Root(00) para top(01)
Mensaje * / 00:00:00:450 / top(01) para ue1(02)
Mensaje D / 00:00:00:450 / ue1(02) / 00:00:00:050 para top(01)
Mensaje D / 00:00:00:450 / top(01) / 00:00:00:050 para Root(00)
Mensaje * / 00:00:00:500 / Root(00) para top(01)
Mensaje * / 00:00:00:500 / top(01) para ue1(02)
Mensaje Y / 00:00:00:500 / ue1(02) / out / 120018.00000 para top(01)
Mensaje D / 00:00:00:500 / ue1(02) / 00:00:00:000 para top(01)
Mensaje Y / 00:00:00:500 / top(01) / out / 120018.00000 para Root(00)
Mensaje D / 00:00:00:500 / top(01) / 00:00:00:000 para Root(00)
Mensaje * / 00:00:00:500 / Root(00) para top(01)
Mensaje * / 00:00:00:500 / top(01) para ue1(02)
Mensaje D / 00:00:00:500 / ue1(02) / 00:00:00:050 para top(01)
Mensaje D / 00:00:00:500 / top(01) / 00:00:00:050 para Root(00)
Mensaje * / 00:00:00:550 / Root(00) para top(01)
Mensaje * / 00:00:00:550 / top(01) para ue1(02)
Mensaje Y / 00:00:00:550 / ue1(02) / out / 120020.00000 para top(01)
Mensaje D / 00:00:00:550 / ue1(02) / 00:00:00:000 para top(01)
Mensaje Y / 00:00:00:550 / top(01) / out / 120020.00000 para Root(00)
Mensaje D / 00:00:00:550 / top(01) / 00:00:00:000 para Root(00)
Mensaje * / 00:00:00:550 / Root(00) para top(01)
Mensaje * / 00:00:00:550 / top(01) para ue1(02)
Mensaje D / 00:00:00:550 / ue1(02) / 00:00:00:050 para top(01)
Mensaje D / 00:00:00:550 / top(01) / 00:00:00:050 para Root(00)
Mensaje * / 00:00:00:600 / Root(00) para top(01)
Mensaje * / 00:00:00:600 / top(01) para ue1(02)
Mensaje Y / 00:00:00:600 / ue1(02) / out / 120022.00000 para top(01)
Mensaje D / 00:00:00:600 / ue1(02) / 00:00:00:000 para top(01)
Mensaje Y / 00:00:00:600 / top(01) / out / 120022.00000 para Root(00)
Mensaje D / 00:00:00:600 / top(01) / 00:00:00:000 para Root(00)
Mensaje * / 00:00:00:600 / Root(00) para top(01)
Mensaje * / 00:00:00:600 / top(01) para ue1(02)
Mensaje D / 00:00:00:600 / ue1(02) / 00:00:00:050 para top(01)
Mensaje D / 00:00:00:600 / top(01) / 00:00:00:050 para Root(00)
Mensaje * / 00:00:00:650 / Root(00) para top(01)
Mensaje * / 00:00:00:650 / top(01) para ue1(02)
Mensaje Y / 00:00:00:650 / ue1(02) / out / 120024.00000 para top(01)
Mensaje D / 00:00:00:650 / ue1(02) / 00:00:00:000 para top(01)
Mensaje Y / 00:00:00:650 / top(01) / out / 120024.00000 para Root(00)
Mensaje D / 00:00:00:650 / top(01) / 00:00:00:000 para Root(00)
Mensaje * / 00:00:00:650 / Root(00) para top(01)
Mensaje * / 00:00:00:650 / top(01) para ue1(02)
Mensaje D / 00:00:00:650 / ue1(02) / 00:00:00:050 para top(01)
Mensaje D / 00:00:00:650 / top(01) / 00:00:00:050 para Root(00)
Mensaje * / 00:00:00:700 / Root(00) para top(01)
Mensaje * / 00:00:00:700 / top(01) para ue1(02)
Mensaje Y / 00:00:00:700 / ue1(02) / out / 120026.00000 para top(01)
Mensaje D / 00:00:00:700 / ue1(02) / 00:00:00:000 para top(01)
Mensaje Y / 00:00:00:700 / top(01) / out / 120026.00000 para Root(00)
Mensaje D / 00:00:00:700 / top(01) / 00:00:00:000 para Root(00)
Mensaje * / 00:00:00:700 / Root(00) para top(01)
Mensaje * / 00:00:00:700 / top(01) para ue1(02)
Mensaje D / 00:00:00:700 / ue1(02) / 00:00:00:050 para top(01)
Mensaje D / 00:00:00:700 / top(01) / 00:00:00:050 para Root(00)
Mensaje * / 00:00:00:750 / Root(00) para top(01)
Mensaje * / 00:00:00:750 / top(01) para ue1(02)
Mensaje Y / 00:00:00:750 / ue1(02) / out / 120028.00000 para top(01)
Mensaje D / 00:00:00:750 / ue1(02) / 00:00:00:000 para top(01)
Mensaje Y / 00:00:00:750 / top(01) / out / 120028.00000 para Root(00)
Mensaje D / 00:00:00:750 / top(01) / 00:00:00:000 para Root(00)
Mensaje * / 00:00:00:750 / Root(00) para top(01)
Mensaje * / 00:00:00:750 / top(01) para ue1(02)
Mensaje D / 00:00:00:750 / ue1(02) / 00:00:00:050 para top(01)
Mensaje D / 00:00:00:750 / top(01) / 00:00:00:050 para Root(00)
Mensaje * / 00:00:00:800 / Root(00) para top(01)
Mensaje * / 00:00:00:800 / top(01) para ue1(02)
Mensaje Y / 00:00:00:800 / ue1(02) / out / 120030.00000 para top(01)
Mensaje D / 00:00:00:800 / ue1(02) / 00:00:00:000 para top(01)
Mensaje Y / 00:00:00:800 / top(01) / out / 120030.00000 para Root(00)
Mensaje D / 00:00:00:800 / top(01) / 00:00:00:000 para Root(00)
Mensaje * / 00:00:00:800 / Root(00) para top(01)
Mensaje * / 00:00:00:800 / top(01) para ue1(02)
Mensaje D / 00:00:00:800 / ue1(02) / 00:00:00:050 para top(01)
Mensaje D / 00:00:00:800 / top(01) / 00:00:00:050 para Root(00)
Mensaje * / 00:00:00:850 / Root(00) para top(01)
Mensaje * / 00:00:00:850 / top(01) para ue1(02)
Mensaje Y / 00:00:00:850 / ue1(02) / out / 120032.00000 para top(01)
Mensaje D / 00:00:00:850 / ue1(02) / 00:00:00:000 para top(01)
Mensaje Y / 00:00:00:850 / top(01) / out / 120032.00000 para Root(00)
Mensaje D / 00:00:00:850 / top(01) / 00:00:00:000 para Root(00)
Mensaje * / 00:00:00:850 / Root(00) para top(01)
Mensaje * / 00:00:00:850 / top(01) para ue1(02)
Mensaje D / 00:00:00:850 / ue1(02) / 00:00:00:050 para top(01)
Mensaje D / 00:00:00:850 / top(01) / 00:00:00:050 para Root(00)
Mensaje * / 00:00:00:900 / Root(00) para top(01)
Mensaje * / 00:00:00:900 / top(01) para ue1(02)
Mensaje Y / 00:00:00:900 / ue1(02) / out / 120034.00000 para top(01)
Mensaje D / 00:00:00:900 / ue1(02) / 00:00:00:000 para top(01)
Mensaje Y / 00:00:00:900 / top(01) / out / 120034.00000 para Root(00)
Mensaje D / 00:00:00:900 / top(01) / 00:00:00:000 para Root(00)
Mensaje * / 00:00:00:900 / Root(00) para top(01)
Mensaje * / 00:00:00:900 / top(01) para ue1(02)
Mensaje D / 00:00:00:900 / ue1(02) / 00:00:00:050 para top(01)
Mensaje D / 00:00:00:900 / top(01) / 00:00:00:050 para Root(00)
Mensaje * / 00:00:00:950 / Root(00) para top(01)
Mensaje * / 00:00:00:950 / top(01) para ue1(02)
Mensaje Y / 00:00:00:950 / ue1(02) / out / 120036.00000 para top(01)
Mensaje D / 00:00:00:950 / ue1(02) / 00:00:00:000 para top(01)
Mensaje Y / 00:00:00:950 / top(01) / out / 120036.00000 para Root(00)
Mensaje D / 00:00:00:950 / top(01) / 00:00:00:000 para Root(00)
Mensaje * / 00:00:00:950 / Root(00) para top(01)
Mensaje * / 00:00:00:950 / top(01) para ue1(02)
Mensaje D / 00:00:00:950 / ue1(02) / 00:00:00:050 para top(01)
Mensaje D / 00:00:00:950 / top(01) / 00:00:00:050 para Root(00)
Mensaje * / 00:00:01:000 / Root(00) para top(01)
Mensaje * / 00:00:01:000 / top(01) para ue1(02)
Mensaje Y / 00:00:01:000 / ue1(02) / out / 120038.00000 para top(01)
Mensaje D / 00:00:01:000 / ue1(02) / 00:00:00:000 para top(01)
Mensaje Y / 00:00:01:000 / top(01) / out / 120038.00000 para Root(00)
Mensaje D / 00:00:01:000 / top(01) / 00:00:00:000 para Root(00)
Mensaje * / 00:00:01:000 / Root(00) para top(01)
Mensaje * / 00:00:01:000 / top(01) para ue1(02)
Mensaje D / 00:00:01:000 / ue1(02) / 00:00:00:050 para top(01)
Mensaje D / 00:00:01:000 / top(01) / 00:00:00:050 para Root(00)
Mensaje X / 00:00:01:015 / Root(00) / in / 910004.00000 para top(01)
Mensaje X / 00:00:01:015 / top(01) / in / 910004.00000 para ue1(02)
Mensaje D / 00:00:01:015 / ue1(02) / 00:00:00:010 para top(01)
Mensaje D / 00:00:01:015 / top(01) / 00:00:00:010 para Root(00)
Mensaje * / 00:00:01:025 / Root(00) para top(01)
Mensaje * / 00:00:01:025 / top(01) para ue1(02)
Mensaje Y / 00:00:01:025 / ue1(02) / out / 910005.00000 para top(01)
Mensaje D / 00:00:01:025 / ue1(02) / 00:00:00:000 para top(01)
Mensaje Y / 00:00:01:025 / top(01) / out / 910005.00000 para Root(00)
Mensaje D / 00:00:01:025 / top(01) / 00:00:00:000 para Root(00)
Mensaje * / 00:00:01:025 / Root(00) para top(01)
Mensaje * / 00:00:01:025 / top(01) para ue1(02)
Mensaje D / 00:00:01:025 / ue1(02) / 00:00:00:050 para top(01)
Mensaje D / 00:00:01:025 / top(01) / 00:00:00:050 para Root(00)
Mensaje X / 00:00:01:035 / Root(00) / in / 910006.00000 para top(01)
Mensaje X / 00:00:01:035 / top(01) / in / 910006.00000 para ue1(02)
Mensaje D / 00:00:01:035 / ue1(02) / 00:00:00:010 para top(01)
Mensaje D / 00:00:01:035 / top(01) / 00:00:00:010 para Root(00)
Mensaje * / 00:00:01:045 / Root(00) para top(01)
Mensaje * / 00:00:01:045 / top(01) para ue1(02)
Mensaje Y / 00:00:01:045 / ue1(02) / out / 910007.00000 para top(01)
Mensaje D / 00:00:01:045 / ue1(02) / 00:00:00:000 para top(01)
Mensaje Y / 00:00:01:045 / top(01) / out / 910007.00000 para Root(00)
Mensaje D / 00:00:01:045 / top(01) / 00:00:00:000 para Root(00)
Mensaje * / 00:00:01:045 / Root(00) para top(01)
Mensaje * / 00:00:01:045 / top(01) para ue1(02)
Mensaje D / 00:00:01:045 / ue1(02) / 00:00:00:050 para top(01)
Mensaje D / 00:00:01:045 / top(01) / 00:00:00:050 para Root(00)
Mensaje X / 00:00:01:055 / Root(00) / in / 910008.00000 para top(01)
Mensaje X / 00:00:01:055 / top(01) / in / 910008.00000 para ue1(02)
Mensaje D / 00:00:01:055 / ue1(02) / 00:00:00:010 para top(01)
Mensaje D / 00:00:01:055 / top(01) / 00:00:00:010 para Root(00)
Mensaje * / 00:00:01:065 / Root(00) para top(01)
Mensaje * / 00:00:01:065 / top(01) para ue1(02)
Mensaje Y / 00:00:01:065 / ue1(02) / out / 910009.00000 para top(01)
Mensaje D / 00:00:01:065 / ue1(02) / 00:00:00:000 para top(01)
Mensaje Y / 00:00:01:065 / top(01) / out / 910009.00000 para Root(00)
Mensaje D / 00:00:01:065 / top(01) / 00:00:00:000 para Root(00)
Mensaje * / 00:00:01:065 / Root(00) para top(01)
Mensaje * / 00:00:01:065 / top(01) para ue1(02)
Mensaje D / 00:00:01:065 / ue1(02) / 00:00:00:050 para top(01)
Mensaje D / 00:00:01:065 / top(01) / 00:00:00:050 para Root(00)
Mensaje * / 00:00:01:115 / Root(00) para top(01)
Mensaje * / 00:00:01:115 / top(01) para ue1(02)
Mensaje Y / 00:00:01:115 / ue1(02) / out / 120040.00000 para top(01)
Mensaje D / 00:00:01:115 / ue1(02) / 00:00:00:000 para top(01)
Mensaje Y / 00:00:01:115 / top(01) / out / 120040.00000 para Root(00)
Mensaje D / 00:00:01:115 / top(01) / 00:00:00:000 para Root(00)
Mensaje * / 00:00:01:115 / Root(00) para top(01)
Mensaje * / 00:00:01:115 / top(01) para ue1(02)
Mensaje D / 00:00:01:115 / ue1(02) / 00:00:00:050 para top(01)
Mensaje D / 00:00:01:115 / top(01) / 00:00:00:050 para Root(00)
Mensaje * / 00:00:01:165 / Root(00) para top(01)
Mensaje * / 00:00:01:165 / top(01) para ue1(02)
Mensaje Y / 00:00:01:165 / ue1(02) / out / 120042.00000 para top(01)
Mensaje D / 00:00:01:165 / ue1(02) / 00:00:00:000 para top(01)
Mensaje Y / 00:00:01:165 / top(01) / out / 120042.00000 para Root(00)
Mensaje D / 00:00:01:165 / top(01) / 00:00:00:000 para Root(00)
Mensaje * / 00:00:01:165 / Root(00) para top(01)
Mensaje * / 00:00:01:165 / top(01) para ue1(02)
Mensaje D / 00:00:01:165 / ue1(02) / 00:00:00:050 para top(01)
Mensaje D / 00:00:01:165 / top(01) / 00:00:00:050 para Root(00)
Mensaje * / 00:00:01:215 / Root(00) para top(01)
Mensaje * / 00:00:01:215 / top(01) para ue1(02)
Mensaje Y / 00:00:01:215 / ue1(02) / out / 120044.00000 para top(01)
Mensaje D / 00:00:01:215 / ue1(02) / 00:00:00:000 para top(01)
Mensaje Y / 00:00:01:215 / top(01) / out / 120044.00000 para Root(00)
Mensaje D / 00:00:01:215 / top(01) / 00:00:00:000 para Root(00)
Mensaje * / 00:00:01:215 / Root(00) para top(01)
Mensaje * / 00:00:01:215 / top(01) para ue1(02)
Mensaje D / 00:00:01:215 / ue1(02) / 00:00:00:050 para top(01)
Mensaje D / 00:00:01:215 / top(01) / 00:00:00:050 para Root(00)
Mensaje * / 00:00:01:265 / Root(00) para top(01)
Mensaje * / 00:00:01:265 / top(01) para ue1(02)
Mensaje Y / 00:00:01:265 / ue1(02) / out / 120046.00000 para top(01)
Mensaje D / 00:00:01:265 / ue1(02) / 00:00:00:000 para top(01)
Mensaje Y / 00:00:01:265 / top(01) / out / 120046.00000 para Root(00)
Mensaje D / 00:00:01:265 / top(01) / 00:00:00:000 para Root(00)
Mensaje * / 00:00:01:265 / Root(00) para top(01)
Mensaje * / 00:00:01:265 / top(01) para ue1(02)
Mensaje D / 00:00:01:265 / ue1(02) / 00:00:00:050 para top(01)
Mensaje D / 00:00:01:265 / top(01) / 00:00:00:050 para Root(00)
Mensaje * / 00:00:01:315 / Root(00) para top(01)
Mensaje * / 00:00:01:315 / top(01) para ue1(02)
Mensaje Y / 00:00:01:315 / ue1(02) / out / 120048.00000 para top(01)
Mensaje D / 00:00:01:315 / ue1(02) / 00:00:00:000 para top(01)
Mensaje Y / 00:00:01:315 / top(01) / out / 120048.00000 para Root(00)
Mensaje D / 00:00:01:315 / top(01) / 00:00:00:000 para Root(00)
Mensaje * / 00:00:01:315 / Root(00) para top(01)
Mensaje * / 00:00:01:315 / top(01) para ue1(02)
Mensaje D / 00:00:01:315 / ue1(02) / 00:00:00:050 para top(01)
Mensaje D / 00:00:01:315 / top(01) / 00:00:00:050 para Root(00)
Mensaje * / 00:00:01:365 / Root(00) para top(01)
Mensaje * / 00:00:01:365 / top(01) para ue1(02)
Mensaje Y / 00:00:01:365 / ue1(02) / out / 120050.00000 para top(01)
Mensaje D / 00:00:01:365 / ue1(02) / 00:00:00:000 para top(01)
Mensaje Y / 00:00:01:365 / top(01) / out / 120050.00000 para Root(00)
Mensaje D / 00:00:01:365 / top(01) / 00:00:00:000 para Root(00)
Mensaje * / 00:00:01:365 / Root(00) para top(01)
Mensaje * / 00:00:01:365 / top(01) para ue1(02)
Mensaje D / 00:00:01:365 / ue1(02) / 00:00:00:050 para top(01)
Mensaje D / 00:00:01:365 / top(01) / 00:00:00:050 para Root(00)
Mensaje * / 00:00:01:415 / Root(00) para top(01)
Mensaje * / 00:00:01:415 / top(01) para ue1(02)
Mensaje Y / 00:00:01:415 / ue1(02) / out / 120052.00000 para top(01)
Mensaje D / 00:00:01:415 / ue1(02) / 00:00:00:000 para top(01)
Mensaje Y / 00:00:01:415 / top(01) / out / 120052.00000 para Root(00)
Mensaje D / 00:00:01:415 / top(01) / 00:00:00:000 para Root(00)
Mensaje * / 00:00:01:415 / Root(00) para top(01)
Mensaje * / 00:00:01:415 / top(01) para ue1(02)
Mensaje D / 00:00:01:415 / ue1(02) / 00:00:00:050 para top(01)
Mensaje D / 00:00:01:415 / top(01) / 00:00:00:050 para Root(00)
Mensaje * / 00:00:01:465 / Root(00) para top(01)
Mensaje * / 00:00:01:465 / top(01) para ue1(02)
Mensaje Y / 00:00:01:465 / ue1(02) / out / 120054.00000 para top(01)
Mensaje D / 00:00:01:465 / ue1(02) / 00:00:00:000 para top(01)
Mensaje Y / 00:00:01:465 / top(01) / out / 120054.00000 para Root(00)
Mensaje D / 00:00:01:465 / top(01) / 00:00:00:000 para Root(00)
Mensaje * / 00:00:01:465 / Root(00) para top(01)
Mensaje * / 00:00:01:465 / top(01) para ue1(02)
Mensaje D / 00:00:01:465 / ue1(02) / 00:00:00:050 para top(01)
Mensaje D / 00:00:01:465 / top(01) / 00:00:00:050 para Root(00)
Mensaje * / 00:00:01:515 / Root(00) para top(01)
Mensaje * / 00:00:01:515 / top(01) para ue1(02)
Mensaje Y / 00:00:01:515 / ue1(02) / out / 120056.00000 para top(01)
Mensaje D / 00:00:01:515 / ue1(02) / 00:00:00:000 para top(01)
Mensaje Y / 00:00:01:515 / top(01) / out / 120056.00000 para Root(00)
Mensaje D / 00:00:01:515 / top(01) / 00:00:00:000 para Root(00)
Mensaje * / 00:00:01:515 / Root(00) para top(01)
Mensaje * / 00:00:01:515 / top(01) para ue1(02)
Mensaje D / 00:00:01:515 / ue1(02) / 00:00:00:050 para top(01)
Mensaje D / 00:00:01:515 / top(01) / 00:00:00:050 para Root(00)
Mensaje * / 00:00:01:565 / Root(00) para top(01)
Mensaje * / 00:00:01:565 / top(01) para ue1(02)
Mensaje Y / 00:00:01:565 / ue1(02) / out / 120058.00000 para top(01)
Mensaje D / 00:00:01:565 / ue1(02) / 00:00:00:000 para top(01)
Mensaje Y / 00:00:01:565 / top(01) / out / 120058.00000 para Root(00)
Mensaje D / 00:00:01:565 / top(01) / 00:00:00:000 para Root(00)
Mensaje * / 00:00:01:565 / Root(00) para top(01)
Mensaje * / 00:00:01:565 / top(01) para ue1(02)
Mensaje D / 00:00:01:565 / ue1(02) / 00:00:00:050 para top(01)
Mensaje D / 00:00:01:565 / top(01) / 00:00:00:050 para Root(00)
Mensaje * / 00:00:01:615 / Root(00) para top(01)
Mensaje * / 00:00:01:615 / top(01) para ue1(02)
Mensaje Y / 00:00:01:615 / ue1(02) / out / 120060.00000 para top(01)
Mensaje D / 00:00:01:615 / ue1(02) / 00:00:00:000 para top(01)
Mensaje Y / 00:00:01:615 / top(01) / out / 120060.00000 para Root(00)
Mensaje D / 00:00:01:615 / top(01) / 00:00:00:000 para Root(00)
Mensaje * / 00:00:01:615 / Root(00) para top(01)
Mensaje * / 00:00:01:615 / top(01) para ue1(02)
Mensaje D / 00:00:01:615 / ue1(02) / 00:00:00:050 para top(01)
Mensaje D / 00:00:01:615 / top(01) / 00:00:00:050 para Root(00)
Mensaje * / 00:00:01:665 / Root(00) para top(01)
Mensaje * / 00:00:01:665 / top(01) para ue1(02)
Mensaje Y / 00:00:01:665 / ue1(02) / out / 120062.00000 para top(01)
Mensaje D / 00:00:01:665 / ue1(02) / 00:00:00:000 para top(01)
Mensaje Y / 00:00:01:665 / top(01) / out / 120062.00000 para Root(00)
Mensaje D / 00:00:01:665 / top(01) / 00:00:00:000 para Root(00)
Mensaje * / 00:00:01:665 / Root(00) para top(01)
Mensaje * / 00:00:01:665 / top(01) para ue1(02)
Mensaje D / 00:00:01:665 / ue1(02) / 00:00:00:050 para top(01)
Mensaje D / 00:00:01:665 / top(01) / 00:00:00:050 para Root(00)
Mensaje * / 00:00:01:715 / Root(00) para top(01)
Mensaje * / 00:00:01:715 / top(01) para ue1(02)
Mensaje Y / 00:00:01:715 / ue1(02) / out / 120064.00000 para top(01)
Mensaje D / 00:00:01:715 / ue1(02) / 00:00:00:000 para top(01)
Mensaje Y / 00:00:01:715 / top(01) / out / 120064.00000 para Root(00)
Mensaje D / 00:00:01:715 / top(01) / 00:00:00:000 para Root(00)
Mensaje * / 00:00:01:715 / Root(00) para top(01)
Mensaje * / 00:00:01:715 / top(01) para ue1(02)
Mensaje D / 00:00:01:715 / ue1(02) / 00:00:00:050 para top(01)
Mensaje D / 00:00:01:715 / top(01) / 00:00:00:050 para Root(00)
Mensaje * / 00:00:01:765 / Root(00) para top(01)
Mensaje * / 00:00:01:765 / top(01) para ue1(02)
Mensaje Y / 00:00:01:765 / ue1(02) / out / 120066.00000 para top(01)
Mensaje D / 00:00:01:765 / ue1(02) / 00:00:00:000 para top(01)
Mensaje Y / 00:00:01:765 / top(01) / out / 120066.00000 para Root(00)
Mensaje D / 00:00:01:765 / top(01) / 00:00:00:000 para Root(00)
Mensaje * / 00:00:01:765 / Root(00) para top(01)
Mensaje * / 00:00:01:765 / top(01) para ue1(02)
Mensaje D / 00:00:01:765 / ue1(02) / 00:00:00:050 para top(01)
Mensaje D / 00:00:01:765 / top(01) / 00:00:00:050 para Root(00)
Mensaje * / 00:00:01:815 / Root(00) para top(01)
Mensaje * / 00:00:01:815 / top(01) para ue1(02)
Mensaje Y / 00:00:01:815 / ue1(02) / out / 120068.00000 para top(01)
Mensaje D / 00:00:01:815 / ue1(02) / 00:00:00:000 para top(01)
Mensaje Y / 00:00:01:815 / top(01) / out / 120068.00000 para Root(00)
Mensaje D / 00:00:01:815 / top(01) / 00:00:00:000 para Root(00)
Mensaje * / 00:00:01:815 / Root(00) para top(01)
Mensaje * / 00:00:01:815 / top(01) para ue1(02)
Mensaje D / 00:00:01:815 / ue1(02) / 00:00:00:050 para top(01)
Mensaje D / 00:00:01:815 / top(01) / 00:00:00:050 para Root(00)
Mensaje * / 00:00:01:865 / Root(00) para top(01)
Mensaje * / 00:00:01:865 / top(01) para ue1(02)
Mensaje Y / 00:00:01:865 / ue1(02) / out / 120070.00000 para top(01)
Mensaje D / 00:00:01:865 / ue1(02) / 00:00:00:000 para top(01)
Mensaje Y / 00:00:01:865 / top(01) / out / 120070.00000 para Root(00)
Mensaje D / 00:00:01:865 / top(01) / 00:00:00:000 para Root(00)
Mensaje * / 00:00:01:865 / Root(00) para top(01)
Mensaje * / 00:00:01:865 / top(01) para ue1(02)
Mensaje D / 00:00:01:865 / ue1(02) / 00:00:00:050 para top(01)
Mensaje D / 00:00:01:865 / top(01) / 00:00:00:050 para Root(00)
Mensaje * / 00:00:01:915 / Root(00) para top(01)
Mensaje * / 00:00:01:915 / top(01) para ue1(02)
Mensaje Y / 00:00:01:915 / ue1(02) / out / 120072.00000 para top(01)
Mensaje D / 00:00:01:915 / ue1(02) / 00:00:00:000 para top(01)
Mensaje Y / 00:00:01:915 / top(01) / out / 120072.00000 para Root(00)
Mensaje D / 00:00:01:915 / top(01) / 00:00:00:000 para Root(00)
Mensaje * / 00:00:01:915 / Root(00) para top(01)
Mensaje * / 00:00:01:915 / top(01) para ue1(02)
Mensaje D / 00:00:01:915 / ue1(02) / 00:00:00:050 para top(01)
Mensaje D / 00:00:01:915 / top(01) / 00:00:00:050 para Root(00)
Mensaje * / 00:00:01:965 / Root(00) para top(01)
Mensaje * / 00:00:01:965 / top(01) para ue1(02)
Mensaje Y / 00:00:01:965 / ue1(02) / out / 120074.00000 para top(01)
Mensaje D / 00:00:01:965 / ue1(02) / 00:00:00:000 para top(01)
Mensaje Y / 00:00:01:965 / top(01) / out / 120074.00000 para Root(00)
Mensaje D / 00:00:01:965 / top(01) / 00:00:00:000 para Root(00)
Mensaje * / 00:00:01:965 / Root(00) para top(01)
Mensaje * / 00:00:01:965 / top(01) para ue1(02)
Mensaje D / 00:00:01:965 / ue1(02) / 00:00:00:050 para top(01)
Mensaje D / 00:00:01:965 / top(01) / 00:00:00:050 para Root(00)
Mensaje X / 00:00:02:015 / Root(00) / in / 910010.00000 para top(01)
Mensaje X / 00:00:02:015 / top(01) / in / 910010.00000 para ue1(02)
Mensaje D / 00:00:02:015 / ue1(02) / 00:00:00:010 para top(01)
Mensaje D / 00:00:02:015 / top(01) / 00:00:00:010 para Root(00)
Mensaje * / 00:00:02:025 / Root(00) para top(01)
Mensaje * / 00:00:02:025 / top(01) para ue1(02)
Mensaje Y / 00:00:02:025 / ue1(02) / out / 910011.00000 para top(01)
Mensaje D / 00:00:02:025 / ue1(02) / 00:00:00:000 para top(01)
Mensaje Y / 00:00:02:025 / top(01) / out / 910011.00000 para Root(00)
Mensaje D / 00:00:02:025 / top(01) / 00:00:00:000 para Root(00)
Mensaje * / 00:00:02:025 / Root(00) para top(01)
Mensaje * / 00:00:02:025 / top(01) para ue1(02)
Mensaje D / 00:00:02:025 / ue1(02) / 00:00:00:050 para top(01)
Mensaje D / 00:00:02:025 / top(01) / 00:00:00:050 para Root(00)
Mensaje X / 00:00:02:035 / Root(00) / in / 910012.00000 para top(01)
Mensaje X / 00:00:02:035 / top(01) / in / 910012.00000 para ue1(02)
Mensaje D / 00:00:02:035 / ue1(02) / 00:00:00:010 para top(01)
Mensaje D / 00:00:02:035 / top(01) / 00:00:00:010 para Root(00)
Mensaje * / 00:00:02:045 / Root(00) para top(01)
Mensaje * / 00:00:02:045 / top(01) para ue1(02)
Mensaje Y / 00:00:02:045 / ue1(02) / out / 910013.00000 para top(01)
Mensaje D / 00:00:02:045 / ue1(02) / 00:00:00:000 para top(01)
Mensaje Y / 00:00:02:045 / top(01) / out / 910013.00000 para Root(00)
Mensaje D / 00:00:02:045 / top(01) / 00:00:00:000 para Root(00)
Mensaje * / 00:00:02:045 / Root(00) para top(01)
Mensaje * / 00:00:02:045 / top(01) para ue1(02)
Mensaje D / 00:00:02:045 / ue1(02) / 00:00:00:050 para top(01)
Mensaje D / 00:00:02:045 / top(01) / 00:00:00:050 para Root(00)
Mensaje X / 00:00:02:055 / Root(00) / in / 910014.00000 para top(01)
Mensaje X / 00:00:02:055 / top(01) / in / 910014.00000 para ue1(02)
Mensaje D / 00:00:02:055 / ue1(02) / 00:00:00:010 para top(01)
Mensaje D / 00:00:02:055 / top(01) / 00:00:00:010 para Root(00)
Mensaje * / 00:00:02:065 / Root(00) para top(01)
Mensaje * / 00:00:02:065 / top(01) para ue1(02)
Mensaje Y / 00:00:02:065 / ue1(02) / out / 910015.00000 para top(01)
Mensaje D / 00:00:02:065 / ue1(02) / 00:00:00:000 para top(01)
Mensaje Y / 00:00:02:065 / top(01) / out / 910015.00000 para Root(00)
Mensaje D / 00:00:02:065 / top(01) / 00:00:00:000 para Root(00)
Mensaje * / 00:00:02:065 / Root(00) para top(01)
Mensaje * / 00:00:02:065 / top(01) para ue1(02)
Mensaje D / 00:00:02:065 / ue1(02) / 00:00:00:050 para top(01)
Mensaje D / 00:00:02:065 / top(01) / 00:00:00:050 para Root(00)
Mensaje * / 00:00:02:115 / Root(00) para top(01)
Mensaje * / 00:00:02:115 / top(01) para ue1(02)
Mensaje Y / 00:00:02:115 / ue1(02) / out / 120076.00000 para top(01)
Mensaje D / 00:00:02:115 / ue1(02) / 00:00:00:000 para top(01)
Mensaje Y / 00:00:02:115 / top(01) / out / 120076.00000 para Root(00)
Mensaje D / 00:00:02:115 / top(01) / 00:00:00:000 para Root(00)
Mensaje * / 00:00:02:115 / Root(00) para top(01)
Mensaje * / 00:00:02:115 / top(01) para ue1(02)
Mensaje D / 00:00:02:115 / ue1(02) / 00:00:00:050 para top(01)
Mensaje D / 00:00:02:115 / top(01) / 00:00:00:050 para Root(00)
Mensaje * / 00:00:02:165 / Root(00) para top(01)
Mensaje * / 00:00:02:165 / top(01) para ue1(02)
Mensaje Y / 00:00:02:165 / ue1(02) / out / 120078.00000 para top(01)
Mensaje D / 00:00:02:165 / ue1(02) / 00:00:00:000 para top(01)
Mensaje Y / 00:00:02:165 / top(01) / out / 120078.00000 para Root(00)
Mensaje D / 00:00:02:165 / top(01) / 00:00:00:000 para Root(00)
Mensaje * / 00:00:02:165 / Root(00) para top(01)
Mensaje * / 00:00:02:165 / top(01) para ue1(02)
Mensaje D / 00:00:02:165 / ue1(02) / 00:00:00:050 para top(01)
Mensaje D / 00:00:02:165 / top(01) / 00:00:00:050 para Root(00)
Mensaje * / 00:00:02:215 / Root(00) para top(01)
Mensaje * / 00:00:02:215 / top(01) para ue1(02)
Mensaje Y / 00:00:02:215 / ue1(02) / out / 120080.00000 para top(01)
Mensaje D / 00:00:02:215 / ue1(02) / 00:00:00:000 para top(01)
Mensaje Y / 00:00:02:215 / top(01) / out / 120080.00000 para Root(00)
Mensaje D / 00:00:02:215 / top(01) / 00:00:00:000 para Root(00)
Mensaje * / 00:00:02:215 / Root(00) para top(01)
Mensaje * / 00:00:02:215 / top(01) para ue1(02)
Mensaje D / 00:00:02:215 / ue1(02) / 00:00:00:050 para top(01)
Mensaje D / 00:00:02:215 / top(01) / 00:00:00:050 para Root(00)
Mensaje * / 00:00:02:265 / Root(00) para top(01)
Mensaje * / 00:00:02:265 / top(01) para ue1(02)
Mensaje Y / 00:00:02:265 / ue1(02) / out / 120082.00000 para top(01)
Mensaje D / 00:00:02:265 / ue1(02) / 00:00:00:000 para top(01)
Mensaje Y / 00:00:02:265 / top(01) / out / 120082.00000 para Root(00)
Mensaje D / 00:00:02:265 / top(01) / 00:00:00:000 para Root(00)
Mensaje * / 00:00:02:265 / Root(00) para top(01)
Mensaje * / 00:00:02:265 / top(01) para ue1(02)
Mensaje D / 00:00:02:265 / ue1(02) / 00:00:00:050 para top(01)
Mensaje D / 00:00:02:265 / top(01) / 00:00:00:050 para Root(00)
Mensaje * / 00:00:02:315 / Root(00) para top(01)
Mensaje * / 00:00:02:315 / top(01) para ue1(02)
Mensaje Y / 00:00:02:315 / ue1(02) / out / 120084.00000 para top(01)
Mensaje D / 00:00:02:315 / ue1(02) / 00:00:00:000 para top(01)
Mensaje Y / 00:00:02:315 / top(01) / out / 120084.00000 para Root(00)
Mensaje D / 00:00:02:315 / top(01) / 00:00:00:000 para Root(00)
Mensaje * / 00:00:02:315 / Root(00) para top(01)
Mensaje * / 00:00:02:315 / top(01) para ue1(02)
Mensaje D / 00:00:02:315 / ue1(02) / 00:00:00:050 para top(01)
Mensaje D / 00:00:02:315 / top(01) / 00:00:00:050 para Root(00)
Mensaje * / 00:00:02:365 / Root(00) para top(01)
Mensaje * / 00:00:02:365 / top(01) para ue1(02)
Mensaje Y / 00:00:02:365 / ue1(02) / out / 120086.00000 para top(01)
Mensaje D / 00:00:02:365 / ue1(02) / 00:00:00:000 para top(01)
Mensaje Y / 00:00:02:365 / top(01) / out / 120086.00000 para Root(00)
Mensaje D / 00:00:02:365 / top(01) / 00:00:00:000 para Root(00)
Mensaje * / 00:00:02:365 / Root(00) para top(01)
Mensaje * / 00:00:02:365 / top(01) para ue1(02)
Mensaje D / 00:00:02:365 / ue1(02) / 00:00:00:050 para top(01)
Mensaje D / 00:00:02:365 / top(01) / 00:00:00:050 para Root(00)
Mensaje * / 00:00:02:415 / Root(00) para top(01)
Mensaje * / 00:00:02:415 / top(01) para ue1(02)
Mensaje Y / 00:00:02:415 / ue1(02) / out / 120088.00000 para top(01)
Mensaje D / 00:00:02:415 / ue1(02) / 00:00:00:000 para top(01)
Mensaje Y / 00:00:02:415 / top(01) / out / 120088.00000 para Root(00)
Mensaje D / 00:00:02:415 / top(01) / 00:00:00:000 para Root(00)
Mensaje * / 00:00:02:415 / Root(00) para top(01)
Mensaje * / 00:00:02:415 / top(01) para ue1(02)
Mensaje D / 00:00:02:415 / ue1(02) / 00:00:00:050 para top(01)
Mensaje D / 00:00:02:415 / top(01) / 00:00:00:050 para Root(00)
Mensaje * / 00:00:02:465 / Root(00) para top(01)
Mensaje * / 00:00:02:465 / top(01) para ue1(02)
Mensaje Y / 00:00:02:465 / ue1(02) / out / 120090.00000 para top(01)
Mensaje D / 00:00:02:465 / ue1(02) / 00:00:00:000 para top(01)
Mensaje Y / 00:00:02:465 / top(01) / out / 120090.00000 para Root(00)
Mensaje D / 00:00:02:465 / top(01) / 00:00:00:000 para Root(00)
Mensaje * / 00:00:02:465 / Root(00) para top(01)
Mensaje * / 00:00:02:465 / top(01) para ue1(02)
Mensaje D / 00:00:02:465 / ue1(02) / 00:00:00:050 para top(01)
Mensaje D / 00:00:02:465 / top(01) / 00:00:00:050 para Root(00)
Mensaje * / 00:00:02:515 / Root(00) para top(01)
Mensaje * / 00:00:02:515 / top(01) para ue1(02)
Mensaje Y / 00:00:02:515 / ue1(02) / out / 120092.00000 para top(01)
Mensaje D / 00:00:02:515 / ue1(02) / 00:00:00:000 para top(01)
Mensaje Y / 00:00:02:515 / top(01) / out / 120092.00000 para Root(00)
Mensaje D / 00:00:02:515 / top(01) / 00:00:00:000 para Root(00)
Mensaje * / 00:00:02:515 / Root(00) para top(01)
Mensaje * / 00:00:02:515 / top(01) para ue1(02)
Mensaje D / 00:00:02:515 / ue1(02) / 00:00:00:050 para top(01)
Mensaje D / 00:00:02:515 / top(01) / 00:00:00:050 para Root(00)
Mensaje * / 00:00:02:565 / Root(00) para top(01)
Mensaje * / 00:00:02:565 / top(01) para ue1(02)
Mensaje Y / 00:00:02:565 / ue1(02) / out / 120094.00000 para top(01)
Mensaje D / 00:00:02:565 / ue1(02) / 00:00:00:000 para top(01)
Mensaje Y / 00:00:02:565 / top(01) / out / 120094.00000 para Root(00)
Mensaje D / 00:00:02:565 / top(01) / 00:00:00:000 para Root(00)
Mensaje * / 00:00:02:565 / Root(00) para top(01)
Mensaje * / 00:00:02:565 / top(01) para ue1(02)
Mensaje D / 00:00:02:565 / ue1(02) / 00:00:00:050 para top(01)
Mensaje D / 00:00:02:565 / top(01) / 00:00:00:050 para Root(00)
Mensaje * / 00:00:02:615 / Root(00) para top(01)
Mensaje * / 00:00:02:615 / top(01) para ue1(02)
Mensaje Y / 00:00:02:615 / ue1(02) / out / 120096.00000 para top(01)
Mensaje D / 00:00:02:615 / ue1(02) / 00:00:00:000 para top(01)
Mensaje Y / 00:00:02:615 / top(01) / out / 120096.00000 para Root(00)
Mensaje D / 00:00:02:615 / top(01) / 00:00:00:000 para Root(00)
Mensaje * / 00:00:02:615 / Root(00) para top(01)
Mensaje * / 00:00:02:615 / top(01) para ue1(02)
Mensaje D / 00:00:02:615 / ue1(02) / 00:00:00:050 para top(01)
Mensaje D / 00:00:02:615 / top(01) / 00:00:00:050 para Root(00)
Mensaje * / 00:00:02:665 / Root(00) para top(01)
Mensaje * / 00:00:02:665 / top(01) para ue1(02)
Mensaje Y / 00:00:02:665 / ue1(02) / out / 120098.00000 para top(01)
Mensaje D / 00:00:02:665 / ue1(02) / 00:00:00:000 para top(01)
Mensaje Y / 00:00:02:665 / top(01) / out / 120098.00000 para Root(00)
Mensaje D / 00:00:02:665 / top(01) / 00:00:00:000 para Root(00)
Mensaje * / 00:00:02:665 / Root(00) para top(01)
Mensaje * / 00:00:02:665 / top(01) para ue1(02)
Mensaje D / 00:00:02:665 / ue1(02) / 00:00:00:050 para top(01)
Mensaje D / 00:00:02:665 / top(01) / 00:00:00:050 para Root(00)
Mensaje * / 00:00:02:715 / Root(00) para top(01)
Mensaje * / 00:00:02:715 / top(01) para ue1(02)
Mensaje Y / 00:00:02:715 / ue1(02) / out / 120100.00000 para top(01)
Mensaje D / 00:00:02:715 / ue1(02) / 00:00:00:000 para top(01)
Mensaje Y / 00:00:02:715 / top(01) / out / 120100.00000 para Root(00)
Mensaje D / 00:00:02:715 / top(01) / 00:00:00:000 para Root(00)
Mensaje * / 00:00:02:715 / Root(00) para top(01)
Mensaje * / 00:00:02:715 / top(01) para ue1(02)
Mensaje D / 00:00:02:715 / ue1(02) / 00:00:00:050 para top(01)
Mensaje D / 00:00:02:715 / top(01) / 00:00:00:050 para Root(00)
Mensaje * / 00:00:02:765 / Root(00) para top(01)
Mensaje * / 00:00:02:765 / top(01) para ue1(02)
Mensaje Y / 00:00:02:765 / ue1(02) / out / 120102.00000 para top(01)
Mensaje D / 00:00:02:765 / ue1(02) / 00:00:00:000 para top(01)
Mensaje Y / 00:00:02:765 / top(01) / out / 120102.00000 para Root(00)
Mensaje D / 00:00:02:765 / top(01) / 00:00:00:000 para Root(00)
Mensaje * / 00:00:02:765 / Root(00) para top(01)
Mensaje * / 00:00:02:765 / top(01) para ue1(02)
Mensaje D / 00:00:02:765 / ue1(02) / 00:00:00:050 para top(01)
Mensaje D / 00:00:02:765 / top(01) / 00:00:00:050 para Root(00)
Mensaje * / 00:00:02:815 / Root(00) para top(01)
Mensaje * / 00:00:02:815 / top(01) para ue1(02)
Mensaje Y / 00:00:02:815 / ue1(02) / out / 120104.00000 para top(01)
Mensaje D / 00:00:02:815 / ue1(02) / 00:00:00:000 para top(01)
Mensaje Y / 00:00:02:815 / top(01) / out / 120104.00000 para Root(00)
Mensaje D / 00:00:02:815 / top(01) / 00:00:00:000 para Root(00)
Mensaje * / 00:00:02:815 / Root(00) para top(01)
Mensaje * / 00:00:02:815 / top(01) para ue1(02)
Mensaje D / 00:00:02:815 / ue1(02) / 00:00:00:050 para top(01)
Mensaje D / 00:00:02:815 / top(01) / 00:00:00:050 para Root(00)
Mensaje * / 00:00:02:865 / Root(00) para top(01)
Mensaje * / 00:00:02:865 / top(01) para ue1(02)
Mensaje Y / 00:00:02:865 / ue1(02) / out / 120106.00000 para top(01)
Mensaje D / 00:00:02:865 / ue1(02) / 00:00:00:000 para top(01)
Mensaje Y / 00:00:02:865 / top(01) / out / 120106.00000 para Root(00)
Mensaje D / 00:00:02:865 / top(01) / 00:00:00:000 para Root(00)
Mensaje * / 00:00:02:865 / Root(00) para top(01)
Mensaje * / 00:00:02:865 / top(01) para ue1(02)
Mensaje D / 00:00:02:865 / ue1(02) / 00:00:00:050 para top(01)
Mensaje D / 00:00:02:865 / top(01) / 00:00:00:050 para Root(00)
Mensaje * / 00:00:02:915 / Root(00) para top(01)
Mensaje * / 00:00:02:915 / top(01) para ue1(02)
Mensaje Y / 00:00:02:915 / ue1(02) / out / 120108.00000 para top(01)
Mensaje D / 00:00:02:915 / ue1(02) / 00:00:00:000 para top(01)
Mensaje Y / 00:00:02:915 / top(01) / out / 120108.00000 para Root(00)
Mensaje D / 00:00:02:915 / top(01) / 00:00:00:000 para Root(00)
Mensaje * / 00:00:02:915 / Root(00) para top(01)
Mensaje * / 00:00:02:915 / top(01) para ue1(02)
Mensaje D / 00:00:02:915 / ue1(02) / 00:00:00:050 para top(01)
Mensaje D / 00:00:02:915 / top(01) / 00:00:00:050 para Root(00)
Mensaje * / 00:00:02:965 / Root(00) para top(01)
Mensaje * / 00:00:02:965 / top(01) para ue1(02)
Mensaje Y / 00:00:02:965 / ue1(02) / out / 120110.00000 para top(01)
Mensaje D / 00:00:02:965 / ue1(02) / 00:00:00:000 para top(01)
Mensaje Y / 00:00:02:965 / top(01) / out / 120110.00000 para Root(00)
Mensaje D / 00:00:02:965 / top(01) / 00:00:00:000 para Root(00)
Mensaje * / 00:00:02:965 / Root(00) para top(01)
Mensaje * / 00:00:02:965 / top(01) para ue1(02)
Mensaje D / 00:00:02:965 / ue1(02) / 00:00:00:050 para top(01)
Mensaje D / 00:00:02:965 / top(01) / 00:00:00:050 para Root(00)
Mensaje X / 00:00:03:015 / Root(00) / in / 910016.00000 para top(01)
Mensaje X / 00:00:03:015 / top(01) / in / 910016.00000 para ue1(02)
Mensaje D / 00:00:03:015 / ue1(02) / 00:00:00:010 para top(01)
Mensaje D / 00:00:03:015 / top(01) / 00:00:00:010 para Root(00)
Mensaje * / 00:00:03:025 / Root(00) para top(01)
Mensaje * / 00:00:03:025 / top(01) para ue1(02)
Mensaje Y / 00:00:03:025 / ue1(02) / out / 910017.00000 para top(01)
Mensaje D / 00:00:03:025 / ue1(02) / 00:00:00:000 para top(01)
Mensaje Y / 00:00:03:025 / top(01) / out / 910017.00000 para Root(00)
Mensaje D / 00:00:03:025 / top(01) / 00:00:00:000 para Root(00)
Mensaje * / 00:00:03:025 / Root(00) para top(01)
Mensaje * / 00:00:03:025 / top(01) para ue1(02)
Mensaje D / 00:00:03:025 / ue1(02) / 00:00:00:050 para top(01)
Mensaje D / 00:00:03:025 / top(01) / 00:00:00:050 para Root(00)
Mensaje X / 00:00:03:035 / Root(00) / in / 910018.00000 para top(01)
Mensaje X / 00:00:03:035 / top(01) / in / 910018.00000 para ue1(02)
Mensaje D / 00:00:03:035 / ue1(02) / 00:00:00:010 para top(01)
Mensaje D / 00:00:03:035 / top(01) / 00:00:00:010 para Root(00)
Mensaje * / 00:00:03:045 / Root(00) para top(01)
Mensaje * / 00:00:03:045 / top(01) para ue1(02)
Mensaje Y / 00:00:03:045 / ue1(02) / out / 910019.00000 para top(01)
Mensaje D / 00:00:03:045 / ue1(02) / 00:00:00:000 para top(01)
Mensaje Y / 00:00:03:045 / top(01) / out / 910019.00000 para Root(00)
Mensaje D / 00:00:03:045 / top(01) / 00:00:00:000 para Root(00)
Mensaje * / 00:00:03:045 / Root(00) para top(01)
Mensaje * / 00:00:03:045 / top(01) para ue1(02)
Mensaje D / 00:00:03:045 / ue1(02) / 00:00:00:050 para top(01)
Mensaje D / 00:00:03:045 / top(01) / 00:00:00:050 para Root(00)
Mensaje X / 00:00:03:050 / Root(00) / in / 910020.00000 para top(01)
Mensaje X / 00:00:03:050 / top(01) / in / 910020.00000 para ue1(02)
Mensaje D / 00:00:03:050 / ue1(02) / 00:00:00:010 para top(01)
Mensaje D / 00:00:03:050 / top(01) / 00:00:00:010 para Root(00)
Mensaje * / 00:00:03:060 / Root(00) para top(01)
Mensaje * / 00:00:03:060 / top(01) para ue1(02)
Mensaje Y / 00:00:03:060 / ue1(02) / out / 910021.00000 para top(01)
Mensaje D / 00:00:03:060 / ue1(02) / 00:00:00:000 para top(01)
Mensaje Y / 00:00:03:060 / top(01) / out / 910021.00000 para Root(00)
Mensaje D / 00:00:03:060 / top(01) / 00:00:00:000 para Root(00)
Mensaje * / 00:00:03:060 / Root(00) para top(01)
Mensaje * / 00:00:03:060 / top(01) para ue1(02)
Mensaje D / 00:00:03:060 / ue1(02) / 00:00:00:050 para top(01)
Mensaje D / 00:00:03:060 / top(01) / 00:00:00:050 para Root(00)
Mensaje * / 00:00:03:110 / Root(00) para top(01)
Mensaje * / 00:00:03:110 / top(01) para ue1(02)
Mensaje Y / 00:00:03:110 / ue1(02) / out / 120112.00000 para top(01)
Mensaje D / 00:00:03:110 / ue1(02) / 00:00:00:000 para top(01)
Mensaje Y / 00:00:03:110 / top(01) / out / 120112.00000 para Root(00)
Mensaje D / 00:00:03:110 / top(01) / 00:00:00:000 para Root(00)
Mensaje * / 00:00:03:110 / Root(00) para top(01)
Mensaje * / 00:00:03:110 / top(01) para ue1(02)
Mensaje D / 00:00:03:110 / ue1(02) / 00:00:00:050 para top(01)
Mensaje D / 00:00:03:110 / top(01) / 00:00:00:050 para Root(00)
Mensaje * / 00:00:03:160 / Root(00) para top(01)
Mensaje * / 00:00:03:160 / top(01) para ue1(02)
Mensaje Y / 00:00:03:160 / ue1(02) / out / 120114.00000 para top(01)
Mensaje D / 00:00:03:160 / ue1(02) / 00:00:00:000 para top(01)
Mensaje Y / 00:00:03:160 / top(01) / out / 120114.00000 para Root(00)
Mensaje D / 00:00:03:160 / top(01) / 00:00:00:000 para Root(00)
Mensaje * / 00:00:03:160 / Root(00) para top(01)
Mensaje * / 00:00:03:160 / top(01) para ue1(02)
Mensaje D / 00:00:03:160 / ue1(02) / 00:00:00:050 para top(01)
Mensaje D / 00:00:03:160 / top(01) / 00:00:00:050 para Root(00)
Mensaje * / 00:00:03:210 / Root(00) para top(01)
Mensaje * / 00:00:03:210 / top(01) para ue1(02)
Mensaje Y / 00:00:03:210 / ue1(02) / out / 120116.00000 para top(01)
Mensaje D / 00:00:03:210 / ue1(02) / 00:00:00:000 para top(01)
Mensaje Y / 00:00:03:210 / top(01) / out / 120116.00000 para Root(00)
Mensaje D / 00:00:03:210 / top(01) / 00:00:00:000 para Root(00)
Mensaje * / 00:00:03:210 / Root(00) para top(01)
Mensaje * / 00:00:03:210 / top(01) para ue1(02)
Mensaje D / 00:00:03:210 / ue1(02) / 00:00:00:050 para top(01)
Mensaje D / 00:00:03:210 / top(01) / 00:00:00:050 para Root(00)
Mensaje * / 00:00:03:260 / Root(00) para top(01)
Mensaje * / 00:00:03:260 / top(01) para ue1(02)
Mensaje Y / 00:00:03:260 / ue1(02) / out / 120118.00000 para top(01)
Mensaje D / 00:00:03:260 / ue1(02) / 00:00:00:000 para top(01)
Mensaje Y / 00:00:03:260 / top(01) / out / 120118.00000 para Root(00)
Mensaje D / 00:00:03:260 / top(01) / 00:00:00:000 para Root(00)
Mensaje * / 00:00:03:260 / Root(00) para top(01)
Mensaje * / 00:00:03:260 / top(01) para ue1(02)
Mensaje D / 00:00:03:260 / ue1(02) / 00:00:00:050 para top(01)
Mensaje D / 00:00:03:260 / top(01) / 00:00:00:050 para Root(00)
Mensaje * / 00:00:03:310 / Root(00) para top(01)
Mensaje * / 00:00:03:310 / top(01) para ue1(02)
Mensaje Y / 00:00:03:310 / ue1(02) / out / 120120.00000 para top(01)
Mensaje D / 00:00:03:310 / ue1(02) / 00:00:00:000 para top(01)
Mensaje Y / 00:00:03:310 / top(01) / out / 120120.00000 para Root(00)
Mensaje D / 00:00:03:310 / top(01) / 00:00:00:000 para Root(00)
Mensaje * / 00:00:03:310 / Root(00) para top(01)
Mensaje * / 00:00:03:310 / top(01) para ue1(02)
Mensaje D / 00:00:03:310 / ue1(02) / 00:00:00:050 para top(01)
Mensaje D / 00:00:03:310 / top(01) / 00:00:00:050 para Root(00)
Mensaje * / 00:00:03:360 / Root(00) para top(01)
Mensaje * / 00:00:03:360 / top(01) para ue1(02)
Mensaje Y / 00:00:03:360 / ue1(02) / out / 120122.00000 para top(01)
Mensaje D / 00:00:03:360 / ue1(02) / 00:00:00:000 para top(01)
Mensaje Y / 00:00:03:360 / top(01) / out / 120122.00000 para Root(00)
Mensaje D / 00:00:03:360 / top(01) / 00:00:00:000 para Root(00)
Mensaje * / 00:00:03:360 / Root(00) para top(01)
Mensaje * / 00:00:03:360 / top(01) para ue1(02)
Mensaje D / 00:00:03:360 / ue1(02) / 00:00:00:050 para top(01)
Mensaje D / 00:00:03:360 / top(01) / 00:00:00:050 para Root(00)
Mensaje * / 00:00:03:410 / Root(00) para top(01)
Mensaje * / 00:00:03:410 / top(01) para ue1(02)
Mensaje Y / 00:00:03:410 / ue1(02) / out / 120124.00000 para top(01)
Mensaje D / 00:00:03:410 / ue1(02) / 00:00:00:000 para top(01)
Mensaje Y / 00:00:03:410 / top(01) / out / 120124.00000 para Root(00)
Mensaje D / 00:00:03:410 / top(01) / 00:00:00:000 para Root(00)
Mensaje * / 00:00:03:410 / Root(00) para top(01)
Mensaje * / 00:00:03:410 / top(01) para ue1(02)
Mensaje D / 00:00:03:410 / ue1(02) / 00:00:00:050 para top(01)
Mensaje D / 00:00:03:410 / top(01) / 00:00:00:050 para Root(00)
Mensaje * / 00:00:03:460 / Root(00) para top(01)
Mensaje * / 00:00:03:460 / top(01) para ue1(02)
Mensaje Y / 00:00:03:460 / ue1(02) / out / 120126.00000 para top(01)
Mensaje D / 00:00:03:460 / ue1(02) / 00:00:00:000 para top(01)
Mensaje Y / 00:00:03:460 / top(01) / out / 120126.00000 para Root(00)
Mensaje D / 00:00:03:460 / top(01) / 00:00:00:000 para Root(00)
Mensaje * / 00:00:03:460 / Root(00) para top(01)
Mensaje * / 00:00:03:460 / top(01) para ue1(02)
Mensaje D / 00:00:03:460 / ue1(02) / 00:00:00:050 para top(01)
Mensaje D / 00:00:03:460 / top(01) / 00:00:00:050 para Root(00)
Mensaje * / 00:00:03:510 / Root(00) para top(01)
Mensaje * / 00:00:03:510 / top(01) para ue1(02)
Mensaje Y / 00:00:03:510 / ue1(02) / out / 120128.00000 para top(01)
Mensaje D / 00:00:03:510 / ue1(02) / 00:00:00:000 para top(01)
Mensaje Y / 00:00:03:510 / top(01) / out / 120128.00000 para Root(00)
Mensaje D / 00:00:03:510 / top(01) / 00:00:00:000 para Root(00)
Mensaje * / 00:00:03:510 / Root(00) para top(01)
Mensaje * / 00:00:03:510 / top(01) para ue1(02)
Mensaje D / 00:00:03:510 / ue1(02) / 00:00:00:050 para top(01)
Mensaje D / 00:00:03:510 / top(01) / 00:00:00:050 para Root(00)
Mensaje * / 00:00:03:560 / Root(00) para top(01)
Mensaje * / 00:00:03:560 / top(01) para ue1(02)
Mensaje Y / 00:00:03:560 / ue1(02) / out / 120130.00000 para top(01)
Mensaje D / 00:00:03:560 / ue1(02) / 00:00:00:000 para top(01)
Mensaje Y / 00:00:03:560 / top(01) / out / 120130.00000 para Root(00)
Mensaje D / 00:00:03:560 / top(01) / 00:00:00:000 para Root(00)
Mensaje * / 00:00:03:560 / Root(00) para top(01)
Mensaje * / 00:00:03:560 / top(01) para ue1(02)
Mensaje D / 00:00:03:560 / ue1(02) / 00:00:00:050 para top(01)
Mensaje D / 00:00:03:560 / top(01) / 00:00:00:050 para Root(00)
Mensaje * / 00:00:03:610 / Root(00) para top(01)
Mensaje * / 00:00:03:610 / top(01) para ue1(02)
Mensaje Y / 00:00:03:610 / ue1(02) / out / 120132.00000 para top(01)
Mensaje D / 00:00:03:610 / ue1(02) / 00:00:00:000 para top(01)
Mensaje Y / 00:00:03:610 / top(01) / out / 120132.00000 para Root(00)
Mensaje D / 00:00:03:610 / top(01) / 00:00:00:000 para Root(00)
Mensaje * / 00:00:03:610 / Root(00) para top(01)
Mensaje * / 00:00:03:610 / top(01) para ue1(02)
Mensaje D / 00:00:03:610 / ue1(02) / 00:00:00:050 para top(01)
Mensaje D / 00:00:03:610 / top(01) / 00:00:00:050 para Root(00)
Mensaje * / 00:00:03:660 / Root(00) para top(01)
Mensaje * / 00:00:03:660 / top(01) para ue1(02)
Mensaje Y / 00:00:03:660 / ue1(02) / out / 120134.00000 para top(01)
Mensaje D / 00:00:03:660 / ue1(02) / 00:00:00:000 para top(01)
Mensaje Y / 00:00:03:660 / top(01) / out / 120134.00000 para Root(00)
Mensaje D / 00:00:03:660 / top(01) / 00:00:00:000 para Root(00)
Mensaje * / 00:00:03:660 / Root(00) para top(01)
Mensaje * / 00:00:03:660 / top(01) para ue1(02)
Mensaje D / 00:00:03:660 / ue1(02) / 00:00:00:050 para top(01)
Mensaje D / 00:00:03:660 / top(01) / 00:00:00:050 para Root(00)
Mensaje * / 00:00:03:710 / Root(00) para top(01)
Mensaje * / 00:00:03:710 / top(01) para ue1(02)
Mensaje Y / 00:00:03:710 / ue1(02) / out / 120136.00000 para top(01)
Mensaje D / 00:00:03:710 / ue1(02) / 00:00:00:000 para top(01)
Mensaje Y / 00:00:03:710 / top(01) / out / 120136.00000 para Root(00)
Mensaje D / 00:00:03:710 / top(01) / 00:00:00:000 para Root(00)
Mensaje * / 00:00:03:710 / Root(00) para top(01)
Mensaje * / 00:00:03:710 / top(01) para ue1(02)
Mensaje D / 00:00:03:710 / ue1(02) / 00:00:00:050 para top(01)
Mensaje D / 00:00:03:710 / top(01) / 00:00:00:050 para Root(00)
Mensaje * / 00:00:03:760 / Root(00) para top(01)
Mensaje * / 00:00:03:760 / top(01) para ue1(02)
Mensaje Y / 00:00:03:760 / ue1(02) / out / 120138.00000 para top(01)
Mensaje D / 00:00:03:760 / ue1(02) / 00:00:00:000 para top(01)
Mensaje Y / 00:00:03:760 / top(01) / out / 120138.00000 para Root(00)
Mensaje D / 00:00:03:760 / top(01) / 00:00:00:000 para Root(00)
Mensaje * / 00:00:03:760 / Root(00) para top(01)
Mensaje * / 00:00:03:760 / top(01) para ue1(02)
Mensaje D / 00:00:03:760 / ue1(02) / 00:00:00:050 para top(01)
Mensaje D / 00:00:03:760 / top(01) / 00:00:00:050 para Root(00)
Mensaje * / 00:00:03:810 / Root(00) para top(01)
Mensaje * / 00:00:03:810 / top(01) para ue1(02)
Mensaje Y / 00:00:03:810 / ue1(02) / out / 120140.00000 para top(01)
Mensaje D / 00:00:03:810 / ue1(02) / 00:00:00:000 para top(01)
Mensaje Y / 00:00:03:810 / top(01) / out / 120140.00000 para Root(00)
Mensaje D / 00:00:03:810 / top(01) / 00:00:00:000 para Root(00)
Mensaje * / 00:00:03:810 / Root(00) para top(01)
Mensaje * / 00:00:03:810 / top(01) para ue1(02)
Mensaje D / 00:00:03:810 / ue1(02) / 00:00:00:050 para top(01)
Mensaje D / 00:00:03:810 / top(01) / 00:00:00:050 para Root(00)
Mensaje * / 00:00:03:860 / Root(00) para top(01)
Mensaje * / 00:00:03:860 / top(01) para ue1(02)
Mensaje Y / 00:00:03:860 / ue1(02) / out / 120142.00000 para top(01)
Mensaje D / 00:00:03:860 / ue1(02) / 00:00:00:000 para top(01)
Mensaje Y / 00:00:03:860 / top(01) / out / 120142.00000 para Root(00)
Mensaje D / 00:00:03:860 / top(01) / 00:00:00:000 para Root(00)
Mensaje * / 00:00:03:860 / Root(00) para top(01)
Mensaje * / 00:00:03:860 / top(01) para ue1(02)
Mensaje D / 00:00:03:860 / ue1(02) / 00:00:00:050 para top(01)
Mensaje D / 00:00:03:860 / top(01) / 00:00:00:050 para Root(00)
Mensaje * / 00:00:03:910 / Root(00) para top(01)
Mensaje * / 00:00:03:910 / top(01) para ue1(02)
Mensaje Y / 00:00:03:910 / ue1(02) / out / 120144.00000 para top(01)
Mensaje D / 00:00:03:910 / ue1(02) / 00:00:00:000 para top(01)
Mensaje Y / 00:00:03:910 / top(01) / out / 120144.00000 para Root(00)
Mensaje D / 00:00:03:910 / top(01) / 00:00:00:000 para Root(00)
Mensaje * / 00:00:03:910 / Root(00) para top(01)
Mensaje * / 00:00:03:910 / top(01) para ue1(02)
Mensaje D / 00:00:03:910 / ue1(02) / 00:00:00:050 para top(01)
Mensaje D / 00:00:03:910 / top(01) / 00:00:00:050 para Root(00)
Mensaje * / 00:00:03:960 / Root(00) para top(01)
Mensaje * / 00:00:03:960 / top(01) para ue1(02)
Mensaje Y / 00:00:03:960 / ue1(02) / out / 120146.00000 para top(01)
Mensaje D / 00:00:03:960 / ue1(02) / 00:00:00:000 para top(01)
Mensaje Y / 00:00:03:960 / top(01) / out / 120146.00000 para Root(00)
Mensaje D / 00:00:03:960 / top(01) / 00:00:00:000 para Root(00)
Mensaje * / 00:00:03:960 / Root(00) para top(01)
Mensaje * / 00:00:03:960 / top(01) para ue1(02)
Mensaje D / 00:00:03:960 / ue1(02) / 00:00:00:050 para top(01)
Mensaje D / 00:00:03:960 / top(01) / 00:00:00:050 para Root(00)
Mensaje * / 00:00:04:010 / Root(00) para top(01)
Mensaje * / 00:00:04:010 / top(01) para ue1(02)
Mensaje Y / 00:00:04:010 / ue1(02) / out / 120148.00000 para top(01)
Mensaje D / 00:00:04:010 / ue1(02) / 00:00:00:000 para top(01)
Mensaje Y / 00:00:04:010 / top(01) / out / 120148.00000 para Root(00)
Mensaje D / 00:00:04:010 / top(01) / 00:00:00:000 para Root(00)
Mensaje * / 00:00:04:010 / Root(00) para top(01)
Mensaje * / 00:00:04:010 / top(01) para ue1(02)
Mensaje D / 00:00:04:010 / ue1(02) / 00:00:00:050 para top(01)
Mensaje D / 00:00:04:010 / top(01) / 00:00:00:050 para Root(00)
Mensaje X / 00:00:04:050 / Root(00) / in / 120051.00000 para top(01)
Mensaje X / 00:00:04:050 / top(01) / in / 120051.00000 para ue1(02)
Mensaje D / 00:00:04:050 / ue1(02) / 00:00:00:010 para top(01)
Mensaje D / 00:00:04:050 / top(01) / 00:00:00:010 para Root(00)
Mensaje * / 00:00:04:060 / Root(00) para top(01)
Mensaje * / 00:00:04:060 / top(01) para ue1(02)
Mensaje Y / 00:00:04:060 / ue1(02) / out /     25.00000 para top(01)
Mensaje D / 00:00:04:060 / ue1(02) / 00:00:00:000 para top(01)
Mensaje Y / 00:00:04:060 / top(01) / out /     25.00000 para Root(00)
Mensaje D / 00:00:04:060 / top(01) / 00:00:00:000 para Root(00)
Mensaje * / 00:00:04:060 / Root(00) para top(01)
Mensaje * / 00:00:04:060 / top(01) para ue1(02)
Mensaje D / 00:00:04:060 / ue1(02) / 00:00:00:050 para top(01)
Mensaje D / 00:00:04:060 / top(01) / 00:00:00:050 para Root(00)
Mensaje * / 00:00:04:110 / Root(00) para top(01)
Mensaje * / 00:00:04:110 / top(01) para ue1(02)
Mensaje Y / 00:00:04:110 / ue1(02) / out / 120150.00000 para top(01)
Mensaje D / 00:00:04:110 / ue1(02) / 00:00:00:000 para top(01)
Mensaje Y / 00:00:04:110 / top(01) / out / 120150.00000 para Root(00)
Mensaje D / 00:00:04:110 / top(01) / 00:00:00:000 para Root(00)
Mensaje * / 00:00:04:110 / Root(00) para top(01)
Mensaje * / 00:00:04:110 / top(01) para ue1(02)
Mensaje D / 00:00:04:110 / ue1(02) / 00:00:00:050 para top(01)
Mensaje D / 00:00:04:110 / top(01) / 00:00:00:050 para Root(00)
Mensaje * / 00:00:04:160 / Root(00) para top(01)
Mensaje * / 00:00:04:160 / top(01) para ue1(02)
Mensaje Y / 00:00:04:160 / ue1(02) / out / 120152.00000 para top(01)
Mensaje D / 00:00:04:160 / ue1(02) / 00:00:00:000 para top(01)
Mensaje Y / 00:00:04:160 / top(01) / out / 120152.00000 para Root(00)
Mensaje D / 00:00:04:160 / top(01) / 00:00:00:000 para Root(00)
Mensaje * / 00:00:04:160 / Root(00) para top(01)
Mensaje * / 00:00:04:160 / top(01) para ue1(02)
Mensaje D / 00:00:04:160 / ue1(02) / 00:00:00:050 para top(01)
Mensaje D / 00:00:04:160 / top(01) / 00:00:00:050 para Root(00)
Mensaje * / 00:00:04:210 / Root(00) para top(01)
Mensaje * / 00:00:04:210 / top(01) para ue1(02)
Mensaje Y / 00:00:04:210 / ue1(02) / out / 120154.00000 para top(01)
Mensaje D / 00:00:04:210 / ue1(02) / 00:00:00:000 para top(01)
Mensaje Y / 00:00:04:210 / top(01) / out / 120154.00000 para Root(00)
Mensaje D / 00:00:04:210 / top(01) / 00:00:00:000 para Root(00)
Mensaje * / 00:00:04:210 / Root(00) para top(01)
Mensaje * / 00:00:04:210 / top(01) para ue1(02)
Mensaje D / 00:00:04:210 / ue1(02) / 00:00:00:050 para top(01)
Mensaje D / 00:00:04:210 / top(01) / 00:00:00:050 para Root(00)
Mensaje * / 00:00:04:260 / Root(00) para top(01)
Mensaje * / 00:00:04:260 / top(01) para ue1(02)
Mensaje Y / 00:00:04:260 / ue1(02) / out / 120156.00000 para top(01)
Mensaje D / 00:00:04:260 / ue1(02) / 00:00:00:000 para top(01)
Mensaje Y / 00:00:04:260 / top(01) / out / 120156.00000 para Root(00)
Mensaje D / 00:00:04:260 / top(01) / 00:00:00:000 para Root(00)
Mensaje * / 00:00:04:260 / Root(00) para top(01)
Mensaje * / 00:00:04:260 / top(01) para ue1(02)
Mensaje D / 00:00:04:260 / ue1(02) / 00:00:00:050 para top(01)
Mensaje D / 00:00:04:260 / top(01) / 00:00:00:050 para Root(00)
Mensaje * / 00:00:04:310 / Root(00) para top(01)
Mensaje * / 00:00:04:310 / top(01) para ue1(02)
Mensaje Y / 00:00:04:310 / ue1(02) / out / 120158.00000 para top(01)
Mensaje D / 00:00:04:310 / ue1(02) / 00:00:00:000 para top(01)
Mensaje Y / 00:00:04:310 / top(01) / out / 120158.00000 para Root(00)
Mensaje D / 00:00:04:310 / top(01) / 00:00:00:000 para Root(00)
Mensaje * / 00:00:04:310 / Root(00) para top(01)
Mensaje * / 00:00:04:310 / top(01) para ue1(02)
Mensaje D / 00:00:04:310 / ue1(02) / 00:00:00:050 para top(01)
Mensaje D / 00:00:04:310 / top(01) / 00:00:00:050 para Root(00)
Mensaje * / 00:00:04:360 / Root(00) para top(01)
Mensaje * / 00:00:04:360 / top(01) para ue1(02)
Mensaje Y / 00:00:04:360 / ue1(02) / out / 120160.00000 para top(01)
Mensaje D / 00:00:04:360 / ue1(02) / 00:00:00:000 para top(01)
Mensaje Y / 00:00:04:360 / top(01) / out / 120160.00000 para Root(00)
Mensaje D / 00:00:04:360 / top(01) / 00:00:00:000 para Root(00)
Mensaje * / 00:00:04:360 / Root(00) para top(01)
Mensaje * / 00:00:04:360 / top(01) para ue1(02)
Mensaje D / 00:00:04:360 / ue1(02) / 00:00:00:050 para top(01)
Mensaje D / 00:00:04:360 / top(01) / 00:00:00:050 para Root(00)
Mensaje * / 00:00:04:410 / Root(00) para top(01)
Mensaje * / 00:00:04:410 / top(01) para ue1(02)
Mensaje Y / 00:00:04:410 / ue1(02) / out / 120162.00000 para top(01)
Mensaje D / 00:00:04:410 / ue1(02) / 00:00:00:000 para top(01)
Mensaje Y / 00:00:04:410 / top(01) / out / 120162.00000 para Root(00)
Mensaje D / 00:00:04:410 / top(01) / 00:00:00:000 para Root(00)
Mensaje * / 00:00:04:410 / Root(00) para top(01)
Mensaje * / 00:00:04:410 / top(01) para ue1(02)
Mensaje D / 00:00:04:410 / ue1(02) / 00:00:00:050 para top(01)
Mensaje D / 00:00:04:410 / top(01) / 00:00:00:050 para Root(00)
Mensaje * / 00:00:04:460 / Root(00) para top(01)
Mensaje * / 00:00:04:460 / top(01) para ue1(02)
Mensaje Y / 00:00:04:460 / ue1(02) / out / 120164.00000 para top(01)
Mensaje D / 00:00:04:460 / ue1(02) / 00:00:00:000 para top(01)
Mensaje Y / 00:00:04:460 / top(01) / out / 120164.00000 para Root(00)
Mensaje D / 00:00:04:460 / top(01) / 00:00:00:000 para Root(00)
Mensaje * / 00:00:04:460 / Root(00) para top(01)
Mensaje * / 00:00:04:460 / top(01) para ue1(02)
Mensaje D / 00:00:04:460 / ue1(02) / 00:00:00:050 para top(01)
Mensaje D / 00:00:04:460 / top(01) / 00:00:00:050 para Root(00)
Mensaje * / 00:00:04:510 / Root(00) para top(01)
Mensaje * / 00:00:04:510 / top(01) para ue1(02)
Mensaje Y / 00:00:04:510 / ue1(02) / out / 120166.00000 para top(01)
Mensaje D / 00:00:04:510 / ue1(02) / 00:00:00:000 para top(01)
Mensaje Y / 00:00:04:510 / top(01) / out / 120166.00000 para Root(00)
Mensaje D / 00:00:04:510 / top(01) / 00:00:00:000 para Root(00)
Mensaje * / 00:00:04:510 / Root(00) para top(01)
Mensaje * / 00:00:04:510 / top(01) para ue1(02)
Mensaje D / 00:00:04:510 / ue1(02) / 00:00:00:050 para top(01)
Mensaje D / 00:00:04:510 / top(01) / 00:00:00:050 para Root(00)
Mensaje * / 00:00:04:560 / Root(00) para top(01)
Mensaje * / 00:00:04:560 / top(01) para ue1(02)
Mensaje Y / 00:00:04:560 / ue1(02) / out / 120168.00000 para top(01)
Mensaje D / 00:00:04:560 / ue1(02) / 00:00:00:000 para top(01)
Mensaje Y / 00:00:04:560 / top(01) / out / 120168.00000 para Root(00)
Mensaje D / 00:00:04:560 / top(01) / 00:00:00:000 para Root(00)
Mensaje * / 00:00:04:560 / Root(00) para top(01)
Mensaje * / 00:00:04:560 / top(01) para ue1(02)
Mensaje D / 00:00:04:560 / ue1(02) / 00:00:00:050 para top(01)
Mensaje D / 00:00:04:560 / top(01) / 00:00:00:050 para Root(00)
Mensaje * / 00:00:04:610 / Root(00) para top(01)
Mensaje * / 00:00:04:610 / top(01) para ue1(02)
Mensaje Y / 00:00:04:610 / ue1(02) / out / 120170.00000 para top(01)
Mensaje D / 00:00:04:610 / ue1(02) / 00:00:00:000 para top(01)
Mensaje Y / 00:00:04:610 / top(01) / out / 120170.00000 para Root(00)
Mensaje D / 00:00:04:610 / top(01) / 00:00:00:000 para Root(00)
Mensaje * / 00:00:04:610 / Root(00) para top(01)
Mensaje * / 00:00:04:610 / top(01) para ue1(02)
Mensaje D / 00:00:04:610 / ue1(02) / 00:00:00:050 para top(01)
Mensaje D / 00:00:04:610 / top(01) / 00:00:00:050 para Root(00)
Mensaje * / 00:00:04:660 / Root(00) para top(01)
Mensaje * / 00:00:04:660 / top(01) para ue1(02)
Mensaje Y / 00:00:04:660 / ue1(02) / out / 120172.00000 para top(01)
Mensaje D / 00:00:04:660 / ue1(02) / 00:00:00:000 para top(01)
Mensaje Y / 00:00:04:660 / top(01) / out / 120172.00000 para Root(00)
Mensaje D / 00:00:04:660 / top(01) / 00:00:00:000 para Root(00)
Mensaje * / 00:00:04:660 / Root(00) para top(01)
Mensaje * / 00:00:04:660 / top(01) para ue1(02)
Mensaje D / 00:00:04:660 / ue1(02) / 00:00:00:050 para top(01)
Mensaje D / 00:00:04:660 / top(01) / 00:00:00:050 para Root(00)
Mensaje * / 00:00:04:710 / Root(00) para top(01)
Mensaje * / 00:00:04:710 / top(01) para ue1(02)
Mensaje Y / 00:00:04:710 / ue1(02) / out / 120174.00000 para top(01)
Mensaje D / 00:00:04:710 / ue1(02) / 00:00:00:000 para top(01)
Mensaje Y / 00:00:04:710 / top(01) / out / 120174.00000 para Root(00)
Mensaje D / 00:00:04:710 / top(01) / 00:00:00:000 para Root(00)
Mensaje * / 00:00:04:710 / Root(00) para top(01)
Mensaje * / 00:00:04:710 / top(01) para ue1(02)
Mensaje D / 00:00:04:710 / ue1(02) / 00:00:00:050 para top(01)
Mensaje D / 00:00:04:710 / top(01) / 00:00:00:050 para Root(00)
Mensaje * / 00:00:04:760 / Root(00) para top(01)
Mensaje * / 00:00:04:760 / top(01) para ue1(02)
Mensaje Y / 00:00:04:760 / ue1(02) / out / 120176.00000 para top(01)
Mensaje D / 00:00:04:760 / ue1(02) / 00:00:00:000 para top(01)
Mensaje Y / 00:00:04:760 / top(01) / out / 120176.00000 para Root(00)
Mensaje D / 00:00:04:760 / top(01) / 00:00:00:000 para Root(00)
Mensaje * / 00:00:04:760 / Root(00) para top(01)
Mensaje * / 00:00:04:760 / top(01) para ue1(02)
Mensaje D / 00:00:04:760 / ue1(02) / 00:00:00:050 para top(01)
Mensaje D / 00:00:04:760 / top(01) / 00:00:00:050 para Root(00)
Mensaje * / 00:00:04:810 / Root(00) para top(01)
Mensaje * / 00:00:04:810 / top(01) para ue1(02)
Mensaje Y / 00:00:04:810 / ue1(02) / out / 120178.00000 para top(01)
Mensaje D / 00:00:04:810 / ue1(02) / 00:00:00:000 para top(01)
Mensaje Y / 00:00:04:810 / top(01) / out / 120178.00000 para Root(00)
Mensaje D / 00:00:04:810 / top(01) / 00:00:00:000 para Root(00)
Mensaje * / 00:00:04:810 / Root(00) para top(01)
Mensaje * / 00:00:04:810 / top(01) para ue1(02)
Mensaje D / 00:00:04:810 / ue1(02) / 00:00:00:050 para top(01)
Mensaje D / 00:00:04:810 / top(01) / 00:00:00:050 para Root(00)
Mensaje * / 00:00:04:860 / Root(00) para top(01)
Mensaje * / 00:00:04:860 / top(01) para ue1(02)
Mensaje Y / 00:00:04:860 / ue1(02) / out / 120180.00000 para top(01)
Mensaje D / 00:00:04:860 / ue1(02) / 00:00:00:000 para top(01)
Mensaje Y / 00:00:04:860 / top(01) / out / 120180.00000 para Root(00)
Mensaje D / 00:00:04:860 / top(01) / 00:00:00:000 para Root(00)
Mensaje * / 00:00:04:860 / Root(00) para top(01)
Mensaje * / 00:00:04:860 / top(01) para ue1(02)
Mensaje D / 00:00:04:860 / ue1(02) / 00:00:00:050 para top(01)
Mensaje D / 00:00:04:860 / top(01) / 00:00:00:050 para Root(00)
Mensaje * / 00:00:04:910 / Root(00) para top(01)
Mensaje * / 00:00:04:910 / top(01) para ue1(02)
Mensaje Y / 00:00:04:910 / ue1(02) / out / 120182.00000 para top(01)
Mensaje D / 00:00:04:910 / ue1(02) / 00:00:00:000 para top(01)
Mensaje Y / 00:00:04:910 / top(01) / out / 120182.00000 para Root(00)
Mensaje D / 00:00:04:910 / top(01) / 00:00:00:000 para Root(00)
Mensaje * / 00:00:04:910 / Root(00) para top(01)
Mensaje * / 00:00:04:910 / top(01) para ue1(02)
Mensaje D / 00:00:04:910 / ue1(02) / 00:00:00:050 para top(01)
Mensaje D / 00:00:04:910 / top(01) / 00:00:00:050 para Root(00)
Mensaje * / 00:00:04:960 / Root(00) para top(01)
Mensaje * / 00:00:04:960 / top(01) para ue1(02)
Mensaje Y / 00:00:04:960 / ue1(02) / out / 120184.00000 para top(01)
Mensaje D / 00:00:04:960 / ue1(02) / 00:00:00:000 para top(01)
Mensaje Y / 00:00:04:960 / top(01) / out / 120184.00000 para Root(00)
Mensaje D / 00:00:04:960 / top(01) / 00:00:00:000 para Root(00)
Mensaje * / 00:00:04:960 / Root(00) para top(01)
Mensaje * / 00:00:04:960 / top(01) para ue1(02)
Mensaje D / 00:00:04:960 / ue1(02) / 00:00:00:050 para top(01)
Mensaje D / 00:00:04:960 / top(01) / 00:00:00:050 para Root(00)
