Mensaje I / 00:00:00:000 / Root(00) para top(01)
Mensaje I / 00:00:00:000 / top(01) para ue3(02)
Mensaje D / 00:00:00:000 / ue3(02) / 00:00:00:000 para top(01)
Mensaje D / 00:00:00:000 / top(01) / 00:00:00:000 para Root(00)
Mensaje * / 00:00:00:000 / Root(00) para top(01)
Mensaje * / 00:00:00:000 / top(01) para ue3(02)
Mensaje D / 00:00:00:000 / ue3(02) / ... para top(01)
Mensaje D / 00:00:00:000 / top(01) / ... para Root(00)
Mensaje X / 00:00:00:025 / Root(00) / in / 910000.00000 para top(01)
Mensaje X / 00:00:00:025 / top(01) / in / 910000.00000 para ue3(02)
Mensaje D / 00:00:00:025 / ue3(02) / 00:00:00:010 para top(01)
Mensaje D / 00:00:00:025 / top(01) / 00:00:00:010 para Root(00)
Mensaje * / 00:00:00:035 / Root(00) para top(01)
Mensaje * / 00:00:00:035 / top(01) para ue3(02)
Mensaje Y / 00:00:00:035 / ue3(02) / out / 910001.00000 para top(01)
Mensaje D / 00:00:00:035 / ue3(02) / 00:00:00:000 para top(01)
Mensaje Y / 00:00:00:035 / top(01) / out / 910001.00000 para Root(00)
Mensaje D / 00:00:00:035 / top(01) / 00:00:00:000 para Root(00)
Mensaje * / 00:00:00:035 / Root(00) para top(01)
Mensaje * / 00:00:00:035 / top(01) para ue3(02)
Mensaje D / 00:00:00:035 / ue3(02) / ... para top(01)
Mensaje D / 00:00:00:035 / top(01) / ... para Root(00)
Mensaje X / 00:00:00:040 / Root(00) / in / 910002.00000 para top(01)
Mensaje X / 00:00:00:040 / top(01) / in / 910002.00000 para ue3(02)
Mensaje D / 00:00:00:040 / ue3(02) / 00:00:00:010 para top(01)
Mensaje D / 00:00:00:040 / top(01) / 00:00:00:010 para Root(00)
Mensaje * / 00:00:00:050 / Root(00) para top(01)
Mensaje * / 00:00:00:050 / top(01) para ue3(02)
Mensaje Y / 00:00:00:050 / ue3(02) / out / 910003.00000 para top(01)
Mensaje D / 00:00:00:050 / ue3(02) / 00:00:00:000 para top(01)
Mensaje Y / 00:00:00:050 / top(01) / out / 910003.00000 para Root(00)
Mensaje D / 00:00:00:050 / top(01) / 00:00:00:000 para Root(00)
Mensaje * / 00:00:00:050 / Root(00) para top(01)
Mensaje * / 00:00:00:050 / top(01) para ue3(02)
Mensaje D / 00:00:00:050 / ue3(02) / ... para top(01)
Mensaje D / 00:00:00:050 / top(01) / ... para Root(00)
Mensaje X / 00:00:01:015 / Root(00) / in / 910004.00000 para top(01)
Mensaje X / 00:00:01:015 / top(01) / in / 910004.00000 para ue3(02)
Mensaje D / 00:00:01:015 / ue3(02) / 00:00:00:010 para top(01)
Mensaje D / 00:00:01:015 / top(01) / 00:00:00:010 para Root(00)
Mensaje * / 00:00:01:025 / Root(00) para top(01)
Mensaje * / 00:00:01:025 / top(01) para ue3(02)
Mensaje Y / 00:00:01:025 / ue3(02) / out / 910005.00000 para top(01)
Mensaje D / 00:00:01:025 / ue3(02) / 00:00:00:000 para top(01)
Mensaje Y / 00:00:01:025 / top(01) / out / 910005.00000 para Root(00)
Mensaje D / 00:00:01:025 / top(01) / 00:00:00:000 para Root(00)
Mensaje * / 00:00:01:025 / Root(00) para top(01)
Mensaje * / 00:00:01:025 / top(01) para ue3(02)
Mensaje D / 00:00:01:025 / ue3(02) / ... para top(01)
Mensaje D / 00:00:01:025 / top(01) / ... para Root(00)
Mensaje X / 00:00:01:035 / Root(00) / in / 910006.00000 para top(01)
Mensaje X / 00:00:01:035 / top(01) / in / 910006.00000 para ue3(02)
Mensaje D / 00:00:01:035 / ue3(02) / 00:00:00:010 para top(01)
Mensaje D / 00:00:01:035 / top(01) / 00:00:00:010 para Root(00)
Mensaje * / 00:00:01:045 / Root(00) para top(01)
Mensaje * / 00:00:01:045 / top(01) para ue3(02)
Mensaje Y / 00:00:01:045 / ue3(02) / out / 910007.00000 para top(01)
Mensaje D / 00:00:01:045 / ue3(02) / 00:00:00:000 para top(01)
Mensaje Y / 00:00:01:045 / top(01) / out / 910007.00000 para Root(00)
Mensaje D / 00:00:01:045 / top(01) / 00:00:00:000 para Root(00)
Mensaje * / 00:00:01:045 / Root(00) para top(01)
Mensaje * / 00:00:01:045 / top(01) para ue3(02)
Mensaje D / 00:00:01:045 / ue3(02) / ... para top(01)
Mensaje D / 00:00:01:045 / top(01) / ... para Root(00)
Mensaje X / 00:00:01:055 / Root(00) / in / 910008.00000 para top(01)
Mensaje X / 00:00:01:055 / top(01) / in / 910008.00000 para ue3(02)
Mensaje D / 00:00:01:055 / ue3(02) / 00:00:00:010 para top(01)
Mensaje D / 00:00:01:055 / top(01) / 00:00:00:010 para Root(00)
Mensaje * / 00:00:01:065 / Root(00) para top(01)
Mensaje * / 00:00:01:065 / top(01) para ue3(02)
Mensaje Y / 00:00:01:065 / ue3(02) / out / 910009.00000 para top(01)
Mensaje D / 00:00:01:065 / ue3(02) / 00:00:00:000 para top(01)
Mensaje Y / 00:00:01:065 / top(01) / out / 910009.00000 para Root(00)
Mensaje D / 00:00:01:065 / top(01) / 00:00:00:000 para Root(00)
Mensaje * / 00:00:01:065 / Root(00) para top(01)
Mensaje * / 00:00:01:065 / top(01) para ue3(02)
Mensaje D / 00:00:01:065 / ue3(02) / ... para top(01)
Mensaje D / 00:00:01:065 / top(01) / ... para Root(00)
Mensaje X / 00:00:02:015 / Root(00) / in / 910010.00000 para top(01)
Mensaje X / 00:00:02:015 / top(01) / in / 910010.00000 para ue3(02)
Mensaje D / 00:00:02:015 / ue3(02) / 00:00:00:010 para top(01)
Mensaje D / 00:00:02:015 / top(01) / 00:00:00:010 para Root(00)
Mensaje * / 00:00:02:025 / Root(00) para top(01)
Mensaje * / 00:00:02:025 / top(01) para ue3(02)
Mensaje Y / 00:00:02:025 / ue3(02) / out / 910011.00000 para top(01)
Mensaje D / 00:00:02:025 / ue3(02) / 00:00:00:000 para top(01)
Mensaje Y / 00:00:02:025 / top(01) / out / 910011.00000 para Root(00)
Mensaje D / 00:00:02:025 / top(01) / 00:00:00:000 para Root(00)
Mensaje * / 00:00:02:025 / Root(00) para top(01)
Mensaje * / 00:00:02:025 / top(01) para ue3(02)
Mensaje D / 00:00:02:025 / ue3(02) / ... para top(01)
Mensaje D / 00:00:02:025 / top(01) / ... para Root(00)
Mensaje X / 00:00:02:035 / Root(00) / in / 910012.00000 para top(01)
Mensaje X / 00:00:02:035 / top(01) / in / 910012.00000 para ue3(02)
Mensaje D / 00:00:02:035 / ue3(02) / 00:00:00:010 para top(01)
Mensaje D / 00:00:02:035 / top(01) / 00:00:00:010 para Root(00)
Mensaje * / 00:00:02:045 / Root(00) para top(01)
Mensaje * / 00:00:02:045 / top(01) para ue3(02)
Mensaje Y / 00:00:02:045 / ue3(02) / out / 910013.00000 para top(01)
Mensaje D / 00:00:02:045 / ue3(02) / 00:00:00:000 para top(01)
Mensaje Y / 00:00:02:045 / top(01) / out / 910013.00000 para Root(00)
Mensaje D / 00:00:02:045 / top(01) / 00:00:00:000 para Root(00)
Mensaje * / 00:00:02:045 / Root(00) para top(01)
Mensaje * / 00:00:02:045 / top(01) para ue3(02)
Mensaje D / 00:00:02:045 / ue3(02) / ... para top(01)
Mensaje D / 00:00:02:045 / top(01) / ... para Root(00)
Mensaje X / 00:00:02:055 / Root(00) / in / 910014.00000 para top(01)
Mensaje X / 00:00:02:055 / top(01) / in / 910014.00000 para ue3(02)
Mensaje D / 00:00:02:055 / ue3(02) / 00:00:00:010 para top(01)
Mensaje D / 00:00:02:055 / top(01) / 00:00:00:010 para Root(00)
Mensaje * / 00:00:02:065 / Root(00) para top(01)
Mensaje * / 00:00:02:065 / top(01) para ue3(02)
Mensaje Y / 00:00:02:065 / ue3(02) / out / 910015.00000 para top(01)
Mensaje D / 00:00:02:065 / ue3(02) / 00:00:00:000 para top(01)
Mensaje Y / 00:00:02:065 / top(01) / out / 910015.00000 para Root(00)
Mensaje D / 00:00:02:065 / top(01) / 00:00:00:000 para Root(00)
Mensaje * / 00:00:02:065 / Root(00) para top(01)
Mensaje * / 00:00:02:065 / top(01) para ue3(02)
Mensaje D / 00:00:02:065 / ue3(02) / ... para top(01)
Mensaje D / 00:00:02:065 / top(01) / ... para Root(00)
Mensaje X / 00:00:03:015 / Root(00) / in / 910016.00000 para top(01)
Mensaje X / 00:00:03:015 / top(01) / in / 910016.00000 para ue3(02)
Mensaje D / 00:00:03:015 / ue3(02) / 00:00:00:010 para top(01)
Mensaje D / 00:00:03:015 / top(01) / 00:00:00:010 para Root(00)
Mensaje * / 00:00:03:025 / Root(00) para top(01)
Mensaje * / 00:00:03:025 / top(01) para ue3(02)
Mensaje Y / 00:00:03:025 / ue3(02) / out / 910017.00000 para top(01)
Mensaje D / 00:00:03:025 / ue3(02) / 00:00:00:000 para top(01)
Mensaje Y / 00:00:03:025 / top(01) / out / 910017.00000 para Root(00)
Mensaje D / 00:00:03:025 / top(01) / 00:00:00:000 para Root(00)
Mensaje * / 00:00:03:025 / Root(00) para top(01)
Mensaje * / 00:00:03:025 / top(01) para ue3(02)
Mensaje D / 00:00:03:025 / ue3(02) / ... para top(01)
Mensaje D / 00:00:03:025 / top(01) / ... para Root(00)
Mensaje X / 00:00:03:035 / Root(00) / in / 910018.00000 para top(01)
Mensaje X / 00:00:03:035 / top(01) / in / 910018.00000 para ue3(02)
Mensaje D / 00:00:03:035 / ue3(02) / 00:00:00:010 para top(01)
Mensaje D / 00:00:03:035 / top(01) / 00:00:00:010 para Root(00)
Mensaje * / 00:00:03:045 / Root(00) para top(01)
Mensaje * / 00:00:03:045 / top(01) para ue3(02)
Mensaje Y / 00:00:03:045 / ue3(02) / out / 910019.00000 para top(01)
Mensaje D / 00:00:03:045 / ue3(02) / 00:00:00:000 para top(01)
Mensaje Y / 00:00:03:045 / top(01) / out / 910019.00000 para Root(00)
Mensaje D / 00:00:03:045 / top(01) / 00:00:00:000 para Root(00)
Mensaje * / 00:00:03:045 / Root(00) para top(01)
Mensaje * / 00:00:03:045 / top(01) para ue3(02)
Mensaje D / 00:00:03:045 / ue3(02) / ... para top(01)
Mensaje D / 00:00:03:045 / top(01) / ... para Root(00)
Mensaje X / 00:00:03:050 / Root(00) / in / 910020.00000 para top(01)
Mensaje X / 00:00:03:050 / top(01) / in / 910020.00000 para ue3(02)
Mensaje D / 00:00:03:050 / ue3(02) / 00:00:00:010 para top(01)
Mensaje D / 00:00:03:050 / top(01) / 00:00:00:010 para Root(00)
Mensaje * / 00:00:03:060 / Root(00) para top(01)
Mensaje * / 00:00:03:060 / top(01) para ue3(02)
Mensaje Y / 00:00:03:060 / ue3(02) / out / 910021.00000 para top(01)
Mensaje D / 00:00:03:060 / ue3(02) / 00:00:00:000 para top(01)
Mensaje Y / 00:00:03:060 / top(01) / out / 910021.00000 para Root(00)
Mensaje D / 00:00:03:060 / top(01) / 00:00:00:000 para Root(00)
Mensaje * / 00:00:03:060 / Root(00) para top(01)
Mensaje * / 00:00:03:060 / top(01) para ue3(02)
Mensaje D / 00:00:03:060 / ue3(02) / ... para top(01)
Mensaje D / 00:00:03:060 / top(01) / ... para Root(00)
Mensaje X / 00:00:04:050 / Root(00) / in / 120051.00000 para top(01)
Mensaje X / 00:00:04:050 / top(01) / in / 120051.00000 para ue3(02)
Mensaje D / 00:00:04:050 / ue3(02) / 00:00:00:010 para top(01)
Mensaje D / 00:00:04:050 / top(01) / 00:00:00:010 para Root(00)
Mensaje * / 00:00:04:060 / Root(00) para top(01)
Mensaje * / 00:00:04:060 / top(01) para ue3(02)
Mensaje Y / 00:00:04:060 / ue3(02) / out /     25.00000 para top(01)
Mensaje D / 00:00:04:060 / ue3(02) / 00:00:00:000 para top(01)
Mensaje Y / 00:00:04:060 / top(01) / out /     25.00000 para Root(00)
Mensaje D / 00:00:04:060 / top(01) / 00:00:00:000 para Root(00)
Mensaje * / 00:00:04:060 / Root(00) para top(01)
Mensaje * / 00:00:04:060 / top(01) para ue3(02)
Mensaje D / 00:00:04:060 / ue3(02) / ... para top(01)
Mensaje D / 00:00:04:060 / top(01) / ... para Root(00)
