Mensaje I / 00:00:00:000 / Root(00) para top(01)
Mensaje I / 00:00:00:000 / top(01) para ue2(02)
Mensaje D / 00:00:00:000 / ue2(02) / 00:00:00:000 para top(01)
Mensaje D / 00:00:00:000 / top(01) / 00:00:00:000 para Root(00)
Mensaje * / 00:00:00:000 / Root(00) para top(01)
Mensaje * / 00:00:00:000 / top(01) para ue2(02)
Mensaje D / 00:00:00:000 / ue2(02) / 00:00:00:050 para top(01)
Mensaje D / 00:00:00:000 / top(01) / 00:00:00:050 para Root(00)
Mensaje X / 00:00:00:025 / Root(00) / in / 910000.00000 para top(01)
Mensaje X / 00:00:00:025 / top(01) / in / 910000.00000 para ue2(02)
Mensaje D / 00:00:00:025 / ue2(02) / 00:00:00:010 para top(01)
Mensaje D / 00:00:00:025 / top(01) / 00:00:00:010 para Root(00)
Mensaje * / 00:00:00:035 / Root(00) para top(01)
Mensaje * / 00:00:00:035 / top(01) para ue2(02)
Mensaje Y / 00:00:00:035 / ue2(02) / out / 910001.00000 para top(01)
Mensaje D / 00:00:00:035 / ue2(02) / 00:00:00:000 para top(01)
Mensaje Y / 00:00:00:035 / top(01) / out / 910001.00000 para Root(00)
Mensaje D / 00:00:00:035 / top(01) / 00:00:00:000 para Root(00)
Mensaje * / 00:00:00:035 / Root(00) para top(01)
Mensaje * / 00:00:00:035 / top(01) para ue2(02)
Mensaje D / 00:00:00:035 / ue2(02) / 00:00:00:050 para top(01)
Mensaje D / 00:00:00:035 / top(01) / 00:00:00:050 para Root(00)
Mensaje X / 00:00:00:040 / Root(00) / in / 910002.00000 para top(01)
Mensaje X / 00:00:00:040 / top(01) / in / 910002.00000 para ue2(02)
Mensaje D / 00:00:00:040 / ue2(02) / 00:00:00:010 para top(01)
Mensaje D / 00:00:00:040 / top(01) / 00:00:00:010 para Root(00)
Mensaje * / 00:00:00:050 / Root(00) para top(01)
Mensaje * / 00:00:00:050 / top(01) para ue2(02)
Mensaje Y / 00:00:00:050 / ue2(02) / out / 910003.00000 para top(01)
Mensaje D / 00:00:00:050 / ue2(02) / 00:00:00:000 para top(01)
Mensaje Y / 00:00:00:050 / top(01) / out / 910003.00000 para Root(00)
Mensaje D / 00:00:00:050 / top(01) / 00:00:00:000 para Root(00)
Mensaje * / 00:00:00:050 / Root(00) para top(01)
Mensaje * / 00:00:00:050 / top(01) para ue2(02)
Mensaje D / 00:00:00:050 / ue2(02) / 00:00:00:050 para top(01)
Mensaje D / 00:00:00:050 / top(01) / 00:00:00:050 para Root(00)
Mensaje * / 00:00:00:100 / Root(00) para top(01)
Mensaje * / 00:00:00:100 / top(01) para ue2(02)
Mensaje Y / 00:00:00:100 / ue2(02) / out / 230002.00000 para top(01)
Mensaje D / 00:00:00:100 / ue2(02) / 00:00:00:000 para top(01)
Mensaje Y / 00:00:00:100 / top(01) / out / 230002.00000 para Root(00)
Mensaje D / 00:00:00:100 / top(01) / 00:00:00:000 para Root(00)
Mensaje * / 00:00:00:100 / Root(00) para top(01)
Mensaje * / 00:00:00:100 / top(01) para ue2(02)
Mensaje D / 00:00:00:100 / ue2(02) / 00:00:00:050 para top(01)
Mensaje D / 00:00:00:100 / top(01) / 00:00:00:050 para Root(00)
Mensaje * / 00:00:00:150 / Root(00) para top(01)
Mensaje * / 00:00:00:150 / top(01) para ue2(02)
Mensaje Y / 00:00:00:150 / ue2(02) / out / 230004.00000 para top(01)
Mensaje D / 00:00:00:150 / ue2(02) / 00:00:00:000 para top(01)
Mensaje Y / 00:00:00:150 / top(01) / out / 230004.00000 para Root(00)
Mensaje D / 00:00:00:150 / top(01) / 00:00:00:000 para Root(00)
Mensaje * / 00:00:00:150 / Root(00) para top(01)
Mensaje * / 00:00:00:150 / top(01) para ue2(02)
Mensaje D / 00:00:00:150 / ue2(02) / 00:00:00:050 para top(01)
Mensaje D / 00:00:00:150 / top(01) / 00:00:00:050 para Root(00)
Mensaje * / 00:00:00:200 / Root(00) para top(01)
Mensaje * / 00:00:00:200 / top(01) para ue2(02)
Mensaje Y / 00:00:00:200 / ue2(02) / out / 230006.00000 para top(01)
Mensaje D / 00:00:00:200 / ue2(02) / 00:00:00:000 para top(01)
Mensaje Y / 00:00:00:200 / top(01) / out / 230006.00000 para Root(00)
Mensaje D / 00:00:00:200 / top(01) / 00:00:00:000 para Root(00)
Mensaje * / 00:00:00:200 / Root(00) para top(01)
Mensaje * / 00:00:00:200 / top(01) para ue2(02)
Mensaje D / 00:00:00:200 / ue2(02) / 00:00:00:050 para top(01)
Mensaje D / 00:00:00:200 / top(01) / 00:00:00:050 para Root(00)
Mensaje * / 00:00:00:250 / Root(00) para top(01)
Mensaje * / 00:00:00:250 / top(01) para ue2(02)
Mensaje Y / 00:00:00:250 / ue2(02) / out / 230008.00000 para top(01)
Mensaje D / 00:00:00:250 / ue2(02) / 00:00:00:000 para top(01)
Mensaje Y / 00:00:00:250 / top(01) / out / 230008.00000 para Root(00)
Mensaje D / 00:00:00:250 / top(01) / 00:00:00:000 para Root(00)
Mensaje * / 00:00:00:250 / Root(00) para top(01)
Mensaje * / 00:00:00:250 / top(01) para ue2(02)
Mensaje D / 00:00:00:250 / ue2(02) / 00:00:00:050 para top(01)
Mensaje D / 00:00:00:250 / top(01) / 00:00:00:050 para Root(00)
Mensaje * / 00:00:00:300 / Root(00) para top(01)
Mensaje * / 00:00:00:300 / top(01) para ue2(02)
Mensaje Y / 00:00:00:300 / ue2(02) / out / 230010.00000 para top(01)
Mensaje D / 00:00:00:300 / ue2(02) / 00:00:00:000 para top(01)
Mensaje Y / 00:00:00:300 / top(01) / out / 230010.00000 para Root(00)
Mensaje D / 00:00:00:300 / top(01) / 00:00:00:000 para Root(00)
Mensaje * / 00:00:00:300 / Root(00) para top(01)
Mensaje * / 00:00:00:300 / top(01) para ue2(02)
Mensaje D / 00:00:00:300 / ue2(02) / 00:00:00:050 para top(01)
Mensaje D / 00:00:00:300 / top(01) / 00:00:00:050 para Root(00)
Mensaje * / 00:00:00:350 / Root(00) para top(01)
Mensaje * / 00:00:00:350 / top(01) para ue2(02)
Mensaje Y / 00:00:00:350 / ue2(02) / out / 230012.00000 para top(01)
Mensaje D / 00:00:00:350 / ue2(02) / 00:00:00:000 para top(01)
Mensaje Y / 00:00:00:350 / top(01) / out / 230012.00000 para Root(00)
Mensaje D / 00:00:00:350 / top(01) / 00:00:00:000 para Root(00)
Mensaje * / 00:00:00:350 / Root(00) para top(01)
Mensaje * / 00:00:00:350 / top(01) para ue2(02)
Mensaje D / 00:00:00:350 / ue2(02) / 00:00:00:050 para top(01)
Mensaje D / 00:00:00:350 / top(01) / 00:00:00:050 para Root(00)
Mensaje * / 00:00:00:400 / Root(00) para top(01)
Mensaje * / 00:00:00:400 / top(01) para ue2(02)
Mensaje Y / 00:00:00:400 / ue2(02) / out / 230014.00000 para top(01)
Mensaje D / 00:00:00:400 / ue2(02) / 00:00:00:000 para top(01)
Mensaje Y / 00:00:00:400 / top(01) / out / 230014.00000 para Root(00)
Mensaje D / 00:00:00:400 / top(01) / 00:00:00:000 para Root(00)
Mensaje * / 00:00:00:400 / Root(00) para top(01)
Mensaje * / 00:00:00:400 / top(01) para ue2(02)
Mensaje D / 00:00:00:400 / ue2(02) / 00:00:00:050 para top(01)
Mensaje D / 00:00:00:400 / top(01) / 00:00:00:050 para Root(00)
Mensaje * / 00:00:00:450 / Root(00) para top(01)
Mensaje * / 00:00:00:450 / top(01) para ue2(02)
Mensaje Y / 00:00:00:450 / ue2(02) / out / 230016.00000 para top(01)
Mensaje D / 00:00:00:450 / ue2(02) / 00:00:00:000 para top(01)
Mensaje Y / 00:00:00:450 / top(01) / out / 230016.00000 para Root(00)
Mensaje D / 00:00:00:450 / top(01) / 00:00:00:000 para Root(00)
Mensaje * / 00:00:00:450 / Root(00) para top(01)
Mensaje * / 00:00:00:450 / top(01) para ue2(02)
Mensaje D / 00:00:00:450 / ue2(02) / 00:00:00:050 para top(01)
Mensaje D / 00:00:00:450 / top(01) / 00:00:00:050 para Root(00)
Mensaje * / 00:00:00:500 / Root(00) para top(01)
Mensaje * / 00:00:00:500 / top(01) para ue2(02)
Mensaje Y / 00:00:00:500 / ue2(02) / out / 230018.00000 para top(01)
Mensaje D / 00:00:00:500 / ue2(02) / 00:00:00:000 para top(01)
Mensaje Y / 00:00:00:500 / top(01) / out / 230018.00000 para Root(00)
Mensaje D / 00:00:00:500 / top(01) / 00:00:00:000 para Root(00)
Mensaje * / 00:00:00:500 / Root(00) para top(01)
Mensaje * / 00:00:00:500 / top(01) para ue2(02)
Mensaje D / 00:00:00:500 / ue2(02) / 00:00:00:050 para top(01)
Mensaje D / 00:00:00:500 / top(01) / 00:00:00:050 para Root(00)
Mensaje * / 00:00:00:550 / Root(00) para top(01)
Mensaje * / 00:00:00:550 / top(01) para ue2(02)
Mensaje Y / 00:00:00:550 / ue2(02) / out / 230020.00000 para top(01)
Mensaje D / 00:00:00:550 / ue2(02) / 00:00:00:000 para top(01)
Mensaje Y / 00:00:00:550 / top(01) / out / 230020.00000 para Root(00)
Mensaje D / 00:00:00:550 / top(01) / 00:00:00:000 para Root(00)
Mensaje * / 00:00:00:550 / Root(00) para top(01)
Mensaje * / 00:00:00:550 / top(01) para ue2(02)
Mensaje D / 00:00:00:550 / ue2(02) / 00:00:00:050 para top(01)
Mensaje D / 00:00:00:550 / top(01) / 00:00:00:050 para Root(00)
Mensaje * / 00:00:00:600 / Root(00) para top(01)
Mensaje * / 00:00:00:600 / top(01) para ue2(02)
Mensaje Y / 00:00:00:600 / ue2(02) / out / 230022.00000 para top(01)
Mensaje D / 00:00:00:600 / ue2(02) / 00:00:00:000 para top(01)
Mensaje Y / 00:00:00:600 / top(01) / out / 230022.00000 para Root(00)
Mensaje D / 00:00:00:600 / top(01) / 00:00:00:000 para Root(00)
Mensaje * / 00:00:00:600 / Root(00) para top(01)
Mensaje * / 00:00:00:600 / top(01) para ue2(02)
Mensaje D / 00:00:00:600 / ue2(02) / 00:00:00:050 para top(01)
Mensaje D / 00:00:00:600 / top(01) / 00:00:00:050 para Root(00)
Mensaje * / 00:00:00:650 / Root(00) para top(01)
Mensaje * / 00:00:00:650 / top(01) para ue2(02)
Mensaje Y / 00:00:00:650 / ue2(02) / out / 230024.00000 para top(01)
Mensaje D / 00:00:00:650 / ue2(02) / 00:00:00:000 para top(01)
Mensaje Y / 00:00:00:650 / top(01) / out / 230024.00000 para Root(00)
Mensaje D / 00:00:00:650 / top(01) / 00:00:00:000 para Root(00)
Mensaje * / 00:00:00:650 / Root(00) para top(01)
Mensaje * / 00:00:00:650 / top(01) para ue2(02)
Mensaje D / 00:00:00:650 / ue2(02) / 00:00:00:050 para top(01)
Mensaje D / 00:00:00:650 / top(01) / 00:00:00:050 para Root(00)
Mensaje * / 00:00:00:700 / Root(00) para top(01)
Mensaje * / 00:00:00:700 / top(01) para ue2(02)
Mensaje Y / 00:00:00:700 / ue2(02) / out / 230026.00000 para top(01)
Mensaje D / 00:00:00:700 / ue2(02) / 00:00:00:000 para top(01)
Mensaje Y / 00:00:00:700 / top(01) / out / 230026.00000 para Root(00)
Mensaje D / 00:00:00:700 / top(01) / 00:00:00:000 para Root(00)
Mensaje * / 00:00:00:700 / Root(00) para top(01)
Mensaje * / 00:00:00:700 / top(01) para ue2(02)
Mensaje D / 00:00:00:700 / ue2(02) / 00:00:00:050 para top(01)
Mensaje D / 00:00:00:700 / top(01) / 00:00:00:050 para Root(00)
Mensaje * / 00:00:00:750 / Root(00) para top(01)
Mensaje * / 00:00:00:750 / top(01) para ue2(02)
Mensaje Y / 00:00:00:750 / ue2(02) / out / 230028.00000 para top(01)
Mensaje D / 00:00:00:750 / ue2(02) / 00:00:00:000 para top(01)
Mensaje Y / 00:00:00:750 / top(01) / out / 230028.00000 para Root(00)
Mensaje D / 00:00:00:750 / top(01) / 00:00:00:000 para Root(00)
Mensaje * / 00:00:00:750 / Root(00) para top(01)
Mensaje * / 00:00:00:750 / top(01) para ue2(02)
Mensaje D / 00:00:00:750 / ue2(02) / 00:00:00:050 para top(01)
Mensaje D / 00:00:00:750 / top(01) / 00:00:00:050 para Root(00)
Mensaje * / 00:00:00:800 / Root(00) para top(01)
Mensaje * / 00:00:00:800 / top(01) para ue2(02)
Mensaje Y / 00:00:00:800 / ue2(02) / out / 230030.00000 para top(01)
Mensaje D / 00:00:00:800 / ue2(02) / 00:00:00:000 para top(01)
Mensaje Y / 00:00:00:800 / top(01) / out / 230030.00000 para Root(00)
Mensaje D / 00:00:00:800 / top(01) / 00:00:00:000 para Root(00)
Mensaje * / 00:00:00:800 / Root(00) para top(01)
Mensaje * / 00:00:00:800 / top(01) para ue2(02)
Mensaje D / 00:00:00:800 / ue2(02) / 00:00:00:050 para top(01)
Mensaje D / 00:00:00:800 / top(01) / 00:00:00:050 para Root(00)
Mensaje * / 00:00:00:850 / Root(00) para top(01)
Mensaje * / 00:00:00:850 / top(01) para ue2(02)
Mensaje Y / 00:00:00:850 / ue2(02) / out / 230032.00000 para top(01)
Mensaje D / 00:00:00:850 / ue2(02) / 00:00:00:000 para top(01)
Mensaje Y / 00:00:00:850 / top(01) / out / 230032.00000 para Root(00)
Mensaje D / 00:00:00:850 / top(01) / 00:00:00:000 para Root(00)
Mensaje * / 00:00:00:850 / Root(00) para top(01)
Mensaje * / 00:00:00:850 / top(01) para ue2(02)
Mensaje D / 00:00:00:850 / ue2(02) / 00:00:00:050 para top(01)
Mensaje D / 00:00:00:850 / top(01) / 00:00:00:050 para Root(00)
Mensaje * / 00:00:00:900 / Root(00) para top(01)
Mensaje * / 00:00:00:900 / top(01) para ue2(02)
Mensaje Y / 00:00:00:900 / ue2(02) / out / 230034.00000 para top(01)
Mensaje D / 00:00:00:900 / ue2(02) / 00:00:00:000 para top(01)
Mensaje Y / 00:00:00:900 / top(01) / out / 230034.00000 para Root(00)
Mensaje D / 00:00:00:900 / top(01) / 00:00:00:000 para Root(00)
Mensaje * / 00:00:00:900 / Root(00) para top(01)
Mensaje * / 00:00:00:900 / top(01) para ue2(02)
Mensaje D / 00:00:00:900 / ue2(02) / 00:00:00:050 para top(01)
Mensaje D / 00:00:00:900 / top(01) / 00:00:00:050 para Root(00)
Mensaje * / 00:00:00:950 / Root(00) para top(01)
Mensaje * / 00:00:00:950 / top(01) para ue2(02)
Mensaje Y / 00:00:00:950 / ue2(02) / out / 230036.00000 para top(01)
Mensaje D / 00:00:00:950 / ue2(02) / 00:00:00:000 para top(01)
Mensaje Y / 00:00:00:950 / top(01) / out / 230036.00000 para Root(00)
Mensaje D / 00:00:00:950 / top(01) / 00:00:00:000 para Root(00)
Mensaje * / 00:00:00:950 / Root(00) para top(01)
Mensaje * / 00:00:00:950 / top(01) para ue2(02)
Mensaje D / 00:00:00:950 / ue2(02) / 00:00:00:050 para top(01)
Mensaje D / 00:00:00:950 / top(01) / 00:00:00:050 para Root(00)
Mensaje * / 00:00:01:000 / Root(00) para top(01)
Mensaje * / 00:00:01:000 / top(01) para ue2(02)
Mensaje Y / 00:00:01:000 / ue2(02) / out / 230038.00000 para top(01)
Mensaje D / 00:00:01:000 / ue2(02) / 00:00:00:000 para top(01)
Mensaje Y / 00:00:01:000 / top(01) / out / 230038.00000 para Root(00)
Mensaje D / 00:00:01:000 / top(01) / 00:00:00:000 para Root(00)
Mensaje * / 00:00:01:000 / Root(00) para top(01)
Mensaje * / 00:00:01:000 / top(01) para ue2(02)
Mensaje D / 00:00:01:000 / ue2(02) / 00:00:00:050 para top(01)
Mensaje D / 00:00:01:000 / top(01) / 00:00:00:050 para Root(00)
Mensaje X / 00:00:01:015 / Root(00) / in / 910004.00000 para top(01)
Mensaje X / 00:00:01:015 / top(01) / in / 910004.00000 para ue2(02)
Mensaje D / 00:00:01:015 / ue2(02) / 00:00:00:010 para top(01)
Mensaje D / 00:00:01:015 / top(01) / 00:00:00:010 para Root(00)
Mensaje * / 00:00:01:025 / Root(00) para top(01)
Mensaje * / 00:00:01:025 / top(01) para ue2(02)
Mensaje Y / 00:00:01:025 / ue2(02) / out / 910005.00000 para top(01)
Mensaje D / 00:00:01:025 / ue2(02) / 00:00:00:000 para top(01)
Mensaje Y / 00:00:01:025 / top(01) / out / 910005.00000 para Root(00)
Mensaje D / 00:00:01:025 / top(01) / 00:00:00:000 para Root(00)
Mensaje * / 00:00:01:025 / Root(00) para top(01)
Mensaje * / 00:00:01:025 / top(01) para ue2(02)
Mensaje D / 00:00:01:025 / ue2(02) / 00:00:00:050 para top(01)
Mensaje D / 00:00:01:025 / top(01) / 00:00:00:050 para Root(00)
Mensaje X / 00:00:01:035 / Root(00) / in / 910006.00000 para top(01)
Mensaje X / 00:00:01:035 / top(01) / in / 910006.00000 para ue2(02)
Mensaje D / 00:00:01:035 / ue2(02) / 00:00:00:010 para top(01)
Mensaje D / 00:00:01:035 / top(01) / 00:00:00:010 para Root(00)
Mensaje * / 00:00:01:045 / Root(00) para top(01)
Mensaje * / 00:00:01:045 / top(01) para ue2(02)
Mensaje Y / 00:00:01:045 / ue2(02) / out / 910007.00000 para top(01)
Mensaje D / 00:00:01:045 / ue2(02) / 00:00:00:000 para top(01)
Mensaje Y / 00:00:01:045 / top(01) / out / 910007.00000 para Root(00)
Mensaje D / 00:00:01:045 / top(01) / 00:00:00:000 para Root(00)
Mensaje * / 00:00:01:045 / Root(00) para top(01)
Mensaje * / 00:00:01:045 / top(01) para ue2(02)
Mensaje D / 00:00:01:045 / ue2(02) / 00:00:00:050 para top(01)
Mensaje D / 00:00:01:045 / top(01) / 00:00:00:050 para Root(00)
Mensaje X / 00:00:01:055 / Root(00) / in / 910008.00000 para top(01)
Mensaje X / 00:00:01:055 / top(01) / in / 910008.00000 para ue2(02)
Mensaje D / 00:00:01:055 / ue2(02) / 00:00:00:010 para top(01)
Mensaje D / 00:00:01:055 / top(01) / 00:00:00:010 para Root(00)
Mensaje * / 00:00:01:065 / Root(00) para top(01)
Mensaje * / 00:00:01:065 / top(01) para ue2(02)
Mensaje Y / 00:00:01:065 / ue2(02) / out / 910009.00000 para top(01)
Mensaje D / 00:00:01:065 / ue2(02) / 00:00:00:000 para top(01)
Mensaje Y / 00:00:01:065 / top(01) / out / 910009.00000 para Root(00)
Mensaje D / 00:00:01:065 / top(01) / 00:00:00:000 para Root(00)
Mensaje * / 00:00:01:065 / Root(00) para top(01)
Mensaje * / 00:00:01:065 / top(01) para ue2(02)
Mensaje D / 00:00:01:065 / ue2(02) / 00:00:00:050 para top(01)
Mensaje D / 00:00:01:065 / top(01) / 00:00:00:050 para Root(00)
Mensaje * / 00:00:01:115 / Root(00) para top(01)
Mensaje * / 00:00:01:115 / top(01) para ue2(02)
Mensaje Y / 00:00:01:115 / ue2(02) / out / 230040.00000 para top(01)
Mensaje D / 00:00:01:115 / ue2(02) / 00:00:00:000 para top(01)
Mensaje Y / 00:00:01:115 / top(01) / out / 230040.00000 para Root(00)
Mensaje D / 00:00:01:115 / top(01) / 00:00:00:000 para Root(00)
Mensaje * / 00:00:01:115 / Root(00) para top(01)
Mensaje * / 00:00:01:115 / top(01) para ue2(02)
Mensaje D / 00:00:01:115 / ue2(02) / 00:00:00:050 para top(01)
Mensaje D / 00:00:01:115 / top(01) / 00:00:00:050 para Root(00)
Mensaje * / 00:00:01:165 / Root(00) para top(01)
Mensaje * / 00:00:01:165 / top(01) para ue2(02)
Mensaje Y / 00:00:01:165 / ue2(02) / out / 230042.00000 para top(01)
Mensaje D / 00:00:01:165 / ue2(02) / 00:00:00:000 para top(01)
Mensaje Y / 00:00:01:165 / top(01) / out / 230042.00000 para Root(00)
Mensaje D / 00:00:01:165 / top(01) / 00:00:00:000 para Root(00)
Mensaje * / 00:00:01:165 / Root(00) para top(01)
Mensaje * / 00:00:01:165 / top(01) para ue2(02)
Mensaje D / 00:00:01:165 / ue2(02) / 00:00:00:050 para top(01)
Mensaje D / 00:00:01:165 / top(01) / 00:00:00:050 para Root(00)
Mensaje * / 00:00:01:215 / Root(00) para top(01)
Mensaje * / 00:00:01:215 / top(01) para ue2(02)
Mensaje Y / 00:00:01:215 / ue2(02) / out / 230044.00000 para top(01)
Mensaje D / 00:00:01:215 / ue2(02) / 00:00:00:000 para top(01)
Mensaje Y / 00:00:01:215 / top(01) / out / 230044.00000 para Root(00)
Mensaje D / 00:00:01:215 / top(01) / 00:00:00:000 para Root(00)
Mensaje * / 00:00:01:215 / Root(00) para top(01)
Mensaje * / 00:00:01:215 / top(01) para ue2(02)
Mensaje D / 00:00:01:215 / ue2(02) / 00:00:00:050 para top(01)
Mensaje D / 00:00:01:215 / top(01) / 00:00:00:050 para Root(00)
Mensaje * / 00:00:01:265 / Root(00) para top(01)
Mensaje * / 00:00:01:265 / top(01) para ue2(02)
Mensaje Y / 00:00:01:265 / ue2(02) / out / 230046.00000 para top(01)
Mensaje D / 00:00:01:265 / ue2(02) / 00:00:00:000 para top(01)
Mensaje Y / 00:00:01:265 / top(01) / out / 230046.00000 para Root(00)
Mensaje D / 00:00:01:265 / top(01) / 00:00:00:000 para Root(00)
Mensaje * / 00:00:01:265 / Root(00) para top(01)
Mensaje * / 00:00:01:265 / top(01) para ue2(02)
Mensaje D / 00:00:01:265 / ue2(02) / 00:00:00:050 para top(01)
Mensaje D / 00:00:01:265 / top(01) / 00:00:00:050 para Root(00)
Mensaje * / 00:00:01:315 / Root(00) para top(01)
Mensaje * / 00:00:01:315 / top(01) para ue2(02)
Mensaje Y / 00:00:01:315 / ue2(02) / out / 230048.00000 para top(01)
Mensaje D / 00:00:01:315 / ue2(02) / 00:00:00:000 para top(01)
Mensaje Y / 00:00:01:315 / top(01) / out / 230048.00000 para Root(00)
Mensaje D / 00:00:01:315 / top(01) / 00:00:00:000 para Root(00)
Mensaje * / 00:00:01:315 / Root(00) para top(01)
Mensaje * / 00:00:01:315 / top(01) para ue2(02)
Mensaje D / 00:00:01:315 / ue2(02) / 00:00:00:050 para top(01)
Mensaje D / 00:00:01:315 / top(01) / 00:00:00:050 para Root(00)
Mensaje * / 00:00:01:365 / Root(00) para top(01)
Mensaje * / 00:00:01:365 / top(01) para ue2(02)
Mensaje Y / 00:00:01:365 / ue2(02) / out / 230050.00000 para top(01)
Mensaje D / 00:00:01:365 / ue2(02) / 00:00:00:000 para top(01)
Mensaje Y / 00:00:01:365 / top(01) / out / 230050.00000 para Root(00)
Mensaje D / 00:00:01:365 / top(01) / 00:00:00:000 para Root(00)
Mensaje * / 00:00:01:365 / Root(00) para top(01)
Mensaje * / 00:00:01:365 / top(01) para ue2(02)
Mensaje D / 00:00:01:365 / ue2(02) / 00:00:00:050 para top(01)
Mensaje D / 00:00:01:365 / top(01) / 00:00:00:050 para Root(00)
Mensaje * / 00:00:01:415 / Root(00) para top(01)
Mensaje * / 00:00:01:415 / top(01) para ue2(02)
Mensaje Y / 00:00:01:415 / ue2(02) / out / 230052.00000 para top(01)
Mensaje D / 00:00:01:415 / ue2(02) / 00:00:00:000 para top(01)
Mensaje Y / 00:00:01:415 / top(01) / out / 230052.00000 para Root(00)
Mensaje D / 00:00:01:415 / top(01) / 00:00:00:000 para Root(00)
Mensaje * / 00:00:01:415 / Root(00) para top(01)
Mensaje * / 00:00:01:415 / top(01) para ue2(02)
Mensaje D / 00:00:01:415 / ue2(02) / 00:00:00:050 para top(01)
Mensaje D / 00:00:01:415 / top(01) / 00:00:00:050 para Root(00)
Mensaje * / 00:00:01:465 / Root(00) para top(01)
Mensaje * / 00:00:01:465 / top(01) para ue2(02)
Mensaje Y / 00:00:01:465 / ue2(02) / out / 230054.00000 para top(01)
Mensaje D / 00:00:01:465 / ue2(02) / 00:00:00:000 para top(01)
Mensaje Y / 00:00:01:465 / top(01) / out / 230054.00000 para Root(00)
Mensaje D / 00:00:01:465 / top(01) / 00:00:00:000 para Root(00)
Mensaje * / 00:00:01:465 / Root(00) para top(01)
Mensaje * / 00:00:01:465 / top(01) para ue2(02)
Mensaje D / 00:00:01:465 / ue2(02) / 00:00:00:050 para top(01)
Mensaje D / 00:00:01:465 / top(01) / 00:00:00:050 para Root(00)
Mensaje * / 00:00:01:515 / Root(00) para top(01)
Mensaje * / 00:00:01:515 / top(01) para ue2(02)
Mensaje Y / 00:00:01:515 / ue2(02) / out / 230056.00000 para top(01)
Mensaje D / 00:00:01:515 / ue2(02) / 00:00:00:000 para top(01)
Mensaje Y / 00:00:01:515 / top(01) / out / 230056.00000 para Root(00)
Mensaje D / 00:00:01:515 / top(01) / 00:00:00:000 para Root(00)
Mensaje * / 00:00:01:515 / Root(00) para top(01)
Mensaje * / 00:00:01:515 / top(01) para ue2(02)
Mensaje D / 00:00:01:515 / ue2(02) / 00:00:00:050 para top(01)
Mensaje D / 00:00:01:515 / top(01) / 00:00:00:050 para Root(00)
Mensaje * / 00:00:01:565 / Root(00) para top(01)
Mensaje * / 00:00:01:565 / top(01) para ue2(02)
Mensaje Y / 00:00:01:565 / ue2(02) / out / 230058.00000 para top(01)
Mensaje D / 00:00:01:565 / ue2(02) / 00:00:00:000 para top(01)
Mensaje Y / 00:00:01:565 / top(01) / out / 230058.00000 para Root(00)
Mensaje D / 00:00:01:565 / top(01) / 00:00:00:000 para Root(00)
Mensaje * / 00:00:01:565 / Root(00) para top(01)
Mensaje * / 00:00:01:565 / top(01) para ue2(02)
Mensaje D / 00:00:01:565 / ue2(02) / 00:00:00:050 para top(01)
Mensaje D / 00:00:01:565 / top(01) / 00:00:00:050 para Root(00)
Mensaje * / 00:00:01:615 / Root(00) para top(01)
Mensaje * / 00:00:01:615 / top(01) para ue2(02)
Mensaje Y / 00:00:01:615 / ue2(02) / out / 230060.00000 para top(01)
Mensaje D / 00:00:01:615 / ue2(02) / 00:00:00:000 para top(01)
Mensaje Y / 00:00:01:615 / top(01) / out / 230060.00000 para Root(00)
Mensaje D / 00:00:01:615 / top(01) / 00:00:00:000 para Root(00)
Mensaje * / 00:00:01:615 / Root(00) para top(01)
Mensaje * / 00:00:01:615 / top(01) para ue2(02)
Mensaje D / 00:00:01:615 / ue2(02) / 00:00:00:050 para top(01)
Mensaje D / 00:00:01:615 / top(01) / 00:00:00:050 para Root(00)
Mensaje * / 00:00:01:665 / Root(00) para top(01)
Mensaje * / 00:00:01:665 / top(01) para ue2(02)
Mensaje Y / 00:00:01:665 / ue2(02) / out / 230062.00000 para top(01)
Mensaje D / 00:00:01:665 / ue2(02) / 00:00:00:000 para top(01)
Mensaje Y / 00:00:01:665 / top(01) / out / 230062.00000 para Root(00)
Mensaje D / 00:00:01:665 / top(01) / 00:00:00:000 para Root(00)
Mensaje * / 00:00:01:665 / Root(00) para top(01)
Mensaje * / 00:00:01:665 / top(01) para ue2(02)
Mensaje D / 00:00:01:665 / ue2(02) / 00:00:00:050 para top(01)
Mensaje D / 00:00:01:665 / top(01) / 00:00:00:050 para Root(00)
Mensaje * / 00:00:01:715 / Root(00) para top(01)
Mensaje * / 00:00:01:715 / top(01) para ue2(02)
Mensaje Y / 00:00:01:715 / ue2(02) / out / 230064.00000 para top(01)
Mensaje D / 00:00:01:715 / ue2(02) / 00:00:00:000 para top(01)
Mensaje Y / 00:00:01:715 / top(01) / out / 230064.00000 para Root(00)
Mensaje D / 00:00:01:715 / top(01) / 00:00:00:000 para Root(00)
Mensaje * / 00:00:01:715 / Root(00) para top(01)
Mensaje * / 00:00:01:715 / top(01) para ue2(02)
Mensaje D / 00:00:01:715 / ue2(02) / 00:00:00:050 para top(01)
Mensaje D / 00:00:01:715 / top(01) / 00:00:00:050 para Root(00)
Mensaje * / 00:00:01:765 / Root(00) para top(01)
Mensaje * / 00:00:01:765 / top(01) para ue2(02)
Mensaje Y / 00:00:01:765 / ue2(02) / out / 230066.00000 para top(01)
Mensaje D / 00:00:01:765 / ue2(02) / 00:00:00:000 para top(01)
Mensaje Y / 00:00:01:765 / top(01) / out / 230066.00000 para Root(00)
Mensaje D / 00:00:01:765 / top(01) / 00:00:00:000 para Root(00)
Mensaje * / 00:00:01:765 / Root(00) para top(01)
Mensaje * / 00:00:01:765 / top(01) para ue2(02)
Mensaje D / 00:00:01:765 / ue2(02) / 00:00:00:050 para top(01)
Mensaje D / 00:00:01:765 / top(01) / 00:00:00:050 para Root(00)
Mensaje * / 00:00:01:815 / Root(00) para top(01)
Mensaje * / 00:00:01:815 / top(01) para ue2(02)
Mensaje Y / 00:00:01:815 / ue2(02) / out / 230068.00000 para top(01)
Mensaje D / 00:00:01:815 / ue2(02) / 00:00:00:000 para top(01)
Mensaje Y / 00:00:01:815 / top(01) / out / 230068.00000 para Root(00)
Mensaje D / 00:00:01:815 / top(01) / 00:00:00:000 para Root(00)
Mensaje * / 00:00:01:815 / Root(00) para top(01)
Mensaje * / 00:00:01:815 / top(01) para ue2(02)
Mensaje D / 00:00:01:815 / ue2(02) / 00:00:00:050 para top(01)
Mensaje D / 00:00:01:815 / top(01) / 00:00:00:050 para Root(00)
Mensaje * / 00:00:01:865 / Root(00) para top(01)
Mensaje * / 00:00:01:865 / top(01) para ue2(02)
Mensaje Y / 00:00:01:865 / ue2(02) / out / 230070.00000 para top(01)
Mensaje D / 00:00:01:865 / ue2(02) / 00:00:00:000 para top(01)
Mensaje Y / 00:00:01:865 / top(01) / out / 230070.00000 para Root(00)
Mensaje D / 00:00:01:865 / top(01) / 00:00:00:000 para Root(00)
Mensaje * / 00:00:01:865 / Root(00) para top(01)
Mensaje * / 00:00:01:865 / top(01) para ue2(02)
Mensaje D / 00:00:01:865 / ue2(02) / 00:00:00:050 para top(01)
Mensaje D / 00:00:01:865 / top(01) / 00:00:00:050 para Root(00)
Mensaje * / 00:00:01:915 / Root(00) para top(01)
Mensaje * / 00:00:01:915 / top(01) para ue2(02)
Mensaje Y / 00:00:01:915 / ue2(02) / out / 230072.00000 para top(01)
Mensaje D / 00:00:01:915 / ue2(02) / 00:00:00:000 para top(01)
Mensaje Y / 00:00:01:915 / top(01) / out / 230072.00000 para Root(00)
Mensaje D / 00:00:01:915 / top(01) / 00:00:00:000 para Root(00)
Mensaje * / 00:00:01:915 / Root(00) para top(01)
Mensaje * / 00:00:01:915 / top(01) para ue2(02)
Mensaje D / 00:00:01:915 / ue2(02) / 00:00:00:050 para top(01)
Mensaje D / 00:00:01:915 / top(01) / 00:00:00:050 para Root(00)
Mensaje * / 00:00:01:965 / Root(00) para top(01)
Mensaje * / 00:00:01:965 / top(01) para ue2(02)
Mensaje Y / 00:00:01:965 / ue2(02) / out / 230074.00000 para top(01)
Mensaje D / 00:00:01:965 / ue2(02) / 00:00:00:000 para top(01)
Mensaje Y / 00:00:01:965 / top(01) / out / 230074.00000 para Root(00)
Mensaje D / 00:00:01:965 / top(01) / 00:00:00:000 para Root(00)
Mensaje * / 00:00:01:965 / Root(00) para top(01)
Mensaje * / 00:00:01:965 / top(01) para ue2(02)
Mensaje D / 00:00:01:965 / ue2(02) / 00:00:00:050 para top(01)
Mensaje D / 00:00:01:965 / top(01) / 00:00:00:050 para Root(00)
Mensaje X / 00:00:02:015 / Root(00) / in / 910010.00000 para top(01)
Mensaje X / 00:00:02:015 / top(01) / in / 910010.00000 para ue2(02)
Mensaje D / 00:00:02:015 / ue2(02) / 00:00:00:010 para top(01)
Mensaje D / 00:00:02:015 / top(01) / 00:00:00:010 para Root(00)
Mensaje * / 00:00:02:025 / Root(00) para top(01)
Mensaje * / 00:00:02:025 / top(01) para ue2(02)
Mensaje Y / 00:00:02:025 / ue2(02) / out / 910011.00000 para top(01)
Mensaje D / 00:00:02:025 / ue2(02) / 00:00:00:000 para top(01)
Mensaje Y / 00:00:02:025 / top(01) / out / 910011.00000 para Root(00)
Mensaje D / 00:00:02:025 / top(01) / 00:00:00:000 para Root(00)
Mensaje * / 00:00:02:025 / Root(00) para top(01)
Mensaje * / 00:00:02:025 / top(01) para ue2(02)
Mensaje D / 00:00:02:025 / ue2(02) / 00:00:00:050 para top(01)
Mensaje D / 00:00:02:025 / top(01) / 00:00:00:050 para Root(00)
Mensaje X / 00:00:02:035 / Root(00) / in / 910012.00000 para top(01)
Mensaje X / 00:00:02:035 / top(01) / in / 910012.00000 para ue2(02)
Mensaje D / 00:00:02:035 / ue2(02) / 00:00:00:010 para top(01)
Mensaje D / 00:00:02:035 / top(01) / 00:00:00:010 para Root(00)
Mensaje * / 00:00:02:045 / Root(00) para top(01)
Mensaje * / 00:00:02:045 / top(01) para ue2(02)
Mensaje Y / 00:00:02:045 / ue2(02) / out / 910013.00000 para top(01)
Mensaje D / 00:00:02:045 / ue2(02) / 00:00:00:000 para top(01)
Mensaje Y / 00:00:02:045 / top(01) / out / 910013.00000 para Root(00)
Mensaje D / 00:00:02:045 / top(01) / 00:00:00:000 para Root(00)
Mensaje * / 00:00:02:045 / Root(00) para top(01)
Mensaje * / 00:00:02:045 / top(01) para ue2(02)
Mensaje D / 00:00:02:045 / ue2(02) / 00:00:00:050 para top(01)
Mensaje D / 00:00:02:045 / top(01) / 00:00:00:050 para Root(00)
Mensaje X / 00:00:02:055 / Root(00) / in / 910014.00000 para top(01)
Mensaje X / 00:00:02:055 / top(01) / in / 910014.00000 para ue2(02)
Mensaje D / 00:00:02:055 / ue2(02) / 00:00:00:010 para top(01)
Mensaje D / 00:00:02:055 / top(01) / 00:00:00:010 para Root(00)
Mensaje * / 00:00:02:065 / Root(00) para top(01)
Mensaje * / 00:00:02:065 / top(01) para ue2(02)
Mensaje Y / 00:00:02:065 / ue2(02) / out / 910015.00000 para top(01)
Mensaje D / 00:00:02:065 / ue2(02) / 00:00:00:000 para top(01)
Mensaje Y / 00:00:02:065 / top(01) / out / 910015.00000 para Root(00)
Mensaje D / 00:00:02:065 / top(01) / 00:00:00:000 para Root(00)
Mensaje * / 00:00:02:065 / Root(00) para top(01)
Mensaje * / 00:00:02:065 / top(01) para ue2(02)
Mensaje D / 00:00:02:065 / ue2(02) / 00:00:00:050 para top(01)
Mensaje D / 00:00:02:065 / top(01) / 00:00:00:050 para Root(00)
Mensaje * / 00:00:02:115 / Root(00) para top(01)
Mensaje * / 00:00:02:115 / top(01) para ue2(02)
Mensaje Y / 00:00:02:115 / ue2(02) / out / 230076.00000 para top(01)
Mensaje D / 00:00:02:115 / ue2(02) / 00:00:00:000 para top(01)
Mensaje Y / 00:00:02:115 / top(01) / out / 230076.00000 para Root(00)
Mensaje D / 00:00:02:115 / top(01) / 00:00:00:000 para Root(00)
Mensaje * / 00:00:02:115 / Root(00) para top(01)
Mensaje * / 00:00:02:115 / top(01) para ue2(02)
Mensaje D / 00:00:02:115 / ue2(02) / 00:00:00:050 para top(01)
Mensaje D / 00:00:02:115 / top(01) / 00:00:00:050 para Root(00)
Mensaje * / 00:00:02:165 / Root(00) para top(01)
Mensaje * / 00:00:02:165 / top(01) para ue2(02)
Mensaje Y / 00:00:02:165 / ue2(02) / out / 230078.00000 para top(01)
Mensaje D / 00:00:02:165 / ue2(02) / 00:00:00:000 para top(01)
Mensaje Y / 00:00:02:165 / top(01) / out / 230078.00000 para Root(00)
Mensaje D / 00:00:02:165 / top(01) / 00:00:00:000 para Root(00)
Mensaje * / 00:00:02:165 / Root(00) para top(01)
Mensaje * / 00:00:02:165 / top(01) para ue2(02)
Mensaje D / 00:00:02:165 / ue2(02) / 00:00:00:050 para top(01)
Mensaje D / 00:00:02:165 / top(01) / 00:00:00:050 para Root(00)
Mensaje * / 00:00:02:215 / Root(00) para top(01)
Mensaje * / 00:00:02:215 / top(01) para ue2(02)
Mensaje Y / 00:00:02:215 / ue2(02) / out / 230080.00000 para top(01)
Mensaje D / 00:00:02:215 / ue2(02) / 00:00:00:000 para top(01)
Mensaje Y / 00:00:02:215 / top(01) / out / 230080.00000 para Root(00)
Mensaje D / 00:00:02:215 / top(01) / 00:00:00:000 para Root(00)
Mensaje * / 00:00:02:215 / Root(00) para top(01)
Mensaje * / 00:00:02:215 / top(01) para ue2(02)
Mensaje D / 00:00:02:215 / ue2(02) / 00:00:00:050 para top(01)
Mensaje D / 00:00:02:215 / top(01) / 00:00:00:050 para Root(00)
Mensaje * / 00:00:02:265 / Root(00) para top(01)
Mensaje * / 00:00:02:265 / top(01) para ue2(02)
Mensaje Y / 00:00:02:265 / ue2(02) / out / 230082.00000 para top(01)
Mensaje D / 00:00:02:265 / ue2(02) / 00:00:00:000 para top(01)
Mensaje Y / 00:00:02:265 / top(01) / out / 230082.00000 para Root(00)
Mensaje D / 00:00:02:265 / top(01) / 00:00:00:000 para Root(00)
Mensaje * / 00:00:02:265 / Root(00) para top(01)
Mensaje * / 00:00:02:265 / top(01) para ue2(02)
Mensaje D / 00:00:02:265 / ue2(02) / 00:00:00:050 para top(01)
Mensaje D / 00:00:02:265 / top(01) / 00:00:00:050 para Root(00)
Mensaje * / 00:00:02:315 / Root(00) para top(01)
Mensaje * / 00:00:02:315 / top(01) para ue2(02)
Mensaje Y / 00:00:02:315 / ue2(02) / out / 230084.00000 para top(01)
Mensaje D / 00:00:02:315 / ue2(02) / 00:00:00:000 para top(01)
Mensaje Y / 00:00:02:315 / top(01) / out / 230084.00000 para Root(00)
Mensaje D / 00:00:02:315 / top(01) / 00:00:00:000 para Root(00)
Mensaje * / 00:00:02:315 / Root(00) para top(01)
Mensaje * / 00:00:02:315 / top(01) para ue2(02)
Mensaje D / 00:00:02:315 / ue2(02) / 00:00:00:050 para top(01)
Mensaje D / 00:00:02:315 / top(01) / 00:00:00:050 para Root(00)
Mensaje * / 00:00:02:365 / Root(00) para top(01)
Mensaje * / 00:00:02:365 / top(01) para ue2(02)
Mensaje Y / 00:00:02:365 / ue2(02) / out / 230086.00000 para top(01)
Mensaje D / 00:00:02:365 / ue2(02) / 00:00:00:000 para top(01)
Mensaje Y / 00:00:02:365 / top(01) / out / 230086.00000 para Root(00)
Mensaje D / 00:00:02:365 / top(01) / 00:00:00:000 para Root(00)
Mensaje * / 00:00:02:365 / Root(00) para top(01)
Mensaje * / 00:00:02:365 / top(01) para ue2(02)
Mensaje D / 00:00:02:365 / ue2(02) / 00:00:00:050 para top(01)
Mensaje D / 00:00:02:365 / top(01) / 00:00:00:050 para Root(00)
Mensaje * / 00:00:02:415 / Root(00) para top(01)
Mensaje * / 00:00:02:415 / top(01) para ue2(02)
Mensaje Y / 00:00:02:415 / ue2(02) / out / 230088.00000 para top(01)
Mensaje D / 00:00:02:415 / ue2(02) / 00:00:00:000 para top(01)
Mensaje Y / 00:00:02:415 / top(01) / out / 230088.00000 para Root(00)
Mensaje D / 00:00:02:415 / top(01) / 00:00:00:000 para Root(00)
Mensaje * / 00:00:02:415 / Root(00) para top(01)
Mensaje * / 00:00:02:415 / top(01) para ue2(02)
Mensaje D / 00:00:02:415 / ue2(02) / 00:00:00:050 para top(01)
Mensaje D / 00:00:02:415 / top(01) / 00:00:00:050 para Root(00)
Mensaje * / 00:00:02:465 / Root(00) para top(01)
Mensaje * / 00:00:02:465 / top(01) para ue2(02)
Mensaje Y / 00:00:02:465 / ue2(02) / out / 230090.00000 para top(01)
Mensaje D / 00:00:02:465 / ue2(02) / 00:00:00:000 para top(01)
Mensaje Y / 00:00:02:465 / top(01) / out / 230090.00000 para Root(00)
Mensaje D / 00:00:02:465 / top(01) / 00:00:00:000 para Root(00)
Mensaje * / 00:00:02:465 / Root(00) para top(01)
Mensaje * / 00:00:02:465 / top(01) para ue2(02)
Mensaje D / 00:00:02:465 / ue2(02) / 00:00:00:050 para top(01)
Mensaje D / 00:00:02:465 / top(01) / 00:00:00:050 para Root(00)
Mensaje * / 00:00:02:515 / Root(00) para top(01)
Mensaje * / 00:00:02:515 / top(01) para ue2(02)
Mensaje Y / 00:00:02:515 / ue2(02) / out / 230092.00000 para top(01)
Mensaje D / 00:00:02:515 / ue2(02) / 00:00:00:000 para top(01)
Mensaje Y / 00:00:02:515 / top(01) / out / 230092.00000 para Root(00)
Mensaje D / 00:00:02:515 / top(01) / 00:00:00:000 para Root(00)
Mensaje * / 00:00:02:515 / Root(00) para top(01)
Mensaje * / 00:00:02:515 / top(01) para ue2(02)
Mensaje D / 00:00:02:515 / ue2(02) / 00:00:00:050 para top(01)
Mensaje D / 00:00:02:515 / top(01) / 00:00:00:050 para Root(00)
Mensaje * / 00:00:02:565 / Root(00) para top(01)
Mensaje * / 00:00:02:565 / top(01) para ue2(02)
Mensaje Y / 00:00:02:565 / ue2(02) / out / 230094.00000 para top(01)
Mensaje D / 00:00:02:565 / ue2(02) / 00:00:00:000 para top(01)
Mensaje Y / 00:00:02:565 / top(01) / out / 230094.00000 para Root(00)
Mensaje D / 00:00:02:565 / top(01) / 00:00:00:000 para Root(00)
Mensaje * / 00:00:02:565 / Root(00) para top(01)
Mensaje * / 00:00:02:565 / top(01) para ue2(02)
Mensaje D / 00:00:02:565 / ue2(02) / 00:00:00:050 para top(01)
Mensaje D / 00:00:02:565 / top(01) / 00:00:00:050 para Root(00)
Mensaje * / 00:00:02:615 / Root(00) para top(01)
Mensaje * / 00:00:02:615 / top(01) para ue2(02)
Mensaje Y / 00:00:02:615 / ue2(02) / out / 230096.00000 para top(01)
Mensaje D / 00:00:02:615 / ue2(02) / 00:00:00:000 para top(01)
Mensaje Y / 00:00:02:615 / top(01) / out / 230096.00000 para Root(00)
Mensaje D / 00:00:02:615 / top(01) / 00:00:00:000 para Root(00)
Mensaje * / 00:00:02:615 / Root(00) para top(01)
Mensaje * / 00:00:02:615 / top(01) para ue2(02)
Mensaje D / 00:00:02:615 / ue2(02) / 00:00:00:050 para top(01)
Mensaje D / 00:00:02:615 / top(01) / 00:00:00:050 para Root(00)
Mensaje * / 00:00:02:665 / Root(00) para top(01)
Mensaje * / 00:00:02:665 / top(01) para ue2(02)
Mensaje Y / 00:00:02:665 / ue2(02) / out / 230098.00000 para top(01)
Mensaje D / 00:00:02:665 / ue2(02) / 00:00:00:000 para top(01)
Mensaje Y / 00:00:02:665 / top(01) / out / 230098.00000 para Root(00)
Mensaje D / 00:00:02:665 / top(01) / 00:00:00:000 para Root(00)
Mensaje * / 00:00:02:665 / Root(00) para top(01)
Mensaje * / 00:00:02:665 / top(01) para ue2(02)
Mensaje D / 00:00:02:665 / ue2(02) / 00:00:00:050 para top(01)
Mensaje D / 00:00:02:665 / top(01) / 00:00:00:050 para Root(00)
Mensaje * / 00:00:02:715 / Root(00) para top(01)
Mensaje * / 00:00:02:715 / top(01) para ue2(02)
Mensaje Y / 00:00:02:715 / ue2(02) / out / 230100.00000 para top(01)
Mensaje D / 00:00:02:715 / ue2(02) / 00:00:00:000 para top(01)
Mensaje Y / 00:00:02:715 / top(01) / out / 230100.00000 para Root(00)
Mensaje D / 00:00:02:715 / top(01) / 00:00:00:000 para Root(00)
Mensaje * / 00:00:02:715 / Root(00) para top(01)
Mensaje * / 00:00:02:715 / top(01) para ue2(02)
Mensaje D / 00:00:02:715 / ue2(02) / 00:00:00:050 para top(01)
Mensaje D / 00:00:02:715 / top(01) / 00:00:00:050 para Root(00)
Mensaje * / 00:00:02:765 / Root(00) para top(01)
Mensaje * / 00:00:02:765 / top(01) para ue2(02)
Mensaje Y / 00:00:02:765 / ue2(02) / out / 230102.00000 para top(01)
Mensaje D / 00:00:02:765 / ue2(02) / 00:00:00:000 para top(01)
Mensaje Y / 00:00:02:765 / top(01) / out / 230102.00000 para Root(00)
Mensaje D / 00:00:02:765 / top(01) / 00:00:00:000 para Root(00)
Mensaje * / 00:00:02:765 / Root(00) para top(01)
Mensaje * / 00:00:02:765 / top(01) para ue2(02)
Mensaje D / 00:00:02:765 / ue2(02) / 00:00:00:050 para top(01)
Mensaje D / 00:00:02:765 / top(01) / 00:00:00:050 para Root(00)
Mensaje * / 00:00:02:815 / Root(00) para top(01)
Mensaje * / 00:00:02:815 / top(01) para ue2(02)
Mensaje Y / 00:00:02:815 / ue2(02) / out / 230104.00000 para top(01)
Mensaje D / 00:00:02:815 / ue2(02) / 00:00:00:000 para top(01)
Mensaje Y / 00:00:02:815 / top(01) / out / 230104.00000 para Root(00)
Mensaje D / 00:00:02:815 / top(01) / 00:00:00:000 para Root(00)
Mensaje * / 00:00:02:815 / Root(00) para top(01)
Mensaje * / 00:00:02:815 / top(01) para ue2(02)
Mensaje D / 00:00:02:815 / ue2(02) / 00:00:00:050 para top(01)
Mensaje D / 00:00:02:815 / top(01) / 00:00:00:050 para Root(00)
Mensaje * / 00:00:02:865 / Root(00) para top(01)
Mensaje * / 00:00:02:865 / top(01) para ue2(02)
Mensaje Y / 00:00:02:865 / ue2(02) / out / 230106.00000 para top(01)
Mensaje D / 00:00:02:865 / ue2(02) / 00:00:00:000 para top(01)
Mensaje Y / 00:00:02:865 / top(01) / out / 230106.00000 para Root(00)
Mensaje D / 00:00:02:865 / top(01) / 00:00:00:000 para Root(00)
Mensaje * / 00:00:02:865 / Root(00) para top(01)
Mensaje * / 00:00:02:865 / top(01) para ue2(02)
Mensaje D / 00:00:02:865 / ue2(02) / 00:00:00:050 para top(01)
Mensaje D / 00:00:02:865 / top(01) / 00:00:00:050 para Root(00)
Mensaje * / 00:00:02:915 / Root(00) para top(01)
Mensaje * / 00:00:02:915 / top(01) para ue2(02)
Mensaje Y / 00:00:02:915 / ue2(02) / out / 230108.00000 para top(01)
Mensaje D / 00:00:02:915 / ue2(02) / 00:00:00:000 para top(01)
Mensaje Y / 00:00:02:915 / top(01) / out / 230108.00000 para Root(00)
Mensaje D / 00:00:02:915 / top(01) / 00:00:00:000 para Root(00)
Mensaje * / 00:00:02:915 / Root(00) para top(01)
Mensaje * / 00:00:02:915 / top(01) para ue2(02)
Mensaje D / 00:00:02:915 / ue2(02) / 00:00:00:050 para top(01)
Mensaje D / 00:00:02:915 / top(01) / 00:00:00:050 para Root(00)
Mensaje * / 00:00:02:965 / Root(00) para top(01)
Mensaje * / 00:00:02:965 / top(01) para ue2(02)
Mensaje Y / 00:00:02:965 / ue2(02) / out / 230110.00000 para top(01)
Mensaje D / 00:00:02:965 / ue2(02) / 00:00:00:000 para top(01)
Mensaje Y / 00:00:02:965 / top(01) / out / 230110.00000 para Root(00)
Mensaje D / 00:00:02:965 / top(01) / 00:00:00:000 para Root(00)
Mensaje * / 00:00:02:965 / Root(00) para top(01)
Mensaje * / 00:00:02:965 / top(01) para ue2(02)
Mensaje D / 00:00:02:965 / ue2(02) / 00:00:00:050 para top(01)
Mensaje D / 00:00:02:965 / top(01) / 00:00:00:050 para Root(00)
Mensaje X / 00:00:03:015 / Root(00) / in / 910016.00000 para top(01)
Mensaje X / 00:00:03:015 / top(01) / in / 910016.00000 para ue2(02)
Mensaje D / 00:00:03:015 / ue2(02) / 00:00:00:010 para top(01)
Mensaje D / 00:00:03:015 / top(01) / 00:00:00:010 para Root(00)
Mensaje * / 00:00:03:025 / Root(00) para top(01)
Mensaje * / 00:00:03:025 / top(01) para ue2(02)
Mensaje Y / 00:00:03:025 / ue2(02) / out / 910017.00000 para top(01)
Mensaje D / 00:00:03:025 / ue2(02) / 00:00:00:000 para top(01)
Mensaje Y / 00:00:03:025 / top(01) / out / 910017.00000 para Root(00)
Mensaje D / 00:00:03:025 / top(01) / 00:00:00:000 para Root(00)
Mensaje * / 00:00:03:025 / Root(00) para top(01)
Mensaje * / 00:00:03:025 / top(01) para ue2(02)
Mensaje D / 00:00:03:025 / ue2(02) / 00:00:00:050 para top(01)
Mensaje D / 00:00:03:025 / top(01) / 00:00:00:050 para Root(00)
Mensaje X / 00:00:03:035 / Root(00) / in / 910018.00000 para top(01)
Mensaje X / 00:00:03:035 / top(01) / in / 910018.00000 para ue2(02)
Mensaje D / 00:00:03:035 / ue2(02) / 00:00:00:010 para top(01)
Mensaje D / 00:00:03:035 / top(01) / 00:00:00:010 para Root(00)
Mensaje * / 00:00:03:045 / Root(00) para top(01)
Mensaje * / 00:00:03:045 / top(01) para ue2(02)
Mensaje Y / 00:00:03:045 / ue2(02) / out / 910019.00000 para top(01)
Mensaje D / 00:00:03:045 / ue2(02) / 00:00:00:000 para top(01)
Mensaje Y / 00:00:03:045 / top(01) / out / 910019.00000 para Root(00)
Mensaje D / 00:00:03:045 / top(01) / 00:00:00:000 para Root(00)
Mensaje * / 00:00:03:045 / Root(00) para top(01)
Mensaje * / 00:00:03:045 / top(01) para ue2(02)
Mensaje D / 00:00:03:045 / ue2(02) / 00:00:00:050 para top(01)
Mensaje D / 00:00:03:045 / top(01) / 00:00:00:050 para Root(00)
Mensaje X / 00:00:03:050 / Root(00) / in / 910020.00000 para top(01)
Mensaje X / 00:00:03:050 / top(01) / in / 910020.00000 para ue2(02)
Mensaje D / 00:00:03:050 / ue2(02) / 00:00:00:010 para top(01)
Mensaje D / 00:00:03:050 / top(01) / 00:00:00:010 para Root(00)
Mensaje * / 00:00:03:060 / Root(00) para top(01)
Mensaje * / 00:00:03:060 / top(01) para ue2(02)
Mensaje Y / 00:00:03:060 / ue2(02) / out / 910021.00000 para top(01)
Mensaje D / 00:00:03:060 / ue2(02) / 00:00:00:000 para top(01)
Mensaje Y / 00:00:03:060 / top(01) / out / 910021.00000 para Root(00)
Mensaje D / 00:00:03:060 / top(01) / 00:00:00:000 para Root(00)
Mensaje * / 00:00:03:060 / Root(00) para top(01)
Mensaje * / 00:00:03:060 / top(01) para ue2(02)
Mensaje D / 00:00:03:060 / ue2(02) / 00:00:00:050 para top(01)
Mensaje D / 00:00:03:060 / top(01) / 00:00:00:050 para Root(00)
Mensaje * / 00:00:03:110 / Root(00) para top(01)
Mensaje * / 00:00:03:110 / top(01) para ue2(02)
Mensaje Y / 00:00:03:110 / ue2(02) / out / 230112.00000 para top(01)
Mensaje D / 00:00:03:110 / ue2(02) / 00:00:00:000 para top(01)
Mensaje Y / 00:00:03:110 / top(01) / out / 230112.00000 para Root(00)
Mensaje D / 00:00:03:110 / top(01) / 00:00:00:000 para Root(00)
Mensaje * / 00:00:03:110 / Root(00) para top(01)
Mensaje * / 00:00:03:110 / top(01) para ue2(02)
Mensaje D / 00:00:03:110 / ue2(02) / 00:00:00:050 para top(01)
Mensaje D / 00:00:03:110 / top(01) / 00:00:00:050 para Root(00)
Mensaje * / 00:00:03:160 / Root(00) para top(01)
Mensaje * / 00:00:03:160 / top(01) para ue2(02)
Mensaje Y / 00:00:03:160 / ue2(02) / out / 230114.00000 para top(01)
Mensaje D / 00:00:03:160 / ue2(02) / 00:00:00:000 para top(01)
Mensaje Y / 00:00:03:160 / top(01) / out / 230114.00000 para Root(00)
Mensaje D / 00:00:03:160 / top(01) / 00:00:00:000 para Root(00)
Mensaje * / 00:00:03:160 / Root(00) para top(01)
Mensaje * / 00:00:03:160 / top(01) para ue2(02)
Mensaje D / 00:00:03:160 / ue2(02) / 00:00:00:050 para top(01)
Mensaje D / 00:00:03:160 / top(01) / 00:00:00:050 para Root(00)
Mensaje * / 00:00:03:210 / Root(00) para top(01)
Mensaje * / 00:00:03:210 / top(01) para ue2(02)
Mensaje Y / 00:00:03:210 / ue2(02) / out / 230116.00000 para top(01)
Mensaje D / 00:00:03:210 / ue2(02) / 00:00:00:000 para top(01)
Mensaje Y / 00:00:03:210 / top(01) / out / 230116.00000 para Root(00)
Mensaje D / 00:00:03:210 / top(01) / 00:00:00:000 para Root(00)
Mensaje * / 00:00:03:210 / Root(00) para top(01)
Mensaje * / 00:00:03:210 / top(01) para ue2(02)
Mensaje D / 00:00:03:210 / ue2(02) / 00:00:00:050 para top(01)
Mensaje D / 00:00:03:210 / top(01) / 00:00:00:050 para Root(00)
Mensaje * / 00:00:03:260 / Root(00) para top(01)
Mensaje * / 00:00:03:260 / top(01) para ue2(02)
Mensaje Y / 00:00:03:260 / ue2(02) / out / 230118.00000 para top(01)
Mensaje D / 00:00:03:260 / ue2(02) / 00:00:00:000 para top(01)
Mensaje Y / 00:00:03:260 / top(01) / out / 230118.00000 para Root(00)
Mensaje D / 00:00:03:260 / top(01) / 00:00:00:000 para Root(00)
Mensaje * / 00:00:03:260 / Root(00) para top(01)
Mensaje * / 00:00:03:260 / top(01) para ue2(02)
Mensaje D / 00:00:03:260 / ue2(02) / 00:00:00:050 para top(01)
Mensaje D / 00:00:03:260 / top(01) / 00:00:00:050 para Root(00)
Mensaje * / 00:00:03:310 / Root(00) para top(01)
Mensaje * / 00:00:03:310 / top(01) para ue2(02)
Mensaje Y / 00:00:03:310 / ue2(02) / out / 230120.00000 para top(01)
Mensaje D / 00:00:03:310 / ue2(02) / 00:00:00:000 para top(01)
Mensaje Y / 00:00:03:310 / top(01) / out / 230120.00000 para Root(00)
Mensaje D / 00:00:03:310 / top(01) / 00:00:00:000 para Root(00)
Mensaje * / 00:00:03:310 / Root(00) para top(01)
Mensaje * / 00:00:03:310 / top(01) para ue2(02)
Mensaje D / 00:00:03:310 / ue2(02) / 00:00:00:050 para top(01)
Mensaje D / 00:00:03:310 / top(01) / 00:00:00:050 para Root(00)
Mensaje * / 00:00:03:360 / Root(00) para top(01)
Mensaje * / 00:00:03:360 / top(01) para ue2(02)
Mensaje Y / 00:00:03:360 / ue2(02) / out / 230122.00000 para top(01)
Mensaje D / 00:00:03:360 / ue2(02) / 00:00:00:000 para top(01)
Mensaje Y / 00:00:03:360 / top(01) / out / 230122.00000 para Root(00)
Mensaje D / 00:00:03:360 / top(01) / 00:00:00:000 para Root(00)
Mensaje * / 00:00:03:360 / Root(00) para top(01)
Mensaje * / 00:00:03:360 / top(01) para ue2(02)
Mensaje D / 00:00:03:360 / ue2(02) / 00:00:00:050 para top(01)
Mensaje D / 00:00:03:360 / top(01) / 00:00:00:050 para Root(00)
Mensaje * / 00:00:03:410 / Root(00) para top(01)
Mensaje * / 00:00:03:410 / top(01) para ue2(02)
Mensaje Y / 00:00:03:410 / ue2(02) / out / 230124.00000 para top(01)
Mensaje D / 00:00:03:410 / ue2(02) / 00:00:00:000 para top(01)
Mensaje Y / 00:00:03:410 / top(01) / out / 230124.00000 para Root(00)
Mensaje D / 00:00:03:410 / top(01) / 00:00:00:000 para Root(00)
Mensaje * / 00:00:03:410 / Root(00) para top(01)
Mensaje * / 00:00:03:410 / top(01) para ue2(02)
Mensaje D / 00:00:03:410 / ue2(02) / 00:00:00:050 para top(01)
Mensaje D / 00:00:03:410 / top(01) / 00:00:00:050 para Root(00)
Mensaje * / 00:00:03:460 / Root(00) para top(01)
Mensaje * / 00:00:03:460 / top(01) para ue2(02)
Mensaje Y / 00:00:03:460 / ue2(02) / out / 230126.00000 para top(01)
Mensaje D / 00:00:03:460 / ue2(02) / 00:00:00:000 para top(01)
Mensaje Y / 00:00:03:460 / top(01) / out / 230126.00000 para Root(00)
Mensaje D / 00:00:03:460 / top(01) / 00:00:00:000 para Root(00)
Mensaje * / 00:00:03:460 / Root(00) para top(01)
Mensaje * / 00:00:03:460 / top(01) para ue2(02)
Mensaje D / 00:00:03:460 / ue2(02) / 00:00:00:050 para top(01)
Mensaje D / 00:00:03:460 / top(01) / 00:00:00:050 para Root(00)
Mensaje * / 00:00:03:510 / Root(00) para top(01)
Mensaje * / 00:00:03:510 / top(01) para ue2(02)
Mensaje Y / 00:00:03:510 / ue2(02) / out / 230128.00000 para top(01)
Mensaje D / 00:00:03:510 / ue2(02) / 00:00:00:000 para top(01)
Mensaje Y / 00:00:03:510 / top(01) / out / 230128.00000 para Root(00)
Mensaje D / 00:00:03:510 / top(01) / 00:00:00:000 para Root(00)
Mensaje * / 00:00:03:510 / Root(00) para top(01)
Mensaje * / 00:00:03:510 / top(01) para ue2(02)
Mensaje D / 00:00:03:510 / ue2(02) / 00:00:00:050 para top(01)
Mensaje D / 00:00:03:510 / top(01) / 00:00:00:050 para Root(00)
Mensaje * / 00:00:03:560 / Root(00) para top(01)
Mensaje * / 00:00:03:560 / top(01) para ue2(02)
Mensaje Y / 00:00:03:560 / ue2(02) / out / 230130.00000 para top(01)
Mensaje D / 00:00:03:560 / ue2(02) / 00:00:00:000 para top(01)
Mensaje Y / 00:00:03:560 / top(01) / out / 230130.00000 para Root(00)
Mensaje D / 00:00:03:560 / top(01) / 00:00:00:000 para Root(00)
Mensaje * / 00:00:03:560 / Root(00) para top(01)
Mensaje * / 00:00:03:560 / top(01) para ue2(02)
Mensaje D / 00:00:03:560 / ue2(02) / 00:00:00:050 para top(01)
Mensaje D / 00:00:03:560 / top(01) / 00:00:00:050 para Root(00)
Mensaje * / 00:00:03:610 / Root(00) para top(01)
Mensaje * / 00:00:03:610 / top(01) para ue2(02)
Mensaje Y / 00:00:03:610 / ue2(02) / out / 230132.00000 para top(01)
Mensaje D / 00:00:03:610 / ue2(02) / 00:00:00:000 para top(01)
Mensaje Y / 00:00:03:610 / top(01) / out / 230132.00000 para Root(00)
Mensaje D / 00:00:03:610 / top(01) / 00:00:00:000 para Root(00)
Mensaje * / 00:00:03:610 / Root(00) para top(01)
Mensaje * / 00:00:03:610 / top(01) para ue2(02)
Mensaje D / 00:00:03:610 / ue2(02) / 00:00:00:050 para top(01)
Mensaje D / 00:00:03:610 / top(01) / 00:00:00:050 para Root(00)
Mensaje * / 00:00:03:660 / Root(00) para top(01)
Mensaje * / 00:00:03:660 / top(01) para ue2(02)
Mensaje Y / 00:00:03:660 / ue2(02) / out / 230134.00000 para top(01)
Mensaje D / 00:00:03:660 / ue2(02) / 00:00:00:000 para top(01)
Mensaje Y / 00:00:03:660 / top(01) / out / 230134.00000 para Root(00)
Mensaje D / 00:00:03:660 / top(01) / 00:00:00:000 para Root(00)
Mensaje * / 00:00:03:660 / Root(00) para top(01)
Mensaje * / 00:00:03:660 / top(01) para ue2(02)
Mensaje D / 00:00:03:660 / ue2(02) / 00:00:00:050 para top(01)
Mensaje D / 00:00:03:660 / top(01) / 00:00:00:050 para Root(00)
Mensaje * / 00:00:03:710 / Root(00) para top(01)
Mensaje * / 00:00:03:710 / top(01) para ue2(02)
Mensaje Y / 00:00:03:710 / ue2(02) / out / 230136.00000 para top(01)
Mensaje D / 00:00:03:710 / ue2(02) / 00:00:00:000 para top(01)
Mensaje Y / 00:00:03:710 / top(01) / out / 230136.00000 para Root(00)
Mensaje D / 00:00:03:710 / top(01) / 00:00:00:000 para Root(00)
Mensaje * / 00:00:03:710 / Root(00) para top(01)
Mensaje * / 00:00:03:710 / top(01) para ue2(02)
Mensaje D / 00:00:03:710 / ue2(02) / 00:00:00:050 para top(01)
Mensaje D / 00:00:03:710 / top(01) / 00:00:00:050 para Root(00)
Mensaje * / 00:00:03:760 / Root(00) para top(01)
Mensaje * / 00:00:03:760 / top(01) para ue2(02)
Mensaje Y / 00:00:03:760 / ue2(02) / out / 230138.00000 para top(01)
Mensaje D / 00:00:03:760 / ue2(02) / 00:00:00:000 para top(01)
Mensaje Y / 00:00:03:760 / top(01) / out / 230138.00000 para Root(00)
Mensaje D / 00:00:03:760 / top(01) / 00:00:00:000 para Root(00)
Mensaje * / 00:00:03:760 / Root(00) para top(01)
Mensaje * / 00:00:03:760 / top(01) para ue2(02)
Mensaje D / 00:00:03:760 / ue2(02) / 00:00:00:050 para top(01)
Mensaje D / 00:00:03:760 / top(01) / 00:00:00:050 para Root(00)
Mensaje * / 00:00:03:810 / Root(00) para top(01)
Mensaje * / 00:00:03:810 / top(01) para ue2(02)
Mensaje Y / 00:00:03:810 / ue2(02) / out / 230140.00000 para top(01)
Mensaje D / 00:00:03:810 / ue2(02) / 00:00:00:000 para top(01)
Mensaje Y / 00:00:03:810 / top(01) / out / 230140.00000 para Root(00)
Mensaje D / 00:00:03:810 / top(01) / 00:00:00:000 para Root(00)
Mensaje * / 00:00:03:810 / Root(00) para top(01)
Mensaje * / 00:00:03:810 / top(01) para ue2(02)
Mensaje D / 00:00:03:810 / ue2(02) / 00:00:00:050 para top(01)
Mensaje D / 00:00:03:810 / top(01) / 00:00:00:050 para Root(00)
Mensaje * / 00:00:03:860 / Root(00) para top(01)
Mensaje * / 00:00:03:860 / top(01) para ue2(02)
Mensaje Y / 00:00:03:860 / ue2(02) / out / 230142.00000 para top(01)
Mensaje D / 00:00:03:860 / ue2(02) / 00:00:00:000 para top(01)
Mensaje Y / 00:00:03:860 / top(01) / out / 230142.00000 para Root(00)
Mensaje D / 00:00:03:860 / top(01) / 00:00:00:000 para Root(00)
Mensaje * / 00:00:03:860 / Root(00) para top(01)
Mensaje * / 00:00:03:860 / top(01) para ue2(02)
Mensaje D / 00:00:03:860 / ue2(02) / 00:00:00:050 para top(01)
Mensaje D / 00:00:03:860 / top(01) / 00:00:00:050 para Root(00)
Mensaje * / 00:00:03:910 / Root(00) para top(01)
Mensaje * / 00:00:03:910 / top(01) para ue2(02)
Mensaje Y / 00:00:03:910 / ue2(02) / out / 230144.00000 para top(01)
Mensaje D / 00:00:03:910 / ue2(02) / 00:00:00:000 para top(01)
Mensaje Y / 00:00:03:910 / top(01) / out / 230144.00000 para Root(00)
Mensaje D / 00:00:03:910 / top(01) / 00:00:00:000 para Root(00)
Mensaje * / 00:00:03:910 / Root(00) para top(01)
Mensaje * / 00:00:03:910 / top(01) para ue2(02)
Mensaje D / 00:00:03:910 / ue2(02) / 00:00:00:050 para top(01)
Mensaje D / 00:00:03:910 / top(01) / 00:00:00:050 para Root(00)
Mensaje * / 00:00:03:960 / Root(00) para top(01)
Mensaje * / 00:00:03:960 / top(01) para ue2(02)
Mensaje Y / 00:00:03:960 / ue2(02) / out / 230146.00000 para top(01)
Mensaje D / 00:00:03:960 / ue2(02) / 00:00:00:000 para top(01)
Mensaje Y / 00:00:03:960 / top(01) / out / 230146.00000 para Root(00)
Mensaje D / 00:00:03:960 / top(01) / 00:00:00:000 para Root(00)
Mensaje * / 00:00:03:960 / Root(00) para top(01)
Mensaje * / 00:00:03:960 / top(01) para ue2(02)
Mensaje D / 00:00:03:960 / ue2(02) / 00:00:00:050 para top(01)
Mensaje D / 00:00:03:960 / top(01) / 00:00:00:050 para Root(00)
Mensaje * / 00:00:04:010 / Root(00) para top(01)
Mensaje * / 00:00:04:010 / top(01) para ue2(02)
Mensaje Y / 00:00:04:010 / ue2(02) / out / 230148.00000 para top(01)
Mensaje D / 00:00:04:010 / ue2(02) / 00:00:00:000 para top(01)
Mensaje Y / 00:00:04:010 / top(01) / out / 230148.00000 para Root(00)
Mensaje D / 00:00:04:010 / top(01) / 00:00:00:000 para Root(00)
Mensaje * / 00:00:04:010 / Root(00) para top(01)
Mensaje * / 00:00:04:010 / top(01) para ue2(02)
Mensaje D / 00:00:04:010 / ue2(02) / 00:00:00:050 para top(01)
Mensaje D / 00:00:04:010 / top(01) / 00:00:00:050 para Root(00)
Mensaje X / 00:00:04:050 / Root(00) / in / 120051.00000 para top(01)
Mensaje X / 00:00:04:050 / top(01) / in / 120051.00000 para ue2(02)
Mensaje D / 00:00:04:050 / ue2(02) / 00:00:00:010 para top(01)
Mensaje D / 00:00:04:050 / top(01) / 00:00:00:010 para Root(00)
Mensaje * / 00:00:04:060 / Root(00) para top(01)
Mensaje * / 00:00:04:060 / top(01) para ue2(02)
Mensaje Y / 00:00:04:060 / ue2(02) / out /     25.00000 para top(01)
Mensaje D / 00:00:04:060 / ue2(02) / 00:00:00:000 para top(01)
Mensaje Y / 00:00:04:060 / top(01) / out /     25.00000 para Root(00)
Mensaje D / 00:00:04:060 / top(01) / 00:00:00:000 para Root(00)
Mensaje * / 00:00:04:060 / Root(00) para top(01)
Mensaje * / 00:00:04:060 / top(01) para ue2(02)
Mensaje D / 00:00:04:060 / ue2(02) / 00:00:00:050 para top(01)
Mensaje D / 00:00:04:060 / top(01) / 00:00:00:050 para Root(00)
Mensaje * / 00:00:04:110 / Root(00) para top(01)
Mensaje * / 00:00:04:110 / top(01) para ue2(02)
Mensaje Y / 00:00:04:110 / ue2(02) / out / 230150.00000 para top(01)
Mensaje D / 00:00:04:110 / ue2(02) / 00:00:00:000 para top(01)
Mensaje Y / 00:00:04:110 / top(01) / out / 230150.00000 para Root(00)
Mensaje D / 00:00:04:110 / top(01) / 00:00:00:000 para Root(00)
Mensaje * / 00:00:04:110 / Root(00) para top(01)
Mensaje * / 00:00:04:110 / top(01) para ue2(02)
Mensaje D / 00:00:04:110 / ue2(02) / 00:00:00:050 para top(01)
Mensaje D / 00:00:04:110 / top(01) / 00:00:00:050 para Root(00)
Mensaje * / 00:00:04:160 / Root(00) para top(01)
Mensaje * / 00:00:04:160 / top(01) para ue2(02)
Mensaje Y / 00:00:04:160 / ue2(02) / out / 230152.00000 para top(01)
Mensaje D / 00:00:04:160 / ue2(02) / 00:00:00:000 para top(01)
Mensaje Y / 00:00:04:160 / top(01) / out / 230152.00000 para Root(00)
Mensaje D / 00:00:04:160 / top(01) / 00:00:00:000 para Root(00)
Mensaje * / 00:00:04:160 / Root(00) para top(01)
Mensaje * / 00:00:04:160 / top(01) para ue2(02)
Mensaje D / 00:00:04:160 / ue2(02) / 00:00:00:050 para top(01)
Mensaje D / 00:00:04:160 / top(01) / 00:00:00:050 para Root(00)
Mensaje * / 00:00:04:210 / Root(00) para top(01)
Mensaje * / 00:00:04:210 / top(01) para ue2(02)
Mensaje Y / 00:00:04:210 / ue2(02) / out / 230154.00000 para top(01)
Mensaje D / 00:00:04:210 / ue2(02) / 00:00:00:000 para top(01)
Mensaje Y / 00:00:04:210 / top(01) / out / 230154.00000 para Root(00)
Mensaje D / 00:00:04:210 / top(01) / 00:00:00:000 para Root(00)
Mensaje * / 00:00:04:210 / Root(00) para top(01)
Mensaje * / 00:00:04:210 / top(01) para ue2(02)
Mensaje D / 00:00:04:210 / ue2(02) / 00:00:00:050 para top(01)
Mensaje D / 00:00:04:210 / top(01) / 00:00:00:050 para Root(00)
Mensaje * / 00:00:04:260 / Root(00) para top(01)
Mensaje * / 00:00:04:260 / top(01) para ue2(02)
Mensaje Y / 00:00:04:260 / ue2(02) / out / 230156.00000 para top(01)
Mensaje D / 00:00:04:260 / ue2(02) / 00:00:00:000 para top(01)
Mensaje Y / 00:00:04:260 / top(01) / out / 230156.00000 para Root(00)
Mensaje D / 00:00:04:260 / top(01) / 00:00:00:000 para Root(00)
Mensaje * / 00:00:04:260 / Root(00) para top(01)
Mensaje * / 00:00:04:260 / top(01) para ue2(02)
Mensaje D / 00:00:04:260 / ue2(02) / 00:00:00:050 para top(01)
Mensaje D / 00:00:04:260 / top(01) / 00:00:00:050 para Root(00)
Mensaje * / 00:00:04:310 / Root(00) para top(01)
Mensaje * / 00:00:04:310 / top(01) para ue2(02)
Mensaje Y / 00:00:04:310 / ue2(02) / out / 230158.00000 para top(01)
Mensaje D / 00:00:04:310 / ue2(02) / 00:00:00:000 para top(01)
Mensaje Y / 00:00:04:310 / top(01) / out / 230158.00000 para Root(00)
Mensaje D / 00:00:04:310 / top(01) / 00:00:00:000 para Root(00)
Mensaje * / 00:00:04:310 / Root(00) para top(01)
Mensaje * / 00:00:04:310 / top(01) para ue2(02)
Mensaje D / 00:00:04:310 / ue2(02) / 00:00:00:050 para top(01)
Mensaje D / 00:00:04:310 / top(01) / 00:00:00:050 para Root(00)
Mensaje * / 00:00:04:360 / Root(00) para top(01)
Mensaje * / 00:00:04:360 / top(01) para ue2(02)
Mensaje Y / 00:00:04:360 / ue2(02) / out / 230160.00000 para top(01)
Mensaje D / 00:00:04:360 / ue2(02) / 00:00:00:000 para top(01)
Mensaje Y / 00:00:04:360 / top(01) / out / 230160.00000 para Root(00)
Mensaje D / 00:00:04:360 / top(01) / 00:00:00:000 para Root(00)
Mensaje * / 00:00:04:360 / Root(00) para top(01)
Mensaje * / 00:00:04:360 / top(01) para ue2(02)
Mensaje D / 00:00:04:360 / ue2(02) / 00:00:00:050 para top(01)
Mensaje D / 00:00:04:360 / top(01) / 00:00:00:050 para Root(00)
Mensaje * / 00:00:04:410 / Root(00) para top(01)
Mensaje * / 00:00:04:410 / top(01) para ue2(02)
Mensaje Y / 00:00:04:410 / ue2(02) / out / 230162.00000 para top(01)
Mensaje D / 00:00:04:410 / ue2(02) / 00:00:00:000 para top(01)
Mensaje Y / 00:00:04:410 / top(01) / out / 230162.00000 para Root(00)
Mensaje D / 00:00:04:410 / top(01) / 00:00:00:000 para Root(00)
Mensaje * / 00:00:04:410 / Root(00) para top(01)
Mensaje * / 00:00:04:410 / top(01) para ue2(02)
Mensaje D / 00:00:04:410 / ue2(02) / 00:00:00:050 para top(01)
Mensaje D / 00:00:04:410 / top(01) / 00:00:00:050 para Root(00)
Mensaje * / 00:00:04:460 / Root(00) para top(01)
Mensaje * / 00:00:04:460 / top(01) para ue2(02)
Mensaje Y / 00:00:04:460 / ue2(02) / out / 230164.00000 para top(01)
Mensaje D / 00:00:04:460 / ue2(02) / 00:00:00:000 para top(01)
Mensaje Y / 00:00:04:460 / top(01) / out / 230164.00000 para Root(00)
Mensaje D / 00:00:04:460 / top(01) / 00:00:00:000 para Root(00)
Mensaje * / 00:00:04:460 / Root(00) para top(01)
Mensaje * / 00:00:04:460 / top(01) para ue2(02)
Mensaje D / 00:00:04:460 / ue2(02) / 00:00:00:050 para top(01)
Mensaje D / 00:00:04:460 / top(01) / 00:00:00:050 para Root(00)
Mensaje * / 00:00:04:510 / Root(00) para top(01)
Mensaje * / 00:00:04:510 / top(01) para ue2(02)
Mensaje Y / 00:00:04:510 / ue2(02) / out / 230166.00000 para top(01)
Mensaje D / 00:00:04:510 / ue2(02) / 00:00:00:000 para top(01)
Mensaje Y / 00:00:04:510 / top(01) / out / 230166.00000 para Root(00)
Mensaje D / 00:00:04:510 / top(01) / 00:00:00:000 para Root(00)
Mensaje * / 00:00:04:510 / Root(00) para top(01)
Mensaje * / 00:00:04:510 / top(01) para ue2(02)
Mensaje D / 00:00:04:510 / ue2(02) / 00:00:00:050 para top(01)
Mensaje D / 00:00:04:510 / top(01) / 00:00:00:050 para Root(00)
Mensaje * / 00:00:04:560 / Root(00) para top(01)
Mensaje * / 00:00:04:560 / top(01) para ue2(02)
Mensaje Y / 00:00:04:560 / ue2(02) / out / 230168.00000 para top(01)
Mensaje D / 00:00:04:560 / ue2(02) / 00:00:00:000 para top(01)
Mensaje Y / 00:00:04:560 / top(01) / out / 230168.00000 para Root(00)
Mensaje D / 00:00:04:560 / top(01) / 00:00:00:000 para Root(00)
Mensaje * / 00:00:04:560 / Root(00) para top(01)
Mensaje * / 00:00:04:560 / top(01) para ue2(02)
Mensaje D / 00:00:04:560 / ue2(02) / 00:00:00:050 para top(01)
Mensaje D / 00:00:04:560 / top(01) / 00:00:00:050 para Root(00)
Mensaje * / 00:00:04:610 / Root(00) para top(01)
Mensaje * / 00:00:04:610 / top(01) para ue2(02)
Mensaje Y / 00:00:04:610 / ue2(02) / out / 230170.00000 para top(01)
Mensaje D / 00:00:04:610 / ue2(02) / 00:00:00:000 para top(01)
Mensaje Y / 00:00:04:610 / top(01) / out / 230170.00000 para Root(00)
Mensaje D / 00:00:04:610 / top(01) / 00:00:00:000 para Root(00)
Mensaje * / 00:00:04:610 / Root(00) para top(01)
Mensaje * / 00:00:04:610 / top(01) para ue2(02)
Mensaje D / 00:00:04:610 / ue2(02) / 00:00:00:050 para top(01)
Mensaje D / 00:00:04:610 / top(01) / 00:00:00:050 para Root(00)
Mensaje * / 00:00:04:660 / Root(00) para top(01)
Mensaje * / 00:00:04:660 / top(01) para ue2(02)
Mensaje Y / 00:00:04:660 / ue2(02) / out / 230172.00000 para top(01)
Mensaje D / 00:00:04:660 / ue2(02) / 00:00:00:000 para top(01)
Mensaje Y / 00:00:04:660 / top(01) / out / 230172.00000 para Root(00)
Mensaje D / 00:00:04:660 / top(01) / 00:00:00:000 para Root(00)
Mensaje * / 00:00:04:660 / Root(00) para top(01)
Mensaje * / 00:00:04:660 / top(01) para ue2(02)
Mensaje D / 00:00:04:660 / ue2(02) / 00:00:00:050 para top(01)
Mensaje D / 00:00:04:660 / top(01) / 00:00:00:050 para Root(00)
Mensaje * / 00:00:04:710 / Root(00) para top(01)
Mensaje * / 00:00:04:710 / top(01) para ue2(02)
Mensaje Y / 00:00:04:710 / ue2(02) / out / 230174.00000 para top(01)
Mensaje D / 00:00:04:710 / ue2(02) / 00:00:00:000 para top(01)
Mensaje Y / 00:00:04:710 / top(01) / out / 230174.00000 para Root(00)
Mensaje D / 00:00:04:710 / top(01) / 00:00:00:000 para Root(00)
Mensaje * / 00:00:04:710 / Root(00) para top(01)
Mensaje * / 00:00:04:710 / top(01) para ue2(02)
Mensaje D / 00:00:04:710 / ue2(02) / 00:00:00:050 para top(01)
Mensaje D / 00:00:04:710 / top(01) / 00:00:00:050 para Root(00)
Mensaje * / 00:00:04:760 / Root(00) para top(01)
Mensaje * / 00:00:04:760 / top(01) para ue2(02)
Mensaje Y / 00:00:04:760 / ue2(02) / out / 230176.00000 para top(01)
Mensaje D / 00:00:04:760 / ue2(02) / 00:00:00:000 para top(01)
Mensaje Y / 00:00:04:760 / top(01) / out / 230176.00000 para Root(00)
Mensaje D / 00:00:04:760 / top(01) / 00:00:00:000 para Root(00)
Mensaje * / 00:00:04:760 / Root(00) para top(01)
Mensaje * / 00:00:04:760 / top(01) para ue2(02)
Mensaje D / 00:00:04:760 / ue2(02) / 00:00:00:050 para top(01)
Mensaje D / 00:00:04:760 / top(01) / 00:00:00:050 para Root(00)
Mensaje * / 00:00:04:810 / Root(00) para top(01)
Mensaje * / 00:00:04:810 / top(01) para ue2(02)
Mensaje Y / 00:00:04:810 / ue2(02) / out / 230178.00000 para top(01)
Mensaje D / 00:00:04:810 / ue2(02) / 00:00:00:000 para top(01)
Mensaje Y / 00:00:04:810 / top(01) / out / 230178.00000 para Root(00)
Mensaje D / 00:00:04:810 / top(01) / 00:00:00:000 para Root(00)
Mensaje * / 00:00:04:810 / Root(00) para top(01)
Mensaje * / 00:00:04:810 / top(01) para ue2(02)
Mensaje D / 00:00:04:810 / ue2(02) / 00:00:00:050 para top(01)
Mensaje D / 00:00:04:810 / top(01) / 00:00:00:050 para Root(00)
Mensaje * / 00:00:04:860 / Root(00) para top(01)
Mensaje * / 00:00:04:860 / top(01) para ue2(02)
Mensaje Y / 00:00:04:860 / ue2(02) / out / 230180.00000 para top(01)
Mensaje D / 00:00:04:860 / ue2(02) / 00:00:00:000 para top(01)
Mensaje Y / 00:00:04:860 / top(01) / out / 230180.00000 para Root(00)
Mensaje D / 00:00:04:860 / top(01) / 00:00:00:000 para Root(00)
Mensaje * / 00:00:04:860 / Root(00) para top(01)
Mensaje * / 00:00:04:860 / top(01) para ue2(02)
Mensaje D / 00:00:04:860 / ue2(02) / 00:00:00:050 para top(01)
Mensaje D / 00:00:04:860 / top(01) / 00:00:00:050 para Root(00)
Mensaje * / 00:00:04:910 / Root(00) para top(01)
Mensaje * / 00:00:04:910 / top(01) para ue2(02)
Mensaje Y / 00:00:04:910 / ue2(02) / out / 230182.00000 para top(01)
Mensaje D / 00:00:04:910 / ue2(02) / 00:00:00:000 para top(01)
Mensaje Y / 00:00:04:910 / top(01) / out / 230182.00000 para Root(00)
Mensaje D / 00:00:04:910 / top(01) / 00:00:00:000 para Root(00)
Mensaje * / 00:00:04:910 / Root(00) para top(01)
Mensaje * / 00:00:04:910 / top(01) para ue2(02)
Mensaje D / 00:00:04:910 / ue2(02) / 00:00:00:050 para top(01)
Mensaje D / 00:00:04:910 / top(01) / 00:00:00:050 para Root(00)
Mensaje * / 00:00:04:960 / Root(00) para top(01)
Mensaje * / 00:00:04:960 / top(01) para ue2(02)
Mensaje Y / 00:00:04:960 / ue2(02) / out / 230184.00000 para top(01)
Mensaje D / 00:00:04:960 / ue2(02) / 00:00:00:000 para top(01)
Mensaje Y / 00:00:04:960 / top(01) / out / 230184.00000 para Root(00)
Mensaje D / 00:00:04:960 / top(01) / 00:00:00:000 para Root(00)
Mensaje * / 00:00:04:960 / Root(00) para top(01)
Mensaje * / 00:00:04:960 / top(01) para ue2(02)
Mensaje D / 00:00:04:960 / ue2(02) / 00:00:00:050 para top(01)
Mensaje D / 00:00:04:960 / top(01) / 00:00:00:050 para Root(00)
