Mensaje I / 00:00:00:000 / Root(00) para top(01)
Mensaje I / 00:00:00:000 / top(01) para bs3port1(02)
Mensaje D / 00:00:00:000 / bs3port1(02) / ... para top(01)
Mensaje D / 00:00:00:000 / top(01) / ... para Root(00)
Mensaje X / 00:00:00:025 / Root(00) / in2 / 910000.00000 para top(01)
Mensaje X / 00:00:00:025 / top(01) / in2 / 910000.00000 para bs3port1(02)
Mensaje D / 00:00:00:025 / bs3port1(02) / 00:00:00:010 para top(01)
Mensaje D / 00:00:00:025 / top(01) / 00:00:00:010 para Root(00)
Mensaje * / 00:00:00:035 / Root(00) para top(01)
Mensaje * / 00:00:00:035 / top(01) para bs3port1(02)
Mensaje Y / 00:00:00:035 / bs3port1(02) / out1 / 910000.00000 para top(01)
Mensaje D / 00:00:00:035 / bs3port1(02) / ... para top(01)
Mensaje Y / 00:00:00:035 / top(01) / out1 / 910000.00000 para Root(00)
Mensaje D / 00:00:00:035 / top(01) / ... para Root(00)
Mensaje X / 00:00:00:040 / Root(00) / in2 / 910002.00000 para top(01)
Mensaje X / 00:00:00:040 / top(01) / in2 / 910002.00000 para bs3port1(02)
Mensaje D / 00:00:00:040 / bs3port1(02) / 00:00:00:010 para top(01)
Mensaje D / 00:00:00:040 / top(01) / 00:00:00:010 para Root(00)
Mensaje * / 00:00:00:050 / Root(00) para top(01)
Mensaje * / 00:00:00:050 / top(01) para bs3port1(02)
Mensaje Y / 00:00:00:050 / bs3port1(02) / out1 / 910002.00000 para top(01)
Mensaje D / 00:00:00:050 / bs3port1(02) / ... para top(01)
Mensaje Y / 00:00:00:050 / top(01) / out1 / 910002.00000 para Root(00)
Mensaje D / 00:00:00:050 / top(01) / ... para Root(00)
Mensaje X / 00:00:01:035 / Root(00) / in1 / 120006.00000 para top(01)
Mensaje X / 00:00:01:035 / top(01) / in1 / 120006.00000 para bs3port1(02)
Mensaje D / 00:00:01:035 / bs3port1(02) / 00:00:00:010 para top(01)
Mensaje D / 00:00:01:035 / top(01) / 00:00:00:010 para Root(00)
Mensaje * / 00:00:01:045 / Root(00) para top(01)
Mensaje * / 00:00:01:045 / top(01) para bs3port1(02)
Mensaje Y / 00:00:01:045 / bs3port1(02) / out3 / 120006.00000 para top(01)
Mensaje D / 00:00:01:045 / bs3port1(02) / ... para top(01)
Mensaje Y / 00:00:01:045 / top(01) / out3 / 120006.00000 para Root(00)
Mensaje D / 00:00:01:045 / top(01) / ... para Root(00)
Mensaje X / 00:00:01:055 / Root(00) / in3 / 120009.00000 para top(01)
Mensaje X / 00:00:01:055 / top(01) / in3 / 120009.00000 para bs3port1(02)
Mensaje D / 00:00:01:055 / bs3port1(02) / 00:00:00:010 para top(01)
Mensaje D / 00:00:01:055 / top(01) / 00:00:00:010 para Root(00)
Mensaje * / 00:00:01:065 / Root(00) para top(01)
Mensaje * / 00:00:01:065 / top(01) para bs3port1(02)
Mensaje Y / 00:00:01:065 / bs3port1(02) / out1 / 120009.00000 para top(01)
Mensaje D / 00:00:01:065 / bs3port1(02) / ... para top(01)
Mensaje Y / 00:00:01:065 / top(01) / out1 / 120009.00000 para Root(00)
Mensaje D / 00:00:01:065 / top(01) / ... para Root(00)
Mensaje X / 00:00:02:015 / Root(00) / in1 / 120016.00000 para top(01)
Mensaje X / 00:00:02:015 / top(01) / in1 / 120016.00000 para bs3port1(02)
Mensaje D / 00:00:02:015 / bs3port1(02) / 00:00:00:010 para top(01)
Mensaje D / 00:00:02:015 / top(01) / 00:00:00:010 para Root(00)
Mensaje * / 00:00:02:025 / Root(00) para top(01)
Mensaje * / 00:00:02:025 / top(01) para bs3port1(02)
Mensaje Y / 00:00:02:025 / bs3port1(02) / out3 / 120016.00000 para top(01)
Mensaje D / 00:00:02:025 / bs3port1(02) / ... para top(01)
Mensaje Y / 00:00:02:025 / top(01) / out3 / 120016.00000 para Root(00)
Mensaje D / 00:00:02:025 / top(01) / ... para Root(00)
Mensaje X / 00:00:02:035 / Root(00) / in1 / 910013.00000 para top(01)
Mensaje X / 00:00:02:035 / top(01) / in1 / 910013.00000 para bs3port1(02)
Mensaje D / 00:00:02:035 / bs3port1(02) / 00:00:00:010 para top(01)
Mensaje D / 00:00:02:035 / top(01) / 00:00:00:010 para Root(00)
Mensaje * / 00:00:02:045 / Root(00) para top(01)
Mensaje * / 00:00:02:045 / top(01) para bs3port1(02)
Mensaje Y / 00:00:02:045 / bs3port1(02) / out2 / 910013.00000 para top(01)
Mensaje D / 00:00:02:045 / bs3port1(02) / ... para top(01)
Mensaje Y / 00:00:02:045 / top(01) / out2 / 910013.00000 para Root(00)
Mensaje D / 00:00:02:045 / top(01) / ... para Root(00)
Mensaje X / 00:00:03:015 / Root(00) / in1 / 120018.00000 para top(01)
Mensaje X / 00:00:03:015 / top(01) / in1 / 120018.00000 para bs3port1(02)
Mensaje D / 00:00:03:015 / bs3port1(02) / 00:00:00:010 para top(01)
Mensaje D / 00:00:03:015 / top(01) / 00:00:00:010 para Root(00)
Mensaje * / 00:00:03:025 / Root(00) para top(01)
Mensaje * / 00:00:03:025 / top(01) para bs3port1(02)
Mensaje Y / 00:00:03:025 / bs3port1(02) / out3 / 120018.00000 para top(01)
Mensaje D / 00:00:03:025 / bs3port1(02) / ... para top(01)
Mensaje Y / 00:00:03:025 / top(01) / out3 / 120018.00000 para Root(00)
Mensaje D / 00:00:03:025 / top(01) / ... para Root(00)
Mensaje X / 00:00:03:035 / Root(00) / in3 / 120019.00000 para top(01)
Mensaje X / 00:00:03:035 / top(01) / in3 / 120019.00000 para bs3port1(02)
Mensaje D / 00:00:03:035 / bs3port1(02) / 00:00:00:010 para top(01)
Mensaje D / 00:00:03:035 / top(01) / 00:00:00:010 para Root(00)
Mensaje * / 00:00:03:045 / Root(00) para top(01)
Mensaje * / 00:00:03:045 / top(01) para bs3port1(02)
Mensaje Y / 00:00:03:045 / bs3port1(02) / out1 / 120019.00000 para top(01)
Mensaje D / 00:00:03:045 / bs3port1(02) / ... para top(01)
Mensaje Y / 00:00:03:045 / top(01) / out1 / 120019.00000 para Root(00)
Mensaje D / 00:00:03:045 / top(01) / ... para Root(00)
Mensaje X / 00:00:03:050 / Root(00) / in2 / 910020.00000 para top(01)
Mensaje X / 00:00:03:050 / top(01) / in2 / 910020.00000 para bs3port1(02)
Mensaje D / 00:00:03:050 / bs3port1(02) / 00:00:00:010 para top(01)
Mensaje D / 00:00:03:050 / top(01) / 00:00:00:010 para Root(00)
Mensaje * / 00:00:03:060 / Root(00) para top(01)
Mensaje * / 00:00:03:060 / top(01) para bs3port1(02)
Mensaje Y / 00:00:03:060 / bs3port1(02) / out1 / 910020.00000 para top(01)
Mensaje D / 00:00:03:060 / bs3port1(02) / ... para top(01)
Mensaje Y / 00:00:03:060 / top(01) / out1 / 910020.00000 para Root(00)
Mensaje D / 00:00:03:060 / top(01) / ... para Root(00)
